[1.583s] DEBUG:colcon:Command line arguments: ['/usr/bin/colcon', 'build', '--event-handlers', 'console_direct+', '--packages-select', 'drone_control']
[1.583s] DEBUG:colcon:Parsed command line arguments: Namespace(allow_overriding=[], ament_cmake_args=None, base_paths=['.'], build_base='build', catkin_cmake_args=None, catkin_skip_building_tests=False, cmake_args=None, cmake_clean_cache=False, cmake_clean_first=False, cmake_force_configure=False, cmake_target=None, cmake_target_skip_unavailable=False, continue_on_error=False, event_handlers=['console_direct+'], executor='parallel', ignore_user_meta=False, install_base='install', log_base=None, log_level=None, main=<bound method BuildVerb.main of <colcon_core.verb.build.BuildVerb object at 0x7f8f8dede670>>, merge_install=False, metas=['./colcon.meta'], packages_above=None, packages_above_and_dependencies=None, packages_above_depth=None, packages_end=None, packages_ignore=None, packages_ignore_regex=None, packages_select=['drone_control'], packages_select_build_failed=False, packages_select_by_dep=None, packages_select_regex=None, packages_select_test_failures=False, packages_skip=None, packages_skip_build_finished=False, packages_skip_by_dep=None, packages_skip_regex=None, packages_skip_test_passed=False, packages_skip_up_to=None, packages_start=None, packages_up_to=None, packages_up_to_regex=None, parallel_workers=4, paths=None, symlink_install=False, test_result_base=None, verb_extension=<colcon_core.verb.build.BuildVerb object at 0x7f8f8dede670>, verb_name='build', verb_parser=<colcon_defaults.argument_parser.defaults.DefaultArgumentsDecorator object at 0x7f8f8dede160>)
[1.631s] Level 1:colcon.colcon_core.package_discovery:discover_packages(colcon_meta) check parameters
[1.631s] Level 1:colcon.colcon_core.package_discovery:discover_packages(recursive) check parameters
[1.631s] Level 1:colcon.colcon_core.package_discovery:discover_packages(ignore) check parameters
[1.631s] Level 1:colcon.colcon_core.package_discovery:discover_packages(path) check parameters
[1.631s] Level 1:colcon.colcon_core.package_discovery:discover_packages(colcon_meta) discover
[1.632s] Level 1:colcon.colcon_core.package_discovery:discover_packages(recursive) discover
[1.632s] INFO:colcon.colcon_core.package_discovery:Crawling recursively for packages in '/home/khuluq/hayago_ws'
[1.632s] Level 1:colcon.colcon_core.package_identification:_identify(.) by extensions ['ignore', 'ignore_ament_install']
[1.632s] Level 1:colcon.colcon_core.package_identification:_identify(.) by extension 'ignore'
[1.633s] Level 1:colcon.colcon_core.package_identification:_identify(.) by extension 'ignore_ament_install'
[1.633s] Level 1:colcon.colcon_core.package_identification:_identify(.) by extensions ['colcon_pkg']
[1.633s] Level 1:colcon.colcon_core.package_identification:_identify(.) by extension 'colcon_pkg'
[1.633s] Level 1:colcon.colcon_core.package_identification:_identify(.) by extensions ['colcon_meta']
[1.633s] Level 1:colcon.colcon_core.package_identification:_identify(.) by extension 'colcon_meta'
[1.634s] Level 1:colcon.colcon_core.package_identification:_identify(.) by extensions ['ros']
[1.634s] Level 1:colcon.colcon_core.package_identification:_identify(.) by extension 'ros'
[1.656s] Level 1:colcon.colcon_core.package_identification:_identify(.) by extensions ['cmake', 'python']
[1.657s] Level 1:colcon.colcon_core.package_identification:_identify(.) by extension 'cmake'
[1.657s] Level 1:colcon.colcon_core.package_identification:_identify(.) by extension 'python'
[1.657s] Level 1:colcon.colcon_core.package_identification:_identify(.) by extensions ['python_setup_py']
[1.657s] Level 1:colcon.colcon_core.package_identification:_identify(.) by extension 'python_setup_py'
[1.658s] Level 1:colcon.colcon_core.package_identification:_identify(build) by extensions ['ignore', 'ignore_ament_install']
[1.658s] Level 1:colcon.colcon_core.package_identification:_identify(build) by extension 'ignore'
[1.658s] Level 1:colcon.colcon_core.package_identification:_identify(build) ignored
[1.659s] Level 1:colcon.colcon_core.package_identification:_identify(install) by extensions ['ignore', 'ignore_ament_install']
[1.659s] Level 1:colcon.colcon_core.package_identification:_identify(install) by extension 'ignore'
[1.659s] Level 1:colcon.colcon_core.package_identification:_identify(install) ignored
[1.660s] Level 1:colcon.colcon_core.package_identification:_identify(log) by extensions ['ignore', 'ignore_ament_install']
[1.660s] Level 1:colcon.colcon_core.package_identification:_identify(log) by extension 'ignore'
[1.661s] Level 1:colcon.colcon_core.package_identification:_identify(log) ignored
[1.661s] Level 1:colcon.colcon_core.package_identification:_identify(src) by extensions ['ignore', 'ignore_ament_install']
[1.661s] Level 1:colcon.colcon_core.package_identification:_identify(src) by extension 'ignore'
[1.662s] Level 1:colcon.colcon_core.package_identification:_identify(src) by extension 'ignore_ament_install'
[1.662s] Level 1:colcon.colcon_core.package_identification:_identify(src) by extensions ['colcon_pkg']
[1.662s] Level 1:colcon.colcon_core.package_identification:_identify(src) by extension 'colcon_pkg'
[1.662s] Level 1:colcon.colcon_core.package_identification:_identify(src) by extensions ['colcon_meta']
[1.662s] Level 1:colcon.colcon_core.package_identification:_identify(src) by extension 'colcon_meta'
[1.662s] Level 1:colcon.colcon_core.package_identification:_identify(src) by extensions ['ros']
[1.663s] Level 1:colcon.colcon_core.package_identification:_identify(src) by extension 'ros'
[1.663s] Level 1:colcon.colcon_core.package_identification:_identify(src) by extensions ['cmake', 'python']
[1.663s] Level 1:colcon.colcon_core.package_identification:_identify(src) by extension 'cmake'
[1.663s] Level 1:colcon.colcon_core.package_identification:_identify(src) by extension 'python'
[1.663s] Level 1:colcon.colcon_core.package_identification:_identify(src) by extensions ['python_setup_py']
[1.664s] Level 1:colcon.colcon_core.package_identification:_identify(src) by extension 'python_setup_py'
[1.664s] Level 1:colcon.colcon_core.package_identification:_identify(src/drone_control) by extensions ['ignore', 'ignore_ament_install']
[1.664s] Level 1:colcon.colcon_core.package_identification:_identify(src/drone_control) by extension 'ignore'
[1.664s] Level 1:colcon.colcon_core.package_identification:_identify(src/drone_control) by extension 'ignore_ament_install'
[1.665s] Level 1:colcon.colcon_core.package_identification:_identify(src/drone_control) by extensions ['colcon_pkg']
[1.665s] Level 1:colcon.colcon_core.package_identification:_identify(src/drone_control) by extension 'colcon_pkg'
[1.665s] Level 1:colcon.colcon_core.package_identification:_identify(src/drone_control) by extensions ['colcon_meta']
[1.665s] Level 1:colcon.colcon_core.package_identification:_identify(src/drone_control) by extension 'colcon_meta'
[1.665s] Level 1:colcon.colcon_core.package_identification:_identify(src/drone_control) by extensions ['ros']
[1.665s] Level 1:colcon.colcon_core.package_identification:_identify(src/drone_control) by extension 'ros'
[1.672s] DEBUG:colcon.colcon_core.package_identification:Package 'src/drone_control' with type 'ros.ament_cmake' and name 'drone_control'
[1.672s] Level 1:colcon.colcon_core.package_discovery:discover_packages(recursive) using defaults
[1.672s] Level 1:colcon.colcon_core.package_discovery:discover_packages(ignore) discover
[1.672s] Level 1:colcon.colcon_core.package_discovery:discover_packages(ignore) using defaults
[1.672s] Level 1:colcon.colcon_core.package_discovery:discover_packages(path) discover
[1.672s] Level 1:colcon.colcon_core.package_discovery:discover_packages(path) using defaults
[1.724s] Level 1:colcon.colcon_core.package_discovery:discover_packages(prefix_path) check parameters
[1.724s] Level 1:colcon.colcon_core.package_discovery:discover_packages(prefix_path) discover
[1.732s] DEBUG:colcon.colcon_installed_package_information.package_discovery:Found 1 installed packages in /home/khuluq/drone_delivery_ws/install
[1.737s] DEBUG:colcon.colcon_installed_package_information.package_discovery:Found 5 installed packages in /home/khuluq/ros2_ws/install
[1.741s] DEBUG:colcon.colcon_installed_package_information.package_discovery:Found 6 installed packages in /home/khuluq/tello_ros_ws/install
[1.747s] DEBUG:colcon.colcon_installed_package_information.package_discovery:Found 296 installed packages in /opt/ros/foxy
[1.750s] Level 1:colcon.colcon_core.package_discovery:discover_packages(prefix_path) using defaults
[1.965s] Level 5:colcon.colcon_core.verb:set package 'drone_control' build argument 'cmake_args' from command line to 'None'
[1.965s] Level 5:colcon.colcon_core.verb:set package 'drone_control' build argument 'cmake_target' from command line to 'None'
[1.965s] Level 5:colcon.colcon_core.verb:set package 'drone_control' build argument 'cmake_target_skip_unavailable' from command line to 'False'
[1.965s] Level 5:colcon.colcon_core.verb:set package 'drone_control' build argument 'cmake_clean_cache' from command line to 'False'
[1.965s] Level 5:colcon.colcon_core.verb:set package 'drone_control' build argument 'cmake_clean_first' from command line to 'False'
[1.965s] Level 5:colcon.colcon_core.verb:set package 'drone_control' build argument 'cmake_force_configure' from command line to 'False'
[1.966s] Level 5:colcon.colcon_core.verb:set package 'drone_control' build argument 'ament_cmake_args' from command line to 'None'
[1.966s] Level 5:colcon.colcon_core.verb:set package 'drone_control' build argument 'catkin_cmake_args' from command line to 'None'
[1.966s] Level 5:colcon.colcon_core.verb:set package 'drone_control' build argument 'catkin_skip_building_tests' from command line to 'False'
[1.966s] DEBUG:colcon.colcon_core.verb:Building package 'drone_control' with the following arguments: {'ament_cmake_args': None, 'build_base': '/home/khuluq/hayago_ws/build/drone_control', 'catkin_cmake_args': None, 'catkin_skip_building_tests': False, 'cmake_args': None, 'cmake_clean_cache': False, 'cmake_clean_first': False, 'cmake_force_configure': False, 'cmake_target': None, 'cmake_target_skip_unavailable': False, 'install_base': '/home/khuluq/hayago_ws/install/drone_control', 'merge_install': False, 'path': '/home/khuluq/hayago_ws/src/drone_control', 'symlink_install': False, 'test_result_base': None}
[1.969s] INFO:colcon.colcon_core.executor:Executing jobs using 'parallel' executor
[1.976s] DEBUG:colcon.colcon_parallel_executor.executor.parallel:run_until_complete
[1.977s] INFO:colcon.colcon_ros.task.ament_cmake.build:Building ROS package in '/home/khuluq/hayago_ws/src/drone_control' with build type 'ament_cmake'
[1.978s] INFO:colcon.colcon_cmake.task.cmake.build:Building CMake package in '/home/khuluq/hayago_ws/src/drone_control'
[1.989s] INFO:colcon.colcon_core.plugin_system:Skipping extension 'colcon_core.shell.bat': Not used on non-Windows systems
[1.990s] INFO:colcon.colcon_core.shell:Skip shell extension 'powershell' for command environment: Not usable outside of PowerShell
[1.990s] DEBUG:colcon.colcon_core.shell:Skip shell extension 'dsv' for command environment
[2.035s] DEBUG:colcon.colcon_core.event_handler.log_command:Invoking command in '/home/khuluq/hayago_ws/build/drone_control': CMAKE_PREFIX_PATH=${CMAKE_PREFIX_PATH}:/home/khuluq/drone_delivery_ws/install/delivery:/opt/ros/foxy /usr/bin/cmake --build /home/khuluq/hayago_ws/build/drone_control -- -j4 -l4
[6.578s] DEBUG:colcon.colcon_core.event_handler.log_command:Invoked command in '/home/khuluq/hayago_ws/build/drone_control' returned '0': CMAKE_PREFIX_PATH=${CMAKE_PREFIX_PATH}:/home/khuluq/drone_delivery_ws/install/delivery:/opt/ros/foxy /usr/bin/cmake --build /home/khuluq/hayago_ws/build/drone_control -- -j4 -l4
[6.809s] DEBUG:colcon.colcon_core.event_handler.log_command:Invoking command in '/home/khuluq/hayago_ws/build/drone_control': CMAKE_PREFIX_PATH=${CMAKE_PREFIX_PATH}:/home/khuluq/drone_delivery_ws/install/delivery:/opt/ros/foxy /usr/bin/cmake --install /home/khuluq/hayago_ws/build/drone_control
[7.038s] Level 1:colcon.colcon_core.environment:create_environment_scripts_only(drone_control)
[7.056s] DEBUG:colcon.colcon_core.event_handler.log_command:Invoked command in '/home/khuluq/hayago_ws/build/drone_control' returned '0': CMAKE_PREFIX_PATH=${CMAKE_PREFIX_PATH}:/home/khuluq/drone_delivery_ws/install/delivery:/opt/ros/foxy /usr/bin/cmake --install /home/khuluq/hayago_ws/build/drone_control
[7.069s] Level 1:colcon.colcon_core.environment:checking '/home/khuluq/hayago_ws/install/drone_control' for CMake module files
[7.072s] Level 1:colcon.colcon_core.environment:checking '/home/khuluq/hayago_ws/install/drone_control' for CMake config files
[7.073s] Level 1:colcon.colcon_core.shell:create_environment_hook('drone_control', 'cmake_prefix_path')
[7.080s] INFO:colcon.colcon_core.shell:Creating environment hook '/home/khuluq/hayago_ws/install/drone_control/share/drone_control/hook/cmake_prefix_path.ps1'
[7.084s] INFO:colcon.colcon_core.shell:Creating environment descriptor '/home/khuluq/hayago_ws/install/drone_control/share/drone_control/hook/cmake_prefix_path.dsv'
[7.088s] INFO:colcon.colcon_core.shell:Creating environment hook '/home/khuluq/hayago_ws/install/drone_control/share/drone_control/hook/cmake_prefix_path.sh'
[7.094s] Level 1:colcon.colcon_core.environment:checking '/home/khuluq/hayago_ws/install/drone_control/lib'
[7.094s] Level 1:colcon.colcon_core.environment:checking '/home/khuluq/hayago_ws/install/drone_control/bin'
[7.094s] Level 1:colcon.colcon_core.environment:checking '/home/khuluq/hayago_ws/install/drone_control/lib/pkgconfig/drone_control.pc'
[7.096s] Level 1:colcon.colcon_core.environment:checking '/home/khuluq/hayago_ws/install/drone_control/lib/python3.8/site-packages'
[7.097s] Level 1:colcon.colcon_core.environment:checking '/home/khuluq/hayago_ws/install/drone_control/bin'
[7.104s] INFO:colcon.colcon_core.shell:Creating package script '/home/khuluq/hayago_ws/install/drone_control/share/drone_control/package.ps1'
[7.108s] INFO:colcon.colcon_core.shell:Creating package descriptor '/home/khuluq/hayago_ws/install/drone_control/share/drone_control/package.dsv'
[7.112s] INFO:colcon.colcon_core.shell:Creating package script '/home/khuluq/hayago_ws/install/drone_control/share/drone_control/package.sh'
[7.118s] INFO:colcon.colcon_core.shell:Creating package script '/home/khuluq/hayago_ws/install/drone_control/share/drone_control/package.bash'
[7.126s] INFO:colcon.colcon_core.shell:Creating package script '/home/khuluq/hayago_ws/install/drone_control/share/drone_control/package.zsh'
[7.129s] Level 1:colcon.colcon_core.environment:create_file_with_runtime_dependencies(/home/khuluq/hayago_ws/install/drone_control/share/colcon-core/packages/drone_control)
[7.311s] Level 1:colcon.colcon_core.environment:create_environment_scripts_only(drone_control)
[7.326s] Level 1:colcon.colcon_core.environment:checking '/home/khuluq/hayago_ws/install/drone_control' for CMake module files
[7.331s] Level 1:colcon.colcon_core.environment:checking '/home/khuluq/hayago_ws/install/drone_control' for CMake config files
[7.332s] Level 1:colcon.colcon_core.shell:create_environment_hook('drone_control', 'cmake_prefix_path')
[7.337s] INFO:colcon.colcon_core.shell:Creating environment hook '/home/khuluq/hayago_ws/install/drone_control/share/drone_control/hook/cmake_prefix_path.ps1'
[7.339s] INFO:colcon.colcon_core.shell:Creating environment descriptor '/home/khuluq/hayago_ws/install/drone_control/share/drone_control/hook/cmake_prefix_path.dsv'
[7.340s] INFO:colcon.colcon_core.shell:Creating environment hook '/home/khuluq/hayago_ws/install/drone_control/share/drone_control/hook/cmake_prefix_path.sh'
[7.342s] Level 1:colcon.colcon_core.environment:checking '/home/khuluq/hayago_ws/install/drone_control/lib'
[7.342s] Level 1:colcon.colcon_core.environment:checking '/home/khuluq/hayago_ws/install/drone_control/bin'
[7.342s] Level 1:colcon.colcon_core.environment:checking '/home/khuluq/hayago_ws/install/drone_control/lib/pkgconfig/drone_control.pc'
[7.343s] Level 1:colcon.colcon_core.environment:checking '/home/khuluq/hayago_ws/install/drone_control/lib/python3.8/site-packages'
[7.344s] Level 1:colcon.colcon_core.environment:checking '/home/khuluq/hayago_ws/install/drone_control/bin'
[7.349s] INFO:colcon.colcon_core.shell:Creating package script '/home/khuluq/hayago_ws/install/drone_control/share/drone_control/package.ps1'
[7.351s] INFO:colcon.colcon_core.shell:Creating package descriptor '/home/khuluq/hayago_ws/install/drone_control/share/drone_control/package.dsv'
[7.353s] INFO:colcon.colcon_core.shell:Creating package script '/home/khuluq/hayago_ws/install/drone_control/share/drone_control/package.sh'
[7.355s] INFO:colcon.colcon_core.shell:Creating package script '/home/khuluq/hayago_ws/install/drone_control/share/drone_control/package.bash'
[7.357s] INFO:colcon.colcon_core.shell:Creating package script '/home/khuluq/hayago_ws/install/drone_control/share/drone_control/package.zsh'
[7.359s] Level 1:colcon.colcon_core.environment:create_file_with_runtime_dependencies(/home/khuluq/hayago_ws/install/drone_control/share/colcon-core/packages/drone_control)
[7.361s] DEBUG:colcon.colcon_parallel_executor.executor.parallel:closing loop
[7.362s] DEBUG:colcon.colcon_parallel_executor.executor.parallel:loop closed
[7.362s] DEBUG:colcon.colcon_parallel_executor.executor.parallel:run_until_complete finished with '0'
[7.362s] DEBUG:colcon.colcon_core.event_reactor:joining thread
[7.378s] INFO:colcon.colcon_core.plugin_system:Skipping extension 'colcon_notification.desktop_notification.terminal_notifier': Not used on non-Darwin systems
[7.379s] INFO:colcon.colcon_core.plugin_system:Skipping extension 'colcon_notification.desktop_notification.win32': Not used on non-Windows systems
[7.381s] INFO:colcon.colcon_notification.desktop_notification:Sending desktop notification using 'notify2'
[7.448s] DEBUG:colcon.colcon_core.event_reactor:joined thread
[7.453s] INFO:colcon.colcon_core.shell:Creating prefix script '/home/khuluq/hayago_ws/install/local_setup.ps1'
[7.456s] INFO:colcon.colcon_core.shell:Creating prefix util module '/home/khuluq/hayago_ws/install/_local_setup_util_ps1.py'
[7.461s] INFO:colcon.colcon_core.shell:Creating prefix chain script '/home/khuluq/hayago_ws/install/setup.ps1'
[7.474s] INFO:colcon.colcon_core.shell:Creating prefix script '/home/khuluq/hayago_ws/install/local_setup.sh'
[7.476s] INFO:colcon.colcon_core.shell:Creating prefix util module '/home/khuluq/hayago_ws/install/_local_setup_util_sh.py'
[7.479s] INFO:colcon.colcon_core.shell:Creating prefix chain script '/home/khuluq/hayago_ws/install/setup.sh'
[7.487s] INFO:colcon.colcon_core.shell:Creating prefix script '/home/khuluq/hayago_ws/install/local_setup.bash'
[7.496s] INFO:colcon.colcon_core.shell:Creating prefix chain script '/home/khuluq/hayago_ws/install/setup.bash'
[7.503s] INFO:colcon.colcon_core.shell:Creating prefix script '/home/khuluq/hayago_ws/install/local_setup.zsh'
[7.505s] INFO:colcon.colcon_core.shell:Creating prefix chain script '/home/khuluq/hayago_ws/install/setup.zsh'
