[1.304s] DEBUG:colcon:Command line arguments: ['/usr/bin/colcon', 'build']
[1.304s] DEBUG:colcon:Parsed command line arguments: Namespace(allow_overriding=[], ament_cmake_args=None, base_paths=['.'], build_base='build', catkin_cmake_args=None, catkin_skip_building_tests=False, cmake_args=None, cmake_clean_cache=False, cmake_clean_first=False, cmake_force_configure=False, cmake_target=None, cmake_target_skip_unavailable=False, continue_on_error=False, event_handlers=None, executor='parallel', ignore_user_meta=False, install_base='install', log_base=None, log_level=None, main=<bound method BuildVerb.main of <colcon_core.verb.build.BuildVerb object at 0x7f3ccb5432e0>>, merge_install=False, metas=['./colcon.meta'], packages_above=None, packages_above_and_dependencies=None, packages_above_depth=None, packages_end=None, packages_ignore=None, packages_ignore_regex=None, packages_select=None, packages_select_build_failed=False, packages_select_by_dep=None, packages_select_regex=None, packages_select_test_failures=False, packages_skip=None, packages_skip_build_finished=False, packages_skip_by_dep=None, packages_skip_regex=None, packages_skip_test_passed=False, packages_skip_up_to=None, packages_start=None, packages_up_to=None, packages_up_to_regex=None, parallel_workers=4, paths=None, symlink_install=False, test_result_base=None, verb_extension=<colcon_core.verb.build.BuildVerb object at 0x7f3ccb5432e0>, verb_name='build', verb_parser=<colcon_defaults.argument_parser.defaults.DefaultArgumentsDecorator object at 0x7f3ccb543f70>)
[1.354s] Level 1:colcon.colcon_core.package_discovery:discover_packages(colcon_meta) check parameters
[1.355s] Level 1:colcon.colcon_core.package_discovery:discover_packages(recursive) check parameters
[1.355s] Level 1:colcon.colcon_core.package_discovery:discover_packages(ignore) check parameters
[1.355s] Level 1:colcon.colcon_core.package_discovery:discover_packages(path) check parameters
[1.355s] Level 1:colcon.colcon_core.package_discovery:discover_packages(colcon_meta) discover
[1.355s] Level 1:colcon.colcon_core.package_discovery:discover_packages(recursive) discover
[1.355s] INFO:colcon.colcon_core.package_discovery:Crawling recursively for packages in '/home/khuluq/hayago_ws'
[1.355s] Level 1:colcon.colcon_core.package_identification:_identify(.) by extensions ['ignore', 'ignore_ament_install']
[1.356s] Level 1:colcon.colcon_core.package_identification:_identify(.) by extension 'ignore'
[1.356s] Level 1:colcon.colcon_core.package_identification:_identify(.) by extension 'ignore_ament_install'
[1.356s] Level 1:colcon.colcon_core.package_identification:_identify(.) by extensions ['colcon_pkg']
[1.356s] Level 1:colcon.colcon_core.package_identification:_identify(.) by extension 'colcon_pkg'
[1.356s] Level 1:colcon.colcon_core.package_identification:_identify(.) by extensions ['colcon_meta']
[1.356s] Level 1:colcon.colcon_core.package_identification:_identify(.) by extension 'colcon_meta'
[1.356s] Level 1:colcon.colcon_core.package_identification:_identify(.) by extensions ['ros']
[1.356s] Level 1:colcon.colcon_core.package_identification:_identify(.) by extension 'ros'
[1.379s] Level 1:colcon.colcon_core.package_identification:_identify(.) by extensions ['cmake', 'python']
[1.379s] Level 1:colcon.colcon_core.package_identification:_identify(.) by extension 'cmake'
[1.380s] Level 1:colcon.colcon_core.package_identification:_identify(.) by extension 'python'
[1.380s] Level 1:colcon.colcon_core.package_identification:_identify(.) by extensions ['python_setup_py']
[1.380s] Level 1:colcon.colcon_core.package_identification:_identify(.) by extension 'python_setup_py'
[1.380s] Level 1:colcon.colcon_core.package_identification:_identify(build) by extensions ['ignore', 'ignore_ament_install']
[1.381s] Level 1:colcon.colcon_core.package_identification:_identify(build) by extension 'ignore'
[1.381s] Level 1:colcon.colcon_core.package_identification:_identify(build) ignored
[1.381s] Level 1:colcon.colcon_core.package_identification:_identify(install) by extensions ['ignore', 'ignore_ament_install']
[1.382s] Level 1:colcon.colcon_core.package_identification:_identify(install) by extension 'ignore'
[1.382s] Level 1:colcon.colcon_core.package_identification:_identify(install) ignored
[1.382s] Level 1:colcon.colcon_core.package_identification:_identify(log) by extensions ['ignore', 'ignore_ament_install']
[1.382s] Level 1:colcon.colcon_core.package_identification:_identify(log) by extension 'ignore'
[1.383s] Level 1:colcon.colcon_core.package_identification:_identify(log) ignored
[1.383s] Level 1:colcon.colcon_core.package_identification:_identify(src) by extensions ['ignore', 'ignore_ament_install']
[1.383s] Level 1:colcon.colcon_core.package_identification:_identify(src) by extension 'ignore'
[1.383s] Level 1:colcon.colcon_core.package_identification:_identify(src) by extension 'ignore_ament_install'
[1.383s] Level 1:colcon.colcon_core.package_identification:_identify(src) by extensions ['colcon_pkg']
[1.384s] Level 1:colcon.colcon_core.package_identification:_identify(src) by extension 'colcon_pkg'
[1.384s] Level 1:colcon.colcon_core.package_identification:_identify(src) by extensions ['colcon_meta']
[1.384s] Level 1:colcon.colcon_core.package_identification:_identify(src) by extension 'colcon_meta'
[1.384s] Level 1:colcon.colcon_core.package_identification:_identify(src) by extensions ['ros']
[1.384s] Level 1:colcon.colcon_core.package_identification:_identify(src) by extension 'ros'
[1.384s] Level 1:colcon.colcon_core.package_identification:_identify(src) by extensions ['cmake', 'python']
[1.384s] Level 1:colcon.colcon_core.package_identification:_identify(src) by extension 'cmake'
[1.384s] Level 1:colcon.colcon_core.package_identification:_identify(src) by extension 'python'
[1.385s] Level 1:colcon.colcon_core.package_identification:_identify(src) by extensions ['python_setup_py']
[1.385s] Level 1:colcon.colcon_core.package_identification:_identify(src) by extension 'python_setup_py'
[1.385s] Level 1:colcon.colcon_core.package_identification:_identify(src/drone_control) by extensions ['ignore', 'ignore_ament_install']
[1.385s] Level 1:colcon.colcon_core.package_identification:_identify(src/drone_control) by extension 'ignore'
[1.385s] Level 1:colcon.colcon_core.package_identification:_identify(src/drone_control) by extension 'ignore_ament_install'
[1.386s] Level 1:colcon.colcon_core.package_identification:_identify(src/drone_control) by extensions ['colcon_pkg']
[1.386s] Level 1:colcon.colcon_core.package_identification:_identify(src/drone_control) by extension 'colcon_pkg'
[1.386s] Level 1:colcon.colcon_core.package_identification:_identify(src/drone_control) by extensions ['colcon_meta']
[1.386s] Level 1:colcon.colcon_core.package_identification:_identify(src/drone_control) by extension 'colcon_meta'
[1.386s] Level 1:colcon.colcon_core.package_identification:_identify(src/drone_control) by extensions ['ros']
[1.386s] Level 1:colcon.colcon_core.package_identification:_identify(src/drone_control) by extension 'ros'
[1.392s] DEBUG:colcon.colcon_core.package_identification:Package 'src/drone_control' with type 'ros.ament_cmake' and name 'drone_control'
[1.393s] Level 1:colcon.colcon_core.package_identification:_identify(src/px4_msgs) by extensions ['ignore', 'ignore_ament_install']
[1.393s] Level 1:colcon.colcon_core.package_identification:_identify(src/px4_msgs) by extension 'ignore'
[1.393s] Level 1:colcon.colcon_core.package_identification:_identify(src/px4_msgs) by extension 'ignore_ament_install'
[1.393s] Level 1:colcon.colcon_core.package_identification:_identify(src/px4_msgs) by extensions ['colcon_pkg']
[1.393s] Level 1:colcon.colcon_core.package_identification:_identify(src/px4_msgs) by extension 'colcon_pkg'
[1.394s] Level 1:colcon.colcon_core.package_identification:_identify(src/px4_msgs) by extensions ['colcon_meta']
[1.394s] Level 1:colcon.colcon_core.package_identification:_identify(src/px4_msgs) by extension 'colcon_meta'
[1.394s] Level 1:colcon.colcon_core.package_identification:_identify(src/px4_msgs) by extensions ['ros']
[1.394s] Level 1:colcon.colcon_core.package_identification:_identify(src/px4_msgs) by extension 'ros'
[1.395s] DEBUG:colcon.colcon_core.package_identification:Package 'src/px4_msgs' with type 'ros.ament_cmake' and name 'px4_msgs'
[1.396s] Level 1:colcon.colcon_core.package_identification:_identify(src/px4_ros_com) by extensions ['ignore', 'ignore_ament_install']
[1.396s] Level 1:colcon.colcon_core.package_identification:_identify(src/px4_ros_com) by extension 'ignore'
[1.396s] Level 1:colcon.colcon_core.package_identification:_identify(src/px4_ros_com) by extension 'ignore_ament_install'
[1.396s] Level 1:colcon.colcon_core.package_identification:_identify(src/px4_ros_com) by extensions ['colcon_pkg']
[1.396s] Level 1:colcon.colcon_core.package_identification:_identify(src/px4_ros_com) by extension 'colcon_pkg'
[1.396s] Level 1:colcon.colcon_core.package_identification:_identify(src/px4_ros_com) by extensions ['colcon_meta']
[1.397s] Level 1:colcon.colcon_core.package_identification:_identify(src/px4_ros_com) by extension 'colcon_meta'
[1.397s] Level 1:colcon.colcon_core.package_identification:_identify(src/px4_ros_com) by extensions ['ros']
[1.397s] Level 1:colcon.colcon_core.package_identification:_identify(src/px4_ros_com) by extension 'ros'
[1.401s] DEBUG:colcon.colcon_core.package_identification:Package 'src/px4_ros_com' with type 'ros.ament_cmake' and name 'px4_ros_com'
[1.401s] Level 1:colcon.colcon_core.package_discovery:discover_packages(recursive) using defaults
[1.401s] Level 1:colcon.colcon_core.package_discovery:discover_packages(ignore) discover
[1.401s] Level 1:colcon.colcon_core.package_discovery:discover_packages(ignore) using defaults
[1.401s] Level 1:colcon.colcon_core.package_discovery:discover_packages(path) discover
[1.401s] Level 1:colcon.colcon_core.package_discovery:discover_packages(path) using defaults
[1.460s] Level 1:colcon.colcon_core.package_discovery:discover_packages(prefix_path) check parameters
[1.460s] Level 1:colcon.colcon_core.package_discovery:discover_packages(prefix_path) discover
[1.470s] DEBUG:colcon.colcon_installed_package_information.package_discovery:Found 1 installed packages in /home/khuluq/drone_delivery_ws/install
[1.472s] DEBUG:colcon.colcon_installed_package_information.package_discovery:Found 5 installed packages in /home/khuluq/ros2_ws/install
[1.475s] DEBUG:colcon.colcon_installed_package_information.package_discovery:Found 6 installed packages in /home/khuluq/tello_ros_ws/install
[1.479s] DEBUG:colcon.colcon_installed_package_information.package_discovery:Found 296 installed packages in /opt/ros/foxy
[1.483s] Level 1:colcon.colcon_core.package_discovery:discover_packages(prefix_path) using defaults
[1.662s] Level 5:colcon.colcon_core.verb:set package 'drone_control' build argument 'cmake_args' from command line to 'None'
[1.662s] Level 5:colcon.colcon_core.verb:set package 'drone_control' build argument 'cmake_target' from command line to 'None'
[1.663s] Level 5:colcon.colcon_core.verb:set package 'drone_control' build argument 'cmake_target_skip_unavailable' from command line to 'False'
[1.663s] Level 5:colcon.colcon_core.verb:set package 'drone_control' build argument 'cmake_clean_cache' from command line to 'False'
[1.663s] Level 5:colcon.colcon_core.verb:set package 'drone_control' build argument 'cmake_clean_first' from command line to 'False'
[1.663s] Level 5:colcon.colcon_core.verb:set package 'drone_control' build argument 'cmake_force_configure' from command line to 'False'
[1.663s] Level 5:colcon.colcon_core.verb:set package 'drone_control' build argument 'ament_cmake_args' from command line to 'None'
[1.663s] Level 5:colcon.colcon_core.verb:set package 'drone_control' build argument 'catkin_cmake_args' from command line to 'None'
[1.663s] Level 5:colcon.colcon_core.verb:set package 'drone_control' build argument 'catkin_skip_building_tests' from command line to 'False'
[1.663s] DEBUG:colcon.colcon_core.verb:Building package 'drone_control' with the following arguments: {'ament_cmake_args': None, 'build_base': '/home/khuluq/hayago_ws/build/drone_control', 'catkin_cmake_args': None, 'catkin_skip_building_tests': False, 'cmake_args': None, 'cmake_clean_cache': False, 'cmake_clean_first': False, 'cmake_force_configure': False, 'cmake_target': None, 'cmake_target_skip_unavailable': False, 'install_base': '/home/khuluq/hayago_ws/install/drone_control', 'merge_install': False, 'path': '/home/khuluq/hayago_ws/src/drone_control', 'symlink_install': False, 'test_result_base': None}
[1.666s] Level 5:colcon.colcon_core.verb:set package 'px4_msgs' build argument 'cmake_args' from command line to 'None'
[1.666s] Level 5:colcon.colcon_core.verb:set package 'px4_msgs' build argument 'cmake_target' from command line to 'None'
[1.666s] Level 5:colcon.colcon_core.verb:set package 'px4_msgs' build argument 'cmake_target_skip_unavailable' from command line to 'False'
[1.666s] Level 5:colcon.colcon_core.verb:set package 'px4_msgs' build argument 'cmake_clean_cache' from command line to 'False'
[1.666s] Level 5:colcon.colcon_core.verb:set package 'px4_msgs' build argument 'cmake_clean_first' from command line to 'False'
[1.666s] Level 5:colcon.colcon_core.verb:set package 'px4_msgs' build argument 'cmake_force_configure' from command line to 'False'
[1.666s] Level 5:colcon.colcon_core.verb:set package 'px4_msgs' build argument 'ament_cmake_args' from command line to 'None'
[1.666s] Level 5:colcon.colcon_core.verb:set package 'px4_msgs' build argument 'catkin_cmake_args' from command line to 'None'
[1.666s] Level 5:colcon.colcon_core.verb:set package 'px4_msgs' build argument 'catkin_skip_building_tests' from command line to 'False'
[1.667s] DEBUG:colcon.colcon_core.verb:Building package 'px4_msgs' with the following arguments: {'ament_cmake_args': None, 'build_base': '/home/khuluq/hayago_ws/build/px4_msgs', 'catkin_cmake_args': None, 'catkin_skip_building_tests': False, 'cmake_args': None, 'cmake_clean_cache': False, 'cmake_clean_first': False, 'cmake_force_configure': False, 'cmake_target': None, 'cmake_target_skip_unavailable': False, 'install_base': '/home/khuluq/hayago_ws/install/px4_msgs', 'merge_install': False, 'path': '/home/khuluq/hayago_ws/src/px4_msgs', 'symlink_install': False, 'test_result_base': None}
[1.669s] Level 5:colcon.colcon_core.verb:set package 'px4_ros_com' build argument 'cmake_args' from command line to 'None'
[1.669s] Level 5:colcon.colcon_core.verb:set package 'px4_ros_com' build argument 'cmake_target' from command line to 'None'
[1.669s] Level 5:colcon.colcon_core.verb:set package 'px4_ros_com' build argument 'cmake_target_skip_unavailable' from command line to 'False'
[1.669s] Level 5:colcon.colcon_core.verb:set package 'px4_ros_com' build argument 'cmake_clean_cache' from command line to 'False'
[1.669s] Level 5:colcon.colcon_core.verb:set package 'px4_ros_com' build argument 'cmake_clean_first' from command line to 'False'
[1.669s] Level 5:colcon.colcon_core.verb:set package 'px4_ros_com' build argument 'cmake_force_configure' from command line to 'False'
[1.669s] Level 5:colcon.colcon_core.verb:set package 'px4_ros_com' build argument 'ament_cmake_args' from command line to 'None'
[1.669s] Level 5:colcon.colcon_core.verb:set package 'px4_ros_com' build argument 'catkin_cmake_args' from command line to 'None'
[1.670s] Level 5:colcon.colcon_core.verb:set package 'px4_ros_com' build argument 'catkin_skip_building_tests' from command line to 'False'
[1.670s] DEBUG:colcon.colcon_core.verb:Building package 'px4_ros_com' with the following arguments: {'ament_cmake_args': None, 'build_base': '/home/khuluq/hayago_ws/build/px4_ros_com', 'catkin_cmake_args': None, 'catkin_skip_building_tests': False, 'cmake_args': None, 'cmake_clean_cache': False, 'cmake_clean_first': False, 'cmake_force_configure': False, 'cmake_target': None, 'cmake_target_skip_unavailable': False, 'install_base': '/home/khuluq/hayago_ws/install/px4_ros_com', 'merge_install': False, 'path': '/home/khuluq/hayago_ws/src/px4_ros_com', 'symlink_install': False, 'test_result_base': None}
[1.671s] INFO:colcon.colcon_core.executor:Executing jobs using 'parallel' executor
[1.678s] DEBUG:colcon.colcon_parallel_executor.executor.parallel:run_until_complete
[1.678s] INFO:colcon.colcon_ros.task.ament_cmake.build:Building ROS package in '/home/khuluq/hayago_ws/src/px4_msgs' with build type 'ament_cmake'
[1.679s] INFO:colcon.colcon_cmake.task.cmake.build:Building CMake package in '/home/khuluq/hayago_ws/src/px4_msgs'
[1.693s] INFO:colcon.colcon_core.plugin_system:Skipping extension 'colcon_core.shell.bat': Not used on non-Windows systems
[1.693s] INFO:colcon.colcon_core.shell:Skip shell extension 'powershell' for command environment: Not usable outside of PowerShell
[1.694s] DEBUG:colcon.colcon_core.shell:Skip shell extension 'dsv' for command environment
[1.718s] INFO:colcon.colcon_ros.task.ament_cmake.build:Building ROS package in '/home/khuluq/hayago_ws/src/drone_control' with build type 'ament_cmake'
[1.722s] INFO:colcon.colcon_cmake.task.cmake.build:Building CMake package in '/home/khuluq/hayago_ws/src/drone_control'
[1.730s] INFO:colcon.colcon_core.shell:Skip shell extension 'powershell' for command environment: Not usable outside of PowerShell
[1.730s] DEBUG:colcon.colcon_core.shell:Skip shell extension 'dsv' for command environment
[1.793s] DEBUG:colcon.colcon_core.event_handler.log_command:Invoking command in '/home/khuluq/hayago_ws/build/px4_msgs': CMAKE_PREFIX_PATH=${CMAKE_PREFIX_PATH}:/home/khuluq/drone_delivery_ws/install/delivery:/opt/ros/foxy /usr/bin/cmake --build /home/khuluq/hayago_ws/build/px4_msgs -- -j4 -l4
[1.807s] DEBUG:colcon.colcon_core.event_handler.log_command:Invoking command in '/home/khuluq/hayago_ws/build/drone_control': CMAKE_PREFIX_PATH=${CMAKE_PREFIX_PATH}:/home/khuluq/drone_delivery_ws/install/delivery:/opt/ros/foxy /usr/bin/cmake --build /home/khuluq/hayago_ws/build/drone_control -- -j4 -l4
[2.250s] DEBUG:colcon.colcon_core.event_handler.log_command:Invoked command in '/home/khuluq/hayago_ws/build/drone_control' returned '0': CMAKE_PREFIX_PATH=${CMAKE_PREFIX_PATH}:/home/khuluq/drone_delivery_ws/install/delivery:/opt/ros/foxy /usr/bin/cmake --build /home/khuluq/hayago_ws/build/drone_control -- -j4 -l4
[2.449s] DEBUG:colcon.colcon_core.event_handler.log_command:Invoking command in '/home/khuluq/hayago_ws/build/drone_control': CMAKE_PREFIX_PATH=${CMAKE_PREFIX_PATH}:/home/khuluq/drone_delivery_ws/install/delivery:/opt/ros/foxy /usr/bin/cmake --install /home/khuluq/hayago_ws/build/drone_control
[2.568s] Level 1:colcon.colcon_core.environment:create_environment_scripts_only(drone_control)
[2.572s] DEBUG:colcon.colcon_core.event_handler.log_command:Invoked command in '/home/khuluq/hayago_ws/build/drone_control' returned '0': CMAKE_PREFIX_PATH=${CMAKE_PREFIX_PATH}:/home/khuluq/drone_delivery_ws/install/delivery:/opt/ros/foxy /usr/bin/cmake --install /home/khuluq/hayago_ws/build/drone_control
[2.610s] Level 1:colcon.colcon_core.environment:checking '/home/khuluq/hayago_ws/install/drone_control' for CMake module files
[2.612s] Level 1:colcon.colcon_core.environment:checking '/home/khuluq/hayago_ws/install/drone_control' for CMake config files
[2.612s] Level 1:colcon.colcon_core.shell:create_environment_hook('drone_control', 'cmake_prefix_path')
[2.618s] INFO:colcon.colcon_core.shell:Creating environment hook '/home/khuluq/hayago_ws/install/drone_control/share/drone_control/hook/cmake_prefix_path.ps1'
[2.626s] INFO:colcon.colcon_core.shell:Creating environment descriptor '/home/khuluq/hayago_ws/install/drone_control/share/drone_control/hook/cmake_prefix_path.dsv'
[2.628s] INFO:colcon.colcon_core.shell:Creating environment hook '/home/khuluq/hayago_ws/install/drone_control/share/drone_control/hook/cmake_prefix_path.sh'
[2.635s] Level 1:colcon.colcon_core.environment:checking '/home/khuluq/hayago_ws/install/drone_control/lib'
[2.636s] Level 1:colcon.colcon_core.environment:checking '/home/khuluq/hayago_ws/install/drone_control/bin'
[2.636s] Level 1:colcon.colcon_core.environment:checking '/home/khuluq/hayago_ws/install/drone_control/lib/pkgconfig/drone_control.pc'
[2.637s] Level 1:colcon.colcon_core.environment:checking '/home/khuluq/hayago_ws/install/drone_control/lib/python3.8/site-packages'
[2.638s] Level 1:colcon.colcon_core.environment:checking '/home/khuluq/hayago_ws/install/drone_control/bin'
[2.643s] INFO:colcon.colcon_core.shell:Creating package script '/home/khuluq/hayago_ws/install/drone_control/share/drone_control/package.ps1'
[2.653s] INFO:colcon.colcon_core.shell:Creating package descriptor '/home/khuluq/hayago_ws/install/drone_control/share/drone_control/package.dsv'
[2.655s] INFO:colcon.colcon_core.shell:Creating package script '/home/khuluq/hayago_ws/install/drone_control/share/drone_control/package.sh'
[2.659s] INFO:colcon.colcon_core.shell:Creating package script '/home/khuluq/hayago_ws/install/drone_control/share/drone_control/package.bash'
[2.663s] INFO:colcon.colcon_core.shell:Creating package script '/home/khuluq/hayago_ws/install/drone_control/share/drone_control/package.zsh'
[2.666s] Level 1:colcon.colcon_core.environment:create_file_with_runtime_dependencies(/home/khuluq/hayago_ws/install/drone_control/share/colcon-core/packages/drone_control)
[2.811s] Level 1:colcon.colcon_core.environment:create_environment_scripts_only(drone_control)
[2.820s] Level 1:colcon.colcon_core.environment:checking '/home/khuluq/hayago_ws/install/drone_control' for CMake module files
[2.822s] Level 1:colcon.colcon_core.environment:checking '/home/khuluq/hayago_ws/install/drone_control' for CMake config files
[2.823s] Level 1:colcon.colcon_core.shell:create_environment_hook('drone_control', 'cmake_prefix_path')
[2.830s] INFO:colcon.colcon_core.shell:Creating environment hook '/home/khuluq/hayago_ws/install/drone_control/share/drone_control/hook/cmake_prefix_path.ps1'
[2.836s] INFO:colcon.colcon_core.shell:Creating environment descriptor '/home/khuluq/hayago_ws/install/drone_control/share/drone_control/hook/cmake_prefix_path.dsv'
[2.840s] INFO:colcon.colcon_core.shell:Creating environment hook '/home/khuluq/hayago_ws/install/drone_control/share/drone_control/hook/cmake_prefix_path.sh'
[2.843s] Level 1:colcon.colcon_core.environment:checking '/home/khuluq/hayago_ws/install/drone_control/lib'
[2.843s] Level 1:colcon.colcon_core.environment:checking '/home/khuluq/hayago_ws/install/drone_control/bin'
[2.844s] Level 1:colcon.colcon_core.environment:checking '/home/khuluq/hayago_ws/install/drone_control/lib/pkgconfig/drone_control.pc'
[2.845s] Level 1:colcon.colcon_core.environment:checking '/home/khuluq/hayago_ws/install/drone_control/lib/python3.8/site-packages'
[2.845s] Level 1:colcon.colcon_core.environment:checking '/home/khuluq/hayago_ws/install/drone_control/bin'
[2.854s] INFO:colcon.colcon_core.shell:Creating package script '/home/khuluq/hayago_ws/install/drone_control/share/drone_control/package.ps1'
[2.857s] INFO:colcon.colcon_core.shell:Creating package descriptor '/home/khuluq/hayago_ws/install/drone_control/share/drone_control/package.dsv'
[2.859s] INFO:colcon.colcon_core.shell:Creating package script '/home/khuluq/hayago_ws/install/drone_control/share/drone_control/package.sh'
[2.861s] INFO:colcon.colcon_core.shell:Creating package script '/home/khuluq/hayago_ws/install/drone_control/share/drone_control/package.bash'
[2.862s] INFO:colcon.colcon_core.shell:Creating package script '/home/khuluq/hayago_ws/install/drone_control/share/drone_control/package.zsh'
[2.863s] Level 1:colcon.colcon_core.environment:create_file_with_runtime_dependencies(/home/khuluq/hayago_ws/install/drone_control/share/colcon-core/packages/drone_control)
[1046.822s] DEBUG:colcon.colcon_core.event_handler.log_command:Invoked command in '/home/khuluq/hayago_ws/build/px4_msgs' returned '0': CMAKE_PREFIX_PATH=${CMAKE_PREFIX_PATH}:/home/khuluq/drone_delivery_ws/install/delivery:/opt/ros/foxy /usr/bin/cmake --build /home/khuluq/hayago_ws/build/px4_msgs -- -j4 -l4
[1056.937s] DEBUG:colcon.colcon_core.event_handler.log_command:Invoking command in '/home/khuluq/hayago_ws/build/px4_msgs': CMAKE_PREFIX_PATH=${CMAKE_PREFIX_PATH}:/home/khuluq/drone_delivery_ws/install/delivery:/opt/ros/foxy /usr/bin/cmake --install /home/khuluq/hayago_ws/build/px4_msgs
[1059.440s] Level 1:colcon.colcon_core.environment:create_environment_scripts_only(px4_msgs)
[1059.449s] Level 1:colcon.colcon_core.environment:checking '/home/khuluq/hayago_ws/install/px4_msgs' for CMake module files
[1059.450s] DEBUG:colcon.colcon_core.event_handler.log_command:Invoked command in '/home/khuluq/hayago_ws/build/px4_msgs' returned '0': CMAKE_PREFIX_PATH=${CMAKE_PREFIX_PATH}:/home/khuluq/drone_delivery_ws/install/delivery:/opt/ros/foxy /usr/bin/cmake --install /home/khuluq/hayago_ws/build/px4_msgs
[1059.452s] Level 1:colcon.colcon_core.environment:checking '/home/khuluq/hayago_ws/install/px4_msgs' for CMake config files
[1059.468s] Level 1:colcon.colcon_core.shell:create_environment_hook('px4_msgs', 'cmake_prefix_path')
[1059.474s] INFO:colcon.colcon_core.shell:Creating environment hook '/home/khuluq/hayago_ws/install/px4_msgs/share/px4_msgs/hook/cmake_prefix_path.ps1'
[1059.476s] INFO:colcon.colcon_core.shell:Creating environment descriptor '/home/khuluq/hayago_ws/install/px4_msgs/share/px4_msgs/hook/cmake_prefix_path.dsv'
[1059.477s] INFO:colcon.colcon_core.shell:Creating environment hook '/home/khuluq/hayago_ws/install/px4_msgs/share/px4_msgs/hook/cmake_prefix_path.sh'
[1059.479s] Level 1:colcon.colcon_core.environment:checking '/home/khuluq/hayago_ws/install/px4_msgs/lib'
[1059.479s] Level 1:colcon.colcon_core.shell:create_environment_hook('px4_msgs', 'ld_library_path_lib')
[1059.485s] INFO:colcon.colcon_core.shell:Creating environment hook '/home/khuluq/hayago_ws/install/px4_msgs/share/px4_msgs/hook/ld_library_path_lib.ps1'
[1059.486s] INFO:colcon.colcon_core.shell:Creating environment descriptor '/home/khuluq/hayago_ws/install/px4_msgs/share/px4_msgs/hook/ld_library_path_lib.dsv'
[1059.487s] INFO:colcon.colcon_core.shell:Creating environment hook '/home/khuluq/hayago_ws/install/px4_msgs/share/px4_msgs/hook/ld_library_path_lib.sh'
[1059.488s] Level 1:colcon.colcon_core.environment:checking '/home/khuluq/hayago_ws/install/px4_msgs/bin'
[1059.489s] Level 1:colcon.colcon_core.environment:checking '/home/khuluq/hayago_ws/install/px4_msgs/lib/pkgconfig/px4_msgs.pc'
[1059.490s] Level 1:colcon.colcon_core.environment:checking '/home/khuluq/hayago_ws/install/px4_msgs/lib/python3.8/site-packages'
[1059.490s] Level 1:colcon.colcon_core.shell:create_environment_hook('px4_msgs', 'pythonpath')
[1059.496s] INFO:colcon.colcon_core.shell:Creating environment hook '/home/khuluq/hayago_ws/install/px4_msgs/share/px4_msgs/hook/pythonpath.ps1'
[1059.497s] INFO:colcon.colcon_core.shell:Creating environment descriptor '/home/khuluq/hayago_ws/install/px4_msgs/share/px4_msgs/hook/pythonpath.dsv'
[1059.498s] INFO:colcon.colcon_core.shell:Creating environment hook '/home/khuluq/hayago_ws/install/px4_msgs/share/px4_msgs/hook/pythonpath.sh'
[1059.500s] Level 1:colcon.colcon_core.environment:checking '/home/khuluq/hayago_ws/install/px4_msgs/bin'
[1059.505s] INFO:colcon.colcon_core.shell:Creating package script '/home/khuluq/hayago_ws/install/px4_msgs/share/px4_msgs/package.ps1'
[1059.508s] INFO:colcon.colcon_core.shell:Creating package descriptor '/home/khuluq/hayago_ws/install/px4_msgs/share/px4_msgs/package.dsv'
[1059.510s] INFO:colcon.colcon_core.shell:Creating package script '/home/khuluq/hayago_ws/install/px4_msgs/share/px4_msgs/package.sh'
[1059.511s] INFO:colcon.colcon_core.shell:Creating package script '/home/khuluq/hayago_ws/install/px4_msgs/share/px4_msgs/package.bash'
[1059.512s] INFO:colcon.colcon_core.shell:Creating package script '/home/khuluq/hayago_ws/install/px4_msgs/share/px4_msgs/package.zsh'
[1059.513s] Level 1:colcon.colcon_core.environment:create_file_with_runtime_dependencies(/home/khuluq/hayago_ws/install/px4_msgs/share/colcon-core/packages/px4_msgs)
[1069.429s] Level 1:colcon.colcon_core.environment:create_environment_scripts_only(px4_msgs)
[1069.436s] Level 1:colcon.colcon_core.environment:checking '/home/khuluq/hayago_ws/install/px4_msgs' for CMake module files
[1069.439s] Level 1:colcon.colcon_core.environment:checking '/home/khuluq/hayago_ws/install/px4_msgs' for CMake config files
[1069.452s] Level 1:colcon.colcon_core.shell:create_environment_hook('px4_msgs', 'cmake_prefix_path')
[1069.459s] INFO:colcon.colcon_core.shell:Creating environment hook '/home/khuluq/hayago_ws/install/px4_msgs/share/px4_msgs/hook/cmake_prefix_path.ps1'
[1069.461s] INFO:colcon.colcon_core.shell:Creating environment descriptor '/home/khuluq/hayago_ws/install/px4_msgs/share/px4_msgs/hook/cmake_prefix_path.dsv'
[1069.462s] INFO:colcon.colcon_core.shell:Creating environment hook '/home/khuluq/hayago_ws/install/px4_msgs/share/px4_msgs/hook/cmake_prefix_path.sh'
[1069.464s] Level 1:colcon.colcon_core.environment:checking '/home/khuluq/hayago_ws/install/px4_msgs/lib'
[1069.465s] Level 1:colcon.colcon_core.shell:create_environment_hook('px4_msgs', 'ld_library_path_lib')
[1069.470s] INFO:colcon.colcon_core.shell:Creating environment hook '/home/khuluq/hayago_ws/install/px4_msgs/share/px4_msgs/hook/ld_library_path_lib.ps1'
[1069.471s] INFO:colcon.colcon_core.shell:Creating environment descriptor '/home/khuluq/hayago_ws/install/px4_msgs/share/px4_msgs/hook/ld_library_path_lib.dsv'
[1069.474s] INFO:colcon.colcon_core.shell:Creating environment hook '/home/khuluq/hayago_ws/install/px4_msgs/share/px4_msgs/hook/ld_library_path_lib.sh'
[1069.475s] Level 1:colcon.colcon_core.environment:checking '/home/khuluq/hayago_ws/install/px4_msgs/bin'
[1069.475s] Level 1:colcon.colcon_core.environment:checking '/home/khuluq/hayago_ws/install/px4_msgs/lib/pkgconfig/px4_msgs.pc'
[1069.476s] Level 1:colcon.colcon_core.environment:checking '/home/khuluq/hayago_ws/install/px4_msgs/lib/python3.8/site-packages'
[1069.476s] Level 1:colcon.colcon_core.shell:create_environment_hook('px4_msgs', 'pythonpath')
[1069.481s] INFO:colcon.colcon_core.shell:Creating environment hook '/home/khuluq/hayago_ws/install/px4_msgs/share/px4_msgs/hook/pythonpath.ps1'
[1069.482s] INFO:colcon.colcon_core.shell:Creating environment descriptor '/home/khuluq/hayago_ws/install/px4_msgs/share/px4_msgs/hook/pythonpath.dsv'
[1069.483s] INFO:colcon.colcon_core.shell:Creating environment hook '/home/khuluq/hayago_ws/install/px4_msgs/share/px4_msgs/hook/pythonpath.sh'
[1069.485s] Level 1:colcon.colcon_core.environment:checking '/home/khuluq/hayago_ws/install/px4_msgs/bin'
[1069.490s] INFO:colcon.colcon_core.shell:Creating package script '/home/khuluq/hayago_ws/install/px4_msgs/share/px4_msgs/package.ps1'
[1069.492s] INFO:colcon.colcon_core.shell:Creating package descriptor '/home/khuluq/hayago_ws/install/px4_msgs/share/px4_msgs/package.dsv'
[1069.494s] INFO:colcon.colcon_core.shell:Creating package script '/home/khuluq/hayago_ws/install/px4_msgs/share/px4_msgs/package.sh'
[1069.495s] INFO:colcon.colcon_core.shell:Creating package script '/home/khuluq/hayago_ws/install/px4_msgs/share/px4_msgs/package.bash'
[1069.496s] INFO:colcon.colcon_core.shell:Creating package script '/home/khuluq/hayago_ws/install/px4_msgs/share/px4_msgs/package.zsh'
[1069.497s] Level 1:colcon.colcon_core.environment:create_file_with_runtime_dependencies(/home/khuluq/hayago_ws/install/px4_msgs/share/colcon-core/packages/px4_msgs)
[1069.498s] INFO:colcon.colcon_ros.task.ament_cmake.build:Building ROS package in '/home/khuluq/hayago_ws/src/px4_ros_com' with build type 'ament_cmake'
[1069.499s] INFO:colcon.colcon_cmake.task.cmake.build:Building CMake package in '/home/khuluq/hayago_ws/src/px4_ros_com'
[1069.505s] INFO:colcon.colcon_core.shell:Skip shell extension 'powershell' for command environment: Not usable outside of PowerShell
[1069.505s] DEBUG:colcon.colcon_core.shell:Skip shell extension 'dsv' for command environment
[1069.568s] DEBUG:colcon.colcon_core.event_handler.log_command:Invoking command in '/home/khuluq/hayago_ws/build/px4_ros_com': AMENT_PREFIX_PATH=/home/khuluq/hayago_ws/install/px4_msgs:${AMENT_PREFIX_PATH} CMAKE_PREFIX_PATH=/home/khuluq/hayago_ws/install/px4_msgs:/home/khuluq/ros2_ws/install/orbbit_drone:/home/khuluq/ros2_ws/install/mavros_extras:/home/khuluq/ros2_ws/install/mavros:/home/khuluq/ros2_ws/install/mavros_msgs:/home/khuluq/ros2_ws/install/libmavconn:/home/khuluq/tello_ros_ws/install/tello_gazebo:/home/khuluq/tello_ros_ws/install/tello_driver:/home/khuluq/tello_ros_ws/install/tello_msgs:/home/khuluq/tello_ros_ws/install/tello_description:/home/khuluq/tello_ros_ws/install/ros2_shared:/home/khuluq/drone_delivery_ws/install/delivery:/opt/ros/foxy LD_LIBRARY_PATH=/home/khuluq/hayago_ws/install/px4_msgs/lib:/home/khuluq/ros2_ws/install/mavros_extras/lib:/home/khuluq/ros2_ws/install/mavros/lib:/home/khuluq/ros2_ws/install/mavros_msgs/lib:/home/khuluq/ros2_ws/install/libmavconn/lib:/home/khuluq/tello_ros_ws/install/tello_gazebo/lib:/home/khuluq/tello_ros_ws/install/tello_driver/lib:/home/khuluq/tello_ros_ws/install/tello_msgs/lib:/usr/lib/x86_64-linux-gnu/gazebo-11/plugins:/opt/ros/foxy/opt/yaml_cpp_vendor/lib:/opt/ros/foxy/opt/rviz_ogre_vendor/lib:/opt/ros/foxy/lib/x86_64-linux-gnu:/opt/ros/foxy/lib:/usr/lib/x86_64-linux-gnu/gazebo-11/plugins:/usr/lib/x86_64-linux-gnu/gazebo-11/plugins:/usr/lib/x86_64-linux-gnu/gazebo-11/plugins PYTHONPATH=/home/khuluq/hayago_ws/install/px4_msgs/lib/python3.8/site-packages:${PYTHONPATH} /usr/bin/cmake --build /home/khuluq/hayago_ws/build/px4_ros_com -- -j4 -l4
[1084.741s] DEBUG:colcon.colcon_core.event_handler.log_command:Invoked command in '/home/khuluq/hayago_ws/build/px4_ros_com' returned '2': AMENT_PREFIX_PATH=/home/khuluq/hayago_ws/install/px4_msgs:${AMENT_PREFIX_PATH} CMAKE_PREFIX_PATH=/home/khuluq/hayago_ws/install/px4_msgs:/home/khuluq/ros2_ws/install/orbbit_drone:/home/khuluq/ros2_ws/install/mavros_extras:/home/khuluq/ros2_ws/install/mavros:/home/khuluq/ros2_ws/install/mavros_msgs:/home/khuluq/ros2_ws/install/libmavconn:/home/khuluq/tello_ros_ws/install/tello_gazebo:/home/khuluq/tello_ros_ws/install/tello_driver:/home/khuluq/tello_ros_ws/install/tello_msgs:/home/khuluq/tello_ros_ws/install/tello_description:/home/khuluq/tello_ros_ws/install/ros2_shared:/home/khuluq/drone_delivery_ws/install/delivery:/opt/ros/foxy LD_LIBRARY_PATH=/home/khuluq/hayago_ws/install/px4_msgs/lib:/home/khuluq/ros2_ws/install/mavros_extras/lib:/home/khuluq/ros2_ws/install/mavros/lib:/home/khuluq/ros2_ws/install/mavros_msgs/lib:/home/khuluq/ros2_ws/install/libmavconn/lib:/home/khuluq/tello_ros_ws/install/tello_gazebo/lib:/home/khuluq/tello_ros_ws/install/tello_driver/lib:/home/khuluq/tello_ros_ws/install/tello_msgs/lib:/usr/lib/x86_64-linux-gnu/gazebo-11/plugins:/opt/ros/foxy/opt/yaml_cpp_vendor/lib:/opt/ros/foxy/opt/rviz_ogre_vendor/lib:/opt/ros/foxy/lib/x86_64-linux-gnu:/opt/ros/foxy/lib:/usr/lib/x86_64-linux-gnu/gazebo-11/plugins:/usr/lib/x86_64-linux-gnu/gazebo-11/plugins:/usr/lib/x86_64-linux-gnu/gazebo-11/plugins PYTHONPATH=/home/khuluq/hayago_ws/install/px4_msgs/lib/python3.8/site-packages:${PYTHONPATH} /usr/bin/cmake --build /home/khuluq/hayago_ws/build/px4_ros_com -- -j4 -l4
[1084.860s] Level 1:colcon.colcon_core.environment:create_environment_scripts_only(px4_ros_com)
[1084.866s] Level 1:colcon.colcon_core.environment:checking '/home/khuluq/hayago_ws/install/px4_ros_com' for CMake module files
[1084.869s] Level 1:colcon.colcon_core.environment:checking '/home/khuluq/hayago_ws/install/px4_ros_com' for CMake config files
[1084.870s] Level 1:colcon.colcon_core.shell:create_environment_hook('px4_ros_com', 'cmake_prefix_path')
[1084.875s] INFO:colcon.colcon_core.shell:Creating environment hook '/home/khuluq/hayago_ws/install/px4_ros_com/share/px4_ros_com/hook/cmake_prefix_path.ps1'
[1084.876s] INFO:colcon.colcon_core.shell:Creating environment descriptor '/home/khuluq/hayago_ws/install/px4_ros_com/share/px4_ros_com/hook/cmake_prefix_path.dsv'
[1084.877s] INFO:colcon.colcon_core.shell:Creating environment hook '/home/khuluq/hayago_ws/install/px4_ros_com/share/px4_ros_com/hook/cmake_prefix_path.sh'
[1084.879s] Level 1:colcon.colcon_core.environment:checking '/home/khuluq/hayago_ws/install/px4_ros_com/lib'
[1084.879s] Level 1:colcon.colcon_core.shell:create_environment_hook('px4_ros_com', 'ld_library_path_lib')
[1084.885s] INFO:colcon.colcon_core.shell:Creating environment hook '/home/khuluq/hayago_ws/install/px4_ros_com/share/px4_ros_com/hook/ld_library_path_lib.ps1'
[1084.886s] INFO:colcon.colcon_core.shell:Creating environment descriptor '/home/khuluq/hayago_ws/install/px4_ros_com/share/px4_ros_com/hook/ld_library_path_lib.dsv'
[1084.887s] INFO:colcon.colcon_core.shell:Creating environment hook '/home/khuluq/hayago_ws/install/px4_ros_com/share/px4_ros_com/hook/ld_library_path_lib.sh'
[1084.889s] Level 1:colcon.colcon_core.environment:checking '/home/khuluq/hayago_ws/install/px4_ros_com/bin'
[1084.889s] Level 1:colcon.colcon_core.environment:checking '/home/khuluq/hayago_ws/install/px4_ros_com/lib/pkgconfig/px4_ros_com.pc'
[1084.890s] Level 1:colcon.colcon_core.environment:checking '/home/khuluq/hayago_ws/install/px4_ros_com/lib/python3.8/site-packages'
[1084.890s] Level 1:colcon.colcon_core.environment:checking '/home/khuluq/hayago_ws/install/px4_ros_com/bin'
[1084.896s] INFO:colcon.colcon_core.shell:Creating package script '/home/khuluq/hayago_ws/install/px4_ros_com/share/px4_ros_com/package.ps1'
[1084.897s] INFO:colcon.colcon_core.shell:Creating package descriptor '/home/khuluq/hayago_ws/install/px4_ros_com/share/px4_ros_com/package.dsv'
[1084.899s] INFO:colcon.colcon_core.shell:Creating package script '/home/khuluq/hayago_ws/install/px4_ros_com/share/px4_ros_com/package.sh'
[1084.900s] INFO:colcon.colcon_core.shell:Creating package script '/home/khuluq/hayago_ws/install/px4_ros_com/share/px4_ros_com/package.bash'
[1084.901s] INFO:colcon.colcon_core.shell:Creating package script '/home/khuluq/hayago_ws/install/px4_ros_com/share/px4_ros_com/package.zsh'
[1084.903s] Level 1:colcon.colcon_core.environment:create_file_with_runtime_dependencies(/home/khuluq/hayago_ws/install/px4_ros_com/share/colcon-core/packages/px4_ros_com)
[1084.914s] DEBUG:colcon.colcon_parallel_executor.executor.parallel:closing loop
[1084.914s] DEBUG:colcon.colcon_parallel_executor.executor.parallel:loop closed
[1084.914s] DEBUG:colcon.colcon_parallel_executor.executor.parallel:run_until_complete finished with '2'
[1084.915s] DEBUG:colcon.colcon_core.event_reactor:joining thread
[1084.947s] INFO:colcon.colcon_core.plugin_system:Skipping extension 'colcon_notification.desktop_notification.terminal_notifier': Not used on non-Darwin systems
[1084.947s] INFO:colcon.colcon_core.plugin_system:Skipping extension 'colcon_notification.desktop_notification.win32': Not used on non-Windows systems
[1084.947s] INFO:colcon.colcon_notification.desktop_notification:Sending desktop notification using 'notify2'
[1085.025s] DEBUG:colcon.colcon_core.event_reactor:joined thread
[1085.031s] INFO:colcon.colcon_core.shell:Creating prefix script '/home/khuluq/hayago_ws/install/local_setup.ps1'
[1085.035s] INFO:colcon.colcon_core.shell:Creating prefix util module '/home/khuluq/hayago_ws/install/_local_setup_util_ps1.py'
[1085.042s] INFO:colcon.colcon_core.shell:Creating prefix chain script '/home/khuluq/hayago_ws/install/setup.ps1'
[1085.051s] INFO:colcon.colcon_core.shell:Creating prefix script '/home/khuluq/hayago_ws/install/local_setup.sh'
[1085.053s] INFO:colcon.colcon_core.shell:Creating prefix util module '/home/khuluq/hayago_ws/install/_local_setup_util_sh.py'
[1085.056s] INFO:colcon.colcon_core.shell:Creating prefix chain script '/home/khuluq/hayago_ws/install/setup.sh'
[1085.063s] INFO:colcon.colcon_core.shell:Creating prefix script '/home/khuluq/hayago_ws/install/local_setup.bash'
[1085.065s] INFO:colcon.colcon_core.shell:Creating prefix chain script '/home/khuluq/hayago_ws/install/setup.bash'
[1085.071s] INFO:colcon.colcon_core.shell:Creating prefix script '/home/khuluq/hayago_ws/install/local_setup.zsh'
[1085.073s] INFO:colcon.colcon_core.shell:Creating prefix chain script '/home/khuluq/hayago_ws/install/setup.zsh'
