[2.149s] DEBUG:colcon:Command line arguments: ['/usr/bin/colcon', 'build', '--event-handlers', 'console_direct+', '--packages-select', 'drone_control']
[2.149s] DEBUG:colcon:Parsed command line arguments: Namespace(allow_overriding=[], ament_cmake_args=None, base_paths=['.'], build_base='build', catkin_cmake_args=None, catkin_skip_building_tests=False, cmake_args=None, cmake_clean_cache=False, cmake_clean_first=False, cmake_force_configure=False, cmake_target=None, cmake_target_skip_unavailable=False, continue_on_error=False, event_handlers=['console_direct+'], executor='parallel', ignore_user_meta=False, install_base='install', log_base=None, log_level=None, main=<bound method BuildVerb.main of <colcon_core.verb.build.BuildVerb object at 0x7f8e8d3cfdc0>>, merge_install=False, metas=['./colcon.meta'], packages_above=None, packages_above_and_dependencies=None, packages_above_depth=None, packages_end=None, packages_ignore=None, packages_ignore_regex=None, packages_select=['drone_control'], packages_select_build_failed=False, packages_select_by_dep=None, packages_select_regex=None, packages_select_test_failures=False, packages_skip=None, packages_skip_build_finished=False, packages_skip_by_dep=None, packages_skip_regex=None, packages_skip_test_passed=False, packages_skip_up_to=None, packages_start=None, packages_up_to=None, packages_up_to_regex=None, parallel_workers=4, paths=None, symlink_install=False, test_result_base=None, verb_extension=<colcon_core.verb.build.BuildVerb object at 0x7f8e8d3cfdc0>, verb_name='build', verb_parser=<colcon_defaults.argument_parser.defaults.DefaultArgumentsDecorator object at 0x7f8e8d3cf100>)
[2.193s] Level 1:colcon.colcon_core.package_discovery:discover_packages(colcon_meta) check parameters
[2.194s] Level 1:colcon.colcon_core.package_discovery:discover_packages(recursive) check parameters
[2.194s] Level 1:colcon.colcon_core.package_discovery:discover_packages(ignore) check parameters
[2.194s] Level 1:colcon.colcon_core.package_discovery:discover_packages(path) check parameters
[2.194s] Level 1:colcon.colcon_core.package_discovery:discover_packages(colcon_meta) discover
[2.194s] Level 1:colcon.colcon_core.package_discovery:discover_packages(recursive) discover
[2.194s] INFO:colcon.colcon_core.package_discovery:Crawling recursively for packages in '/home/khuluq/hayago_ws'
[2.194s] Level 1:colcon.colcon_core.package_identification:_identify(.) by extensions ['ignore', 'ignore_ament_install']
[2.195s] Level 1:colcon.colcon_core.package_identification:_identify(.) by extension 'ignore'
[2.195s] Level 1:colcon.colcon_core.package_identification:_identify(.) by extension 'ignore_ament_install'
[2.195s] Level 1:colcon.colcon_core.package_identification:_identify(.) by extensions ['colcon_pkg']
[2.195s] Level 1:colcon.colcon_core.package_identification:_identify(.) by extension 'colcon_pkg'
[2.195s] Level 1:colcon.colcon_core.package_identification:_identify(.) by extensions ['colcon_meta']
[2.195s] Level 1:colcon.colcon_core.package_identification:_identify(.) by extension 'colcon_meta'
[2.196s] Level 1:colcon.colcon_core.package_identification:_identify(.) by extensions ['ros']
[2.196s] Level 1:colcon.colcon_core.package_identification:_identify(.) by extension 'ros'
[2.220s] Level 1:colcon.colcon_core.package_identification:_identify(.) by extensions ['cmake', 'python']
[2.220s] Level 1:colcon.colcon_core.package_identification:_identify(.) by extension 'cmake'
[2.221s] Level 1:colcon.colcon_core.package_identification:_identify(.) by extension 'python'
[2.221s] Level 1:colcon.colcon_core.package_identification:_identify(.) by extensions ['python_setup_py']
[2.221s] Level 1:colcon.colcon_core.package_identification:_identify(.) by extension 'python_setup_py'
[2.221s] Level 1:colcon.colcon_core.package_identification:_identify(build) by extensions ['ignore', 'ignore_ament_install']
[2.222s] Level 1:colcon.colcon_core.package_identification:_identify(build) by extension 'ignore'
[2.222s] Level 1:colcon.colcon_core.package_identification:_identify(build) ignored
[2.222s] Level 1:colcon.colcon_core.package_identification:_identify(install) by extensions ['ignore', 'ignore_ament_install']
[2.222s] Level 1:colcon.colcon_core.package_identification:_identify(install) by extension 'ignore'
[2.223s] Level 1:colcon.colcon_core.package_identification:_identify(install) ignored
[2.223s] Level 1:colcon.colcon_core.package_identification:_identify(log) by extensions ['ignore', 'ignore_ament_install']
[2.223s] Level 1:colcon.colcon_core.package_identification:_identify(log) by extension 'ignore'
[2.223s] Level 1:colcon.colcon_core.package_identification:_identify(log) ignored
[2.224s] Level 1:colcon.colcon_core.package_identification:_identify(src) by extensions ['ignore', 'ignore_ament_install']
[2.224s] Level 1:colcon.colcon_core.package_identification:_identify(src) by extension 'ignore'
[2.224s] Level 1:colcon.colcon_core.package_identification:_identify(src) by extension 'ignore_ament_install'
[2.224s] Level 1:colcon.colcon_core.package_identification:_identify(src) by extensions ['colcon_pkg']
[2.225s] Level 1:colcon.colcon_core.package_identification:_identify(src) by extension 'colcon_pkg'
[2.225s] Level 1:colcon.colcon_core.package_identification:_identify(src) by extensions ['colcon_meta']
[2.225s] Level 1:colcon.colcon_core.package_identification:_identify(src) by extension 'colcon_meta'
[2.225s] Level 1:colcon.colcon_core.package_identification:_identify(src) by extensions ['ros']
[2.225s] Level 1:colcon.colcon_core.package_identification:_identify(src) by extension 'ros'
[2.225s] Level 1:colcon.colcon_core.package_identification:_identify(src) by extensions ['cmake', 'python']
[2.226s] Level 1:colcon.colcon_core.package_identification:_identify(src) by extension 'cmake'
[2.226s] Level 1:colcon.colcon_core.package_identification:_identify(src) by extension 'python'
[2.226s] Level 1:colcon.colcon_core.package_identification:_identify(src) by extensions ['python_setup_py']
[2.226s] Level 1:colcon.colcon_core.package_identification:_identify(src) by extension 'python_setup_py'
[2.226s] Level 1:colcon.colcon_core.package_identification:_identify(src/drone_control) by extensions ['ignore', 'ignore_ament_install']
[2.226s] Level 1:colcon.colcon_core.package_identification:_identify(src/drone_control) by extension 'ignore'
[2.227s] Level 1:colcon.colcon_core.package_identification:_identify(src/drone_control) by extension 'ignore_ament_install'
[2.227s] Level 1:colcon.colcon_core.package_identification:_identify(src/drone_control) by extensions ['colcon_pkg']
[2.227s] Level 1:colcon.colcon_core.package_identification:_identify(src/drone_control) by extension 'colcon_pkg'
[2.227s] Level 1:colcon.colcon_core.package_identification:_identify(src/drone_control) by extensions ['colcon_meta']
[2.227s] Level 1:colcon.colcon_core.package_identification:_identify(src/drone_control) by extension 'colcon_meta'
[2.227s] Level 1:colcon.colcon_core.package_identification:_identify(src/drone_control) by extensions ['ros']
[2.227s] Level 1:colcon.colcon_core.package_identification:_identify(src/drone_control) by extension 'ros'
[2.233s] DEBUG:colcon.colcon_core.package_identification:Package 'src/drone_control' with type 'ros.ament_cmake' and name 'drone_control'
[2.233s] Level 1:colcon.colcon_core.package_discovery:discover_packages(recursive) using defaults
[2.233s] Level 1:colcon.colcon_core.package_discovery:discover_packages(ignore) discover
[2.233s] Level 1:colcon.colcon_core.package_discovery:discover_packages(ignore) using defaults
[2.234s] Level 1:colcon.colcon_core.package_discovery:discover_packages(path) discover
[2.234s] Level 1:colcon.colcon_core.package_discovery:discover_packages(path) using defaults
[2.291s] Level 1:colcon.colcon_core.package_discovery:discover_packages(prefix_path) check parameters
[2.291s] Level 1:colcon.colcon_core.package_discovery:discover_packages(prefix_path) discover
[2.302s] DEBUG:colcon.colcon_installed_package_information.package_discovery:Found 1 installed packages in /home/khuluq/drone_delivery_ws/install
[2.307s] DEBUG:colcon.colcon_installed_package_information.package_discovery:Found 5 installed packages in /home/khuluq/ros2_ws/install
[2.312s] DEBUG:colcon.colcon_installed_package_information.package_discovery:Found 6 installed packages in /home/khuluq/tello_ros_ws/install
[2.322s] DEBUG:colcon.colcon_installed_package_information.package_discovery:Found 296 installed packages in /opt/ros/foxy
[2.332s] Level 1:colcon.colcon_core.package_discovery:discover_packages(prefix_path) using defaults
[2.533s] Level 5:colcon.colcon_core.verb:set package 'drone_control' build argument 'cmake_args' from command line to 'None'
[2.534s] Level 5:colcon.colcon_core.verb:set package 'drone_control' build argument 'cmake_target' from command line to 'None'
[2.534s] Level 5:colcon.colcon_core.verb:set package 'drone_control' build argument 'cmake_target_skip_unavailable' from command line to 'False'
[2.534s] Level 5:colcon.colcon_core.verb:set package 'drone_control' build argument 'cmake_clean_cache' from command line to 'False'
[2.534s] Level 5:colcon.colcon_core.verb:set package 'drone_control' build argument 'cmake_clean_first' from command line to 'False'
[2.535s] Level 5:colcon.colcon_core.verb:set package 'drone_control' build argument 'cmake_force_configure' from command line to 'False'
[2.535s] Level 5:colcon.colcon_core.verb:set package 'drone_control' build argument 'ament_cmake_args' from command line to 'None'
[2.535s] Level 5:colcon.colcon_core.verb:set package 'drone_control' build argument 'catkin_cmake_args' from command line to 'None'
[2.535s] Level 5:colcon.colcon_core.verb:set package 'drone_control' build argument 'catkin_skip_building_tests' from command line to 'False'
[2.535s] DEBUG:colcon.colcon_core.verb:Building package 'drone_control' with the following arguments: {'ament_cmake_args': None, 'build_base': '/home/khuluq/hayago_ws/build/drone_control', 'catkin_cmake_args': None, 'catkin_skip_building_tests': False, 'cmake_args': None, 'cmake_clean_cache': False, 'cmake_clean_first': False, 'cmake_force_configure': False, 'cmake_target': None, 'cmake_target_skip_unavailable': False, 'install_base': '/home/khuluq/hayago_ws/install/drone_control', 'merge_install': False, 'path': '/home/khuluq/hayago_ws/src/drone_control', 'symlink_install': False, 'test_result_base': None}
[2.539s] INFO:colcon.colcon_core.executor:Executing jobs using 'parallel' executor
[2.552s] DEBUG:colcon.colcon_parallel_executor.executor.parallel:run_until_complete
[2.553s] INFO:colcon.colcon_ros.task.ament_cmake.build:Building ROS package in '/home/khuluq/hayago_ws/src/drone_control' with build type 'ament_cmake'
[2.553s] INFO:colcon.colcon_cmake.task.cmake.build:Building CMake package in '/home/khuluq/hayago_ws/src/drone_control'
[2.572s] INFO:colcon.colcon_core.plugin_system:Skipping extension 'colcon_core.shell.bat': Not used on non-Windows systems
[2.573s] INFO:colcon.colcon_core.shell:Skip shell extension 'powershell' for command environment: Not usable outside of PowerShell
[2.574s] DEBUG:colcon.colcon_core.shell:Skip shell extension 'dsv' for command environment
[2.624s] DEBUG:colcon.colcon_core.event_handler.log_command:Invoking command in '/home/khuluq/hayago_ws/build/drone_control': CMAKE_PREFIX_PATH=${CMAKE_PREFIX_PATH}:/home/khuluq/drone_delivery_ws/install/delivery:/opt/ros/foxy /usr/bin/cmake /home/khuluq/hayago_ws/src/drone_control -DCMAKE_INSTALL_PREFIX=/home/khuluq/hayago_ws/install/drone_control
[8.413s] DEBUG:colcon.colcon_core.event_handler.log_command:Invoked command in '/home/khuluq/hayago_ws/build/drone_control' returned '0': CMAKE_PREFIX_PATH=${CMAKE_PREFIX_PATH}:/home/khuluq/drone_delivery_ws/install/delivery:/opt/ros/foxy /usr/bin/cmake /home/khuluq/hayago_ws/src/drone_control -DCMAKE_INSTALL_PREFIX=/home/khuluq/hayago_ws/install/drone_control
[8.414s] DEBUG:colcon.colcon_core.event_handler.log_command:Invoking command in '/home/khuluq/hayago_ws/build/drone_control': CMAKE_PREFIX_PATH=${CMAKE_PREFIX_PATH}:/home/khuluq/drone_delivery_ws/install/delivery:/opt/ros/foxy /usr/bin/cmake --build /home/khuluq/hayago_ws/build/drone_control -- -j4 -l4
[8.736s] DEBUG:colcon.colcon_core.event_handler.log_command:Invoked command in '/home/khuluq/hayago_ws/build/drone_control' returned '0': CMAKE_PREFIX_PATH=${CMAKE_PREFIX_PATH}:/home/khuluq/drone_delivery_ws/install/delivery:/opt/ros/foxy /usr/bin/cmake --build /home/khuluq/hayago_ws/build/drone_control -- -j4 -l4
[8.886s] DEBUG:colcon.colcon_core.event_handler.log_command:Invoking command in '/home/khuluq/hayago_ws/build/drone_control': CMAKE_PREFIX_PATH=${CMAKE_PREFIX_PATH}:/home/khuluq/drone_delivery_ws/install/delivery:/opt/ros/foxy /usr/bin/cmake --install /home/khuluq/hayago_ws/build/drone_control
[9.024s] Level 1:colcon.colcon_core.environment:create_environment_scripts_only(drone_control)
[9.031s] DEBUG:colcon.colcon_core.event_handler.log_command:Invoked command in '/home/khuluq/hayago_ws/build/drone_control' returned '0': CMAKE_PREFIX_PATH=${CMAKE_PREFIX_PATH}:/home/khuluq/drone_delivery_ws/install/delivery:/opt/ros/foxy /usr/bin/cmake --install /home/khuluq/hayago_ws/build/drone_control
[9.055s] Level 1:colcon.colcon_core.environment:checking '/home/khuluq/hayago_ws/install/drone_control' for CMake module files
[9.057s] Level 1:colcon.colcon_core.environment:checking '/home/khuluq/hayago_ws/install/drone_control' for CMake config files
[9.058s] Level 1:colcon.colcon_core.shell:create_environment_hook('drone_control', 'cmake_prefix_path')
[9.067s] INFO:colcon.colcon_core.shell:Creating environment hook '/home/khuluq/hayago_ws/install/drone_control/share/drone_control/hook/cmake_prefix_path.ps1'
[9.072s] INFO:colcon.colcon_core.shell:Creating environment descriptor '/home/khuluq/hayago_ws/install/drone_control/share/drone_control/hook/cmake_prefix_path.dsv'
[9.074s] INFO:colcon.colcon_core.shell:Creating environment hook '/home/khuluq/hayago_ws/install/drone_control/share/drone_control/hook/cmake_prefix_path.sh'
[9.080s] Level 1:colcon.colcon_core.environment:checking '/home/khuluq/hayago_ws/install/drone_control/lib'
[9.081s] Level 1:colcon.colcon_core.environment:checking '/home/khuluq/hayago_ws/install/drone_control/bin'
[9.081s] Level 1:colcon.colcon_core.environment:checking '/home/khuluq/hayago_ws/install/drone_control/lib/pkgconfig/drone_control.pc'
[9.082s] Level 1:colcon.colcon_core.environment:checking '/home/khuluq/hayago_ws/install/drone_control/lib/python3.8/site-packages'
[9.087s] Level 1:colcon.colcon_core.environment:checking '/home/khuluq/hayago_ws/install/drone_control/bin'
[9.094s] INFO:colcon.colcon_core.shell:Creating package script '/home/khuluq/hayago_ws/install/drone_control/share/drone_control/package.ps1'
[9.097s] INFO:colcon.colcon_core.shell:Creating package descriptor '/home/khuluq/hayago_ws/install/drone_control/share/drone_control/package.dsv'
[9.104s] INFO:colcon.colcon_core.shell:Creating package script '/home/khuluq/hayago_ws/install/drone_control/share/drone_control/package.sh'
[9.106s] INFO:colcon.colcon_core.shell:Creating package script '/home/khuluq/hayago_ws/install/drone_control/share/drone_control/package.bash'
[9.109s] INFO:colcon.colcon_core.shell:Creating package script '/home/khuluq/hayago_ws/install/drone_control/share/drone_control/package.zsh'
[9.113s] Level 1:colcon.colcon_core.environment:create_file_with_runtime_dependencies(/home/khuluq/hayago_ws/install/drone_control/share/colcon-core/packages/drone_control)
[9.235s] Level 1:colcon.colcon_core.environment:create_environment_scripts_only(drone_control)
[9.246s] Level 1:colcon.colcon_core.environment:checking '/home/khuluq/hayago_ws/install/drone_control' for CMake module files
[9.254s] Level 1:colcon.colcon_core.environment:checking '/home/khuluq/hayago_ws/install/drone_control' for CMake config files
[9.255s] Level 1:colcon.colcon_core.shell:create_environment_hook('drone_control', 'cmake_prefix_path')
[9.263s] INFO:colcon.colcon_core.shell:Creating environment hook '/home/khuluq/hayago_ws/install/drone_control/share/drone_control/hook/cmake_prefix_path.ps1'
[9.266s] INFO:colcon.colcon_core.shell:Creating environment descriptor '/home/khuluq/hayago_ws/install/drone_control/share/drone_control/hook/cmake_prefix_path.dsv'
[9.267s] INFO:colcon.colcon_core.shell:Creating environment hook '/home/khuluq/hayago_ws/install/drone_control/share/drone_control/hook/cmake_prefix_path.sh'
[9.272s] Level 1:colcon.colcon_core.environment:checking '/home/khuluq/hayago_ws/install/drone_control/lib'
[9.272s] Level 1:colcon.colcon_core.environment:checking '/home/khuluq/hayago_ws/install/drone_control/bin'
[9.273s] Level 1:colcon.colcon_core.environment:checking '/home/khuluq/hayago_ws/install/drone_control/lib/pkgconfig/drone_control.pc'
[9.274s] Level 1:colcon.colcon_core.environment:checking '/home/khuluq/hayago_ws/install/drone_control/lib/python3.8/site-packages'
[9.275s] Level 1:colcon.colcon_core.environment:checking '/home/khuluq/hayago_ws/install/drone_control/bin'
[9.284s] INFO:colcon.colcon_core.shell:Creating package script '/home/khuluq/hayago_ws/install/drone_control/share/drone_control/package.ps1'
[9.289s] INFO:colcon.colcon_core.shell:Creating package descriptor '/home/khuluq/hayago_ws/install/drone_control/share/drone_control/package.dsv'
[9.291s] INFO:colcon.colcon_core.shell:Creating package script '/home/khuluq/hayago_ws/install/drone_control/share/drone_control/package.sh'
[9.292s] INFO:colcon.colcon_core.shell:Creating package script '/home/khuluq/hayago_ws/install/drone_control/share/drone_control/package.bash'
[9.297s] INFO:colcon.colcon_core.shell:Creating package script '/home/khuluq/hayago_ws/install/drone_control/share/drone_control/package.zsh'
[9.299s] Level 1:colcon.colcon_core.environment:create_file_with_runtime_dependencies(/home/khuluq/hayago_ws/install/drone_control/share/colcon-core/packages/drone_control)
[9.301s] DEBUG:colcon.colcon_parallel_executor.executor.parallel:closing loop
[9.302s] DEBUG:colcon.colcon_parallel_executor.executor.parallel:loop closed
[9.302s] DEBUG:colcon.colcon_parallel_executor.executor.parallel:run_until_complete finished with '0'
[9.302s] DEBUG:colcon.colcon_core.event_reactor:joining thread
[9.329s] INFO:colcon.colcon_core.plugin_system:Skipping extension 'colcon_notification.desktop_notification.terminal_notifier': Not used on non-Darwin systems
[9.330s] INFO:colcon.colcon_core.plugin_system:Skipping extension 'colcon_notification.desktop_notification.win32': Not used on non-Windows systems
[9.330s] INFO:colcon.colcon_notification.desktop_notification:Sending desktop notification using 'notify2'
[9.416s] DEBUG:colcon.colcon_core.event_reactor:joined thread
[9.423s] INFO:colcon.colcon_core.shell:Creating prefix script '/home/khuluq/hayago_ws/install/local_setup.ps1'
[9.426s] INFO:colcon.colcon_core.shell:Creating prefix util module '/home/khuluq/hayago_ws/install/_local_setup_util_ps1.py'
[9.435s] INFO:colcon.colcon_core.shell:Creating prefix chain script '/home/khuluq/hayago_ws/install/setup.ps1'
[9.446s] INFO:colcon.colcon_core.shell:Creating prefix script '/home/khuluq/hayago_ws/install/local_setup.sh'
[9.451s] INFO:colcon.colcon_core.shell:Creating prefix util module '/home/khuluq/hayago_ws/install/_local_setup_util_sh.py'
[9.453s] INFO:colcon.colcon_core.shell:Creating prefix chain script '/home/khuluq/hayago_ws/install/setup.sh'
[9.462s] INFO:colcon.colcon_core.shell:Creating prefix script '/home/khuluq/hayago_ws/install/local_setup.bash'
[9.464s] INFO:colcon.colcon_core.shell:Creating prefix chain script '/home/khuluq/hayago_ws/install/setup.bash'
[9.471s] INFO:colcon.colcon_core.shell:Creating prefix script '/home/khuluq/hayago_ws/install/local_setup.zsh'
[9.473s] INFO:colcon.colcon_core.shell:Creating prefix chain script '/home/khuluq/hayago_ws/install/setup.zsh'
