[1.426s] DEBUG:colcon:Command line arguments: ['/usr/bin/colcon', 'build', '--event-handlers', 'console_direct+', '--packages-select', 'drone_control']
[1.426s] DEBUG:colcon:Parsed command line arguments: Namespace(allow_overriding=[], ament_cmake_args=None, base_paths=['.'], build_base='build', catkin_cmake_args=None, catkin_skip_building_tests=False, cmake_args=None, cmake_clean_cache=False, cmake_clean_first=False, cmake_force_configure=False, cmake_target=None, cmake_target_skip_unavailable=False, continue_on_error=False, event_handlers=['console_direct+'], executor='parallel', ignore_user_meta=False, install_base='install', log_base=None, log_level=None, main=<bound method BuildVerb.main of <colcon_core.verb.build.BuildVerb object at 0x7fbd9651a970>>, merge_install=False, metas=['./colcon.meta'], packages_above=None, packages_above_and_dependencies=None, packages_above_depth=None, packages_end=None, packages_ignore=None, packages_ignore_regex=None, packages_select=['drone_control'], packages_select_build_failed=False, packages_select_by_dep=None, packages_select_regex=None, packages_select_test_failures=False, packages_skip=None, packages_skip_build_finished=False, packages_skip_by_dep=None, packages_skip_regex=None, packages_skip_test_passed=False, packages_skip_up_to=None, packages_start=None, packages_up_to=None, packages_up_to_regex=None, parallel_workers=4, paths=None, symlink_install=False, test_result_base=None, verb_extension=<colcon_core.verb.build.BuildVerb object at 0x7fbd9651a970>, verb_name='build', verb_parser=<colcon_defaults.argument_parser.defaults.DefaultArgumentsDecorator object at 0x7fbd9651ad00>)
[1.475s] Level 1:colcon.colcon_core.package_discovery:discover_packages(colcon_meta) check parameters
[1.475s] Level 1:colcon.colcon_core.package_discovery:discover_packages(recursive) check parameters
[1.475s] Level 1:colcon.colcon_core.package_discovery:discover_packages(ignore) check parameters
[1.475s] Level 1:colcon.colcon_core.package_discovery:discover_packages(path) check parameters
[1.476s] Level 1:colcon.colcon_core.package_discovery:discover_packages(colcon_meta) discover
[1.476s] Level 1:colcon.colcon_core.package_discovery:discover_packages(recursive) discover
[1.476s] INFO:colcon.colcon_core.package_discovery:Crawling recursively for packages in '/home/khuluq/hayago_ws'
[1.476s] Level 1:colcon.colcon_core.package_identification:_identify(.) by extensions ['ignore', 'ignore_ament_install']
[1.477s] Level 1:colcon.colcon_core.package_identification:_identify(.) by extension 'ignore'
[1.477s] Level 1:colcon.colcon_core.package_identification:_identify(.) by extension 'ignore_ament_install'
[1.477s] Level 1:colcon.colcon_core.package_identification:_identify(.) by extensions ['colcon_pkg']
[1.478s] Level 1:colcon.colcon_core.package_identification:_identify(.) by extension 'colcon_pkg'
[1.478s] Level 1:colcon.colcon_core.package_identification:_identify(.) by extensions ['colcon_meta']
[1.478s] Level 1:colcon.colcon_core.package_identification:_identify(.) by extension 'colcon_meta'
[1.478s] Level 1:colcon.colcon_core.package_identification:_identify(.) by extensions ['ros']
[1.478s] Level 1:colcon.colcon_core.package_identification:_identify(.) by extension 'ros'
[1.505s] Level 1:colcon.colcon_core.package_identification:_identify(.) by extensions ['cmake', 'python']
[1.505s] Level 1:colcon.colcon_core.package_identification:_identify(.) by extension 'cmake'
[1.505s] Level 1:colcon.colcon_core.package_identification:_identify(.) by extension 'python'
[1.506s] Level 1:colcon.colcon_core.package_identification:_identify(.) by extensions ['python_setup_py']
[1.506s] Level 1:colcon.colcon_core.package_identification:_identify(.) by extension 'python_setup_py'
[1.507s] Level 1:colcon.colcon_core.package_identification:_identify(build) by extensions ['ignore', 'ignore_ament_install']
[1.507s] Level 1:colcon.colcon_core.package_identification:_identify(build) by extension 'ignore'
[1.508s] Level 1:colcon.colcon_core.package_identification:_identify(build) ignored
[1.508s] Level 1:colcon.colcon_core.package_identification:_identify(install) by extensions ['ignore', 'ignore_ament_install']
[1.509s] Level 1:colcon.colcon_core.package_identification:_identify(install) by extension 'ignore'
[1.509s] Level 1:colcon.colcon_core.package_identification:_identify(install) ignored
[1.510s] Level 1:colcon.colcon_core.package_identification:_identify(log) by extensions ['ignore', 'ignore_ament_install']
[1.510s] Level 1:colcon.colcon_core.package_identification:_identify(log) by extension 'ignore'
[1.510s] Level 1:colcon.colcon_core.package_identification:_identify(log) ignored
[1.511s] Level 1:colcon.colcon_core.package_identification:_identify(src) by extensions ['ignore', 'ignore_ament_install']
[1.511s] Level 1:colcon.colcon_core.package_identification:_identify(src) by extension 'ignore'
[1.511s] Level 1:colcon.colcon_core.package_identification:_identify(src) by extension 'ignore_ament_install'
[1.511s] Level 1:colcon.colcon_core.package_identification:_identify(src) by extensions ['colcon_pkg']
[1.511s] Level 1:colcon.colcon_core.package_identification:_identify(src) by extension 'colcon_pkg'
[1.512s] Level 1:colcon.colcon_core.package_identification:_identify(src) by extensions ['colcon_meta']
[1.512s] Level 1:colcon.colcon_core.package_identification:_identify(src) by extension 'colcon_meta'
[1.512s] Level 1:colcon.colcon_core.package_identification:_identify(src) by extensions ['ros']
[1.512s] Level 1:colcon.colcon_core.package_identification:_identify(src) by extension 'ros'
[1.512s] Level 1:colcon.colcon_core.package_identification:_identify(src) by extensions ['cmake', 'python']
[1.512s] Level 1:colcon.colcon_core.package_identification:_identify(src) by extension 'cmake'
[1.513s] Level 1:colcon.colcon_core.package_identification:_identify(src) by extension 'python'
[1.513s] Level 1:colcon.colcon_core.package_identification:_identify(src) by extensions ['python_setup_py']
[1.513s] Level 1:colcon.colcon_core.package_identification:_identify(src) by extension 'python_setup_py'
[1.513s] Level 1:colcon.colcon_core.package_identification:_identify(src/drone_control) by extensions ['ignore', 'ignore_ament_install']
[1.514s] Level 1:colcon.colcon_core.package_identification:_identify(src/drone_control) by extension 'ignore'
[1.514s] Level 1:colcon.colcon_core.package_identification:_identify(src/drone_control) by extension 'ignore_ament_install'
[1.514s] Level 1:colcon.colcon_core.package_identification:_identify(src/drone_control) by extensions ['colcon_pkg']
[1.514s] Level 1:colcon.colcon_core.package_identification:_identify(src/drone_control) by extension 'colcon_pkg'
[1.514s] Level 1:colcon.colcon_core.package_identification:_identify(src/drone_control) by extensions ['colcon_meta']
[1.514s] Level 1:colcon.colcon_core.package_identification:_identify(src/drone_control) by extension 'colcon_meta'
[1.515s] Level 1:colcon.colcon_core.package_identification:_identify(src/drone_control) by extensions ['ros']
[1.515s] Level 1:colcon.colcon_core.package_identification:_identify(src/drone_control) by extension 'ros'
[1.521s] DEBUG:colcon.colcon_core.package_identification:Package 'src/drone_control' with type 'ros.ament_cmake' and name 'drone_control'
[1.522s] Level 1:colcon.colcon_core.package_discovery:discover_packages(recursive) using defaults
[1.522s] Level 1:colcon.colcon_core.package_discovery:discover_packages(ignore) discover
[1.522s] Level 1:colcon.colcon_core.package_discovery:discover_packages(ignore) using defaults
[1.522s] Level 1:colcon.colcon_core.package_discovery:discover_packages(path) discover
[1.522s] Level 1:colcon.colcon_core.package_discovery:discover_packages(path) using defaults
[1.571s] Level 1:colcon.colcon_core.package_discovery:discover_packages(prefix_path) check parameters
[1.572s] Level 1:colcon.colcon_core.package_discovery:discover_packages(prefix_path) discover
[1.578s] DEBUG:colcon.colcon_installed_package_information.package_discovery:Found 1 installed packages in /home/khuluq/drone_delivery_ws/install
[1.581s] DEBUG:colcon.colcon_installed_package_information.package_discovery:Found 5 installed packages in /home/khuluq/ros2_ws/install
[1.588s] DEBUG:colcon.colcon_installed_package_information.package_discovery:Found 6 installed packages in /home/khuluq/tello_ros_ws/install
[1.593s] DEBUG:colcon.colcon_installed_package_information.package_discovery:Found 296 installed packages in /opt/ros/foxy
[1.597s] Level 1:colcon.colcon_core.package_discovery:discover_packages(prefix_path) using defaults
[1.774s] Level 5:colcon.colcon_core.verb:set package 'drone_control' build argument 'cmake_args' from command line to 'None'
[1.774s] Level 5:colcon.colcon_core.verb:set package 'drone_control' build argument 'cmake_target' from command line to 'None'
[1.774s] Level 5:colcon.colcon_core.verb:set package 'drone_control' build argument 'cmake_target_skip_unavailable' from command line to 'False'
[1.774s] Level 5:colcon.colcon_core.verb:set package 'drone_control' build argument 'cmake_clean_cache' from command line to 'False'
[1.774s] Level 5:colcon.colcon_core.verb:set package 'drone_control' build argument 'cmake_clean_first' from command line to 'False'
[1.774s] Level 5:colcon.colcon_core.verb:set package 'drone_control' build argument 'cmake_force_configure' from command line to 'False'
[1.774s] Level 5:colcon.colcon_core.verb:set package 'drone_control' build argument 'ament_cmake_args' from command line to 'None'
[1.774s] Level 5:colcon.colcon_core.verb:set package 'drone_control' build argument 'catkin_cmake_args' from command line to 'None'
[1.774s] Level 5:colcon.colcon_core.verb:set package 'drone_control' build argument 'catkin_skip_building_tests' from command line to 'False'
[1.775s] DEBUG:colcon.colcon_core.verb:Building package 'drone_control' with the following arguments: {'ament_cmake_args': None, 'build_base': '/home/khuluq/hayago_ws/build/drone_control', 'catkin_cmake_args': None, 'catkin_skip_building_tests': False, 'cmake_args': None, 'cmake_clean_cache': False, 'cmake_clean_first': False, 'cmake_force_configure': False, 'cmake_target': None, 'cmake_target_skip_unavailable': False, 'install_base': '/home/khuluq/hayago_ws/install/drone_control', 'merge_install': False, 'path': '/home/khuluq/hayago_ws/src/drone_control', 'symlink_install': False, 'test_result_base': None}
[1.776s] INFO:colcon.colcon_core.executor:Executing jobs using 'parallel' executor
[1.784s] DEBUG:colcon.colcon_parallel_executor.executor.parallel:run_until_complete
[1.785s] INFO:colcon.colcon_ros.task.ament_cmake.build:Building ROS package in '/home/khuluq/hayago_ws/src/drone_control' with build type 'ament_cmake'
[1.785s] INFO:colcon.colcon_cmake.task.cmake.build:Building CMake package in '/home/khuluq/hayago_ws/src/drone_control'
[1.799s] INFO:colcon.colcon_core.plugin_system:Skipping extension 'colcon_core.shell.bat': Not used on non-Windows systems
[1.800s] INFO:colcon.colcon_core.shell:Skip shell extension 'powershell' for command environment: Not usable outside of PowerShell
[1.800s] DEBUG:colcon.colcon_core.shell:Skip shell extension 'dsv' for command environment
[1.839s] DEBUG:colcon.colcon_core.event_handler.log_command:Invoking command in '/home/khuluq/hayago_ws/build/drone_control': CMAKE_PREFIX_PATH=${CMAKE_PREFIX_PATH}:/home/khuluq/drone_delivery_ws/install/delivery:/opt/ros/foxy /usr/bin/cmake --build /home/khuluq/hayago_ws/build/drone_control -- -j4 -l4
[5.947s] DEBUG:colcon.colcon_core.event_handler.log_command:Invoked command in '/home/khuluq/hayago_ws/build/drone_control' returned '0': CMAKE_PREFIX_PATH=${CMAKE_PREFIX_PATH}:/home/khuluq/drone_delivery_ws/install/delivery:/opt/ros/foxy /usr/bin/cmake --build /home/khuluq/hayago_ws/build/drone_control -- -j4 -l4
[6.044s] DEBUG:colcon.colcon_core.event_handler.log_command:Invoking command in '/home/khuluq/hayago_ws/build/drone_control': CMAKE_PREFIX_PATH=${CMAKE_PREFIX_PATH}:/home/khuluq/drone_delivery_ws/install/delivery:/opt/ros/foxy /usr/bin/cmake --install /home/khuluq/hayago_ws/build/drone_control
[6.114s] Level 1:colcon.colcon_core.environment:create_environment_scripts_only(drone_control)
[6.124s] DEBUG:colcon.colcon_core.event_handler.log_command:Invoked command in '/home/khuluq/hayago_ws/build/drone_control' returned '0': CMAKE_PREFIX_PATH=${CMAKE_PREFIX_PATH}:/home/khuluq/drone_delivery_ws/install/delivery:/opt/ros/foxy /usr/bin/cmake --install /home/khuluq/hayago_ws/build/drone_control
[6.136s] Level 1:colcon.colcon_core.environment:checking '/home/khuluq/hayago_ws/install/drone_control' for CMake module files
[6.138s] Level 1:colcon.colcon_core.environment:checking '/home/khuluq/hayago_ws/install/drone_control' for CMake config files
[6.139s] Level 1:colcon.colcon_core.shell:create_environment_hook('drone_control', 'cmake_prefix_path')
[6.144s] INFO:colcon.colcon_core.shell:Creating environment hook '/home/khuluq/hayago_ws/install/drone_control/share/drone_control/hook/cmake_prefix_path.ps1'
[6.146s] INFO:colcon.colcon_core.shell:Creating environment descriptor '/home/khuluq/hayago_ws/install/drone_control/share/drone_control/hook/cmake_prefix_path.dsv'
[6.147s] INFO:colcon.colcon_core.shell:Creating environment hook '/home/khuluq/hayago_ws/install/drone_control/share/drone_control/hook/cmake_prefix_path.sh'
[6.150s] Level 1:colcon.colcon_core.environment:checking '/home/khuluq/hayago_ws/install/drone_control/lib'
[6.150s] Level 1:colcon.colcon_core.environment:checking '/home/khuluq/hayago_ws/install/drone_control/bin'
[6.150s] Level 1:colcon.colcon_core.environment:checking '/home/khuluq/hayago_ws/install/drone_control/lib/pkgconfig/drone_control.pc'
[6.151s] Level 1:colcon.colcon_core.environment:checking '/home/khuluq/hayago_ws/install/drone_control/lib/python3.8/site-packages'
[6.151s] Level 1:colcon.colcon_core.environment:checking '/home/khuluq/hayago_ws/install/drone_control/bin'
[6.154s] INFO:colcon.colcon_core.shell:Creating package script '/home/khuluq/hayago_ws/install/drone_control/share/drone_control/package.ps1'
[6.157s] INFO:colcon.colcon_core.shell:Creating package descriptor '/home/khuluq/hayago_ws/install/drone_control/share/drone_control/package.dsv'
[6.159s] INFO:colcon.colcon_core.shell:Creating package script '/home/khuluq/hayago_ws/install/drone_control/share/drone_control/package.sh'
[6.161s] INFO:colcon.colcon_core.shell:Creating package script '/home/khuluq/hayago_ws/install/drone_control/share/drone_control/package.bash'
[6.164s] INFO:colcon.colcon_core.shell:Creating package script '/home/khuluq/hayago_ws/install/drone_control/share/drone_control/package.zsh'
[6.165s] Level 1:colcon.colcon_core.environment:create_file_with_runtime_dependencies(/home/khuluq/hayago_ws/install/drone_control/share/colcon-core/packages/drone_control)
[6.228s] Level 1:colcon.colcon_core.environment:create_environment_scripts_only(drone_control)
[6.238s] Level 1:colcon.colcon_core.environment:checking '/home/khuluq/hayago_ws/install/drone_control' for CMake module files
[6.240s] Level 1:colcon.colcon_core.environment:checking '/home/khuluq/hayago_ws/install/drone_control' for CMake config files
[6.241s] Level 1:colcon.colcon_core.shell:create_environment_hook('drone_control', 'cmake_prefix_path')
[6.244s] INFO:colcon.colcon_core.shell:Creating environment hook '/home/khuluq/hayago_ws/install/drone_control/share/drone_control/hook/cmake_prefix_path.ps1'
[6.245s] INFO:colcon.colcon_core.shell:Creating environment descriptor '/home/khuluq/hayago_ws/install/drone_control/share/drone_control/hook/cmake_prefix_path.dsv'
[6.246s] INFO:colcon.colcon_core.shell:Creating environment hook '/home/khuluq/hayago_ws/install/drone_control/share/drone_control/hook/cmake_prefix_path.sh'
[6.247s] Level 1:colcon.colcon_core.environment:checking '/home/khuluq/hayago_ws/install/drone_control/lib'
[6.248s] Level 1:colcon.colcon_core.environment:checking '/home/khuluq/hayago_ws/install/drone_control/bin'
[6.248s] Level 1:colcon.colcon_core.environment:checking '/home/khuluq/hayago_ws/install/drone_control/lib/pkgconfig/drone_control.pc'
[6.248s] Level 1:colcon.colcon_core.environment:checking '/home/khuluq/hayago_ws/install/drone_control/lib/python3.8/site-packages'
[6.249s] Level 1:colcon.colcon_core.environment:checking '/home/khuluq/hayago_ws/install/drone_control/bin'
[6.252s] INFO:colcon.colcon_core.shell:Creating package script '/home/khuluq/hayago_ws/install/drone_control/share/drone_control/package.ps1'
[6.254s] INFO:colcon.colcon_core.shell:Creating package descriptor '/home/khuluq/hayago_ws/install/drone_control/share/drone_control/package.dsv'
[6.255s] INFO:colcon.colcon_core.shell:Creating package script '/home/khuluq/hayago_ws/install/drone_control/share/drone_control/package.sh'
[6.257s] INFO:colcon.colcon_core.shell:Creating package script '/home/khuluq/hayago_ws/install/drone_control/share/drone_control/package.bash'
[6.259s] INFO:colcon.colcon_core.shell:Creating package script '/home/khuluq/hayago_ws/install/drone_control/share/drone_control/package.zsh'
[6.260s] Level 1:colcon.colcon_core.environment:create_file_with_runtime_dependencies(/home/khuluq/hayago_ws/install/drone_control/share/colcon-core/packages/drone_control)
[6.261s] DEBUG:colcon.colcon_parallel_executor.executor.parallel:closing loop
[6.262s] DEBUG:colcon.colcon_parallel_executor.executor.parallel:loop closed
[6.263s] DEBUG:colcon.colcon_parallel_executor.executor.parallel:run_until_complete finished with '0'
[6.263s] DEBUG:colcon.colcon_core.event_reactor:joining thread
[6.276s] INFO:colcon.colcon_core.plugin_system:Skipping extension 'colcon_notification.desktop_notification.terminal_notifier': Not used on non-Darwin systems
[6.276s] INFO:colcon.colcon_core.plugin_system:Skipping extension 'colcon_notification.desktop_notification.win32': Not used on non-Windows systems
[6.276s] INFO:colcon.colcon_notification.desktop_notification:Sending desktop notification using 'notify2'
[6.317s] DEBUG:colcon.colcon_core.event_reactor:joined thread
[6.323s] INFO:colcon.colcon_core.shell:Creating prefix script '/home/khuluq/hayago_ws/install/local_setup.ps1'
[6.326s] INFO:colcon.colcon_core.shell:Creating prefix util module '/home/khuluq/hayago_ws/install/_local_setup_util_ps1.py'
[6.332s] INFO:colcon.colcon_core.shell:Creating prefix chain script '/home/khuluq/hayago_ws/install/setup.ps1'
[6.340s] INFO:colcon.colcon_core.shell:Creating prefix script '/home/khuluq/hayago_ws/install/local_setup.sh'
[6.342s] INFO:colcon.colcon_core.shell:Creating prefix util module '/home/khuluq/hayago_ws/install/_local_setup_util_sh.py'
[6.343s] INFO:colcon.colcon_core.shell:Creating prefix chain script '/home/khuluq/hayago_ws/install/setup.sh'
[6.348s] INFO:colcon.colcon_core.shell:Creating prefix script '/home/khuluq/hayago_ws/install/local_setup.bash'
[6.350s] INFO:colcon.colcon_core.shell:Creating prefix chain script '/home/khuluq/hayago_ws/install/setup.bash'
[6.354s] INFO:colcon.colcon_core.shell:Creating prefix script '/home/khuluq/hayago_ws/install/local_setup.zsh'
[6.356s] INFO:colcon.colcon_core.shell:Creating prefix chain script '/home/khuluq/hayago_ws/install/setup.zsh'
