-- Found ament_cmake: 0.9.11 (/opt/ros/foxy/share/ament_cmake/cmake)
-- Using PYTHON_EXECUTABLE: /usr/bin/python3
-- Found rclcpp: 2.4.2 (/opt/ros/foxy/share/rclcpp/cmake)
-- Using all available rosidl_typesupport_c: rosidl_typesupport_fastrtps_c;rosidl_typesupport_introspection_c
-- Found rosidl_adapter: 1.3.0 (/opt/ros/foxy/share/rosidl_adapter/cmake)
-- Using all available rosidl_typesupport_cpp: rosidl_typesupport_fastrtps_cpp;rosidl_typesupport_introspection_cpp
-- Found rmw_implementation_cmake: 1.0.4 (/opt/ros/foxy/share/rmw_implementation_cmake/cmake)
-- Using RMW implementation 'rmw_fastrtps_cpp' as default
-- Found sensor_msgs: 2.0.5 (/opt/ros/foxy/share/sensor_msgs/cmake)
-- Found mavros_msgs: 2.4.0 (/home/khuluq/ros2_ws/install/mavros_msgs/share/mavros_msgs/cmake)
-- Found tf2_geometry_msgs: 0.13.14 (/opt/ros/foxy/share/tf2_geometry_msgs/cmake)
-- Found eigen3_cmake_module: 0.1.1 (/opt/ros/foxy/share/eigen3_cmake_module/cmake)
-- Found ament_lint_auto: 0.9.8 (/opt/ros/foxy/share/ament_lint_auto/cmake)
-- Configuring done
-- Generating done
-- Build files have been written to: /home/khuluq/hayago_ws/build/drone_control
[35m[1mScanning dependencies of target drone_node[0m
[ 50%] [32mBuilding CXX object CMakeFiles/drone_node.dir/src/main.cpp.o[0m
[100%] [32m[1mLinking CXX executable drone_node[0m
[100%] Built target drone_node
-- Install configuration: ""
-- Installing: /home/khuluq/hayago_ws/install/drone_control/lib/drone_control/drone_node
-- Set runtime path of "/home/khuluq/hayago_ws/install/drone_control/lib/drone_control/drone_node" to ""
-- Up-to-date: /home/khuluq/hayago_ws/install/drone_control/share/ament_index/resource_index/package_run_dependencies/drone_control
-- Up-to-date: /home/khuluq/hayago_ws/install/drone_control/share/ament_index/resource_index/parent_prefix_path/drone_control
-- Up-to-date: /home/khuluq/hayago_ws/install/drone_control/share/drone_control/environment/ament_prefix_path.sh
-- Installing: /home/khuluq/hayago_ws/install/drone_control/share/drone_control/environment/ament_prefix_path.dsv
-- Up-to-date: /home/khuluq/hayago_ws/install/drone_control/share/drone_control/environment/path.sh
-- Installing: /home/khuluq/hayago_ws/install/drone_control/share/drone_control/environment/path.dsv
-- Up-to-date: /home/khuluq/hayago_ws/install/drone_control/share/drone_control/local_setup.bash
-- Up-to-date: /home/khuluq/hayago_ws/install/drone_control/share/drone_control/local_setup.sh
-- Up-to-date: /home/khuluq/hayago_ws/install/drone_control/share/drone_control/local_setup.zsh
-- Installing: /home/khuluq/hayago_ws/install/drone_control/share/drone_control/local_setup.dsv
-- Installing: /home/khuluq/hayago_ws/install/drone_control/share/drone_control/package.dsv
-- Up-to-date: /home/khuluq/hayago_ws/install/drone_control/share/ament_index/resource_index/packages/drone_control
-- Up-to-date: /home/khuluq/hayago_ws/install/drone_control/share/drone_control/cmake/drone_controlConfig.cmake
-- Up-to-date: /home/khuluq/hayago_ws/install/drone_control/share/drone_control/cmake/drone_controlConfig-version.cmake
-- Up-to-date: /home/khuluq/hayago_ws/install/drone_control/share/drone_control/package.xml
