-- Found ament_cmake: 0.9.11 (/opt/ros/foxy/share/ament_cmake/cmake)
-- Using PYTHON_EXECUTABLE: /usr/bin/python3
-- Found rclcpp: 2.4.2 (/opt/ros/foxy/share/rclcpp/cmake)
-- Using all available rosidl_typesupport_c: rosidl_typesupport_fastrtps_c;rosidl_typesupport_introspection_c
-- Found rosidl_adapter: 1.3.0 (/opt/ros/foxy/share/rosidl_adapter/cmake)
-- Using all available rosidl_typesupport_cpp: rosidl_typesupport_fastrtps_cpp;rosidl_typesupport_introspection_cpp
-- Found rmw_implementation_cmake: 1.0.4 (/opt/ros/foxy/share/rmw_implementation_cmake/cmake)
-- Using RMW implementation 'rmw_fastrtps_cpp' as default
-- Found sensor_msgs: 2.0.5 (/opt/ros/foxy/share/sensor_msgs/cmake)
-- Found mavros_msgs: 2.4.0 (/home/khuluq/ros2_ws/install/mavros_msgs/share/mavros_msgs/cmake)
-- Found ament_lint_auto: 0.9.8 (/opt/ros/foxy/share/ament_lint_auto/cmake)
-- Configuring done
-- Generating done
-- Build files have been written to: /home/khuluq/hayago_ws/build/drone_control
-- Install configuration: ""
-- Installing: /home/khuluq/hayago_ws/install/drone_control/share/ament_index/resource_index/package_run_dependencies/drone_control
-- Installing: /home/khuluq/hayago_ws/install/drone_control/share/ament_index/resource_index/parent_prefix_path/drone_control
-- Installing: /home/khuluq/hayago_ws/install/drone_control/share/drone_control/environment/ament_prefix_path.sh
-- Installing: /home/khuluq/hayago_ws/install/drone_control/share/drone_control/environment/ament_prefix_path.dsv
-- Installing: /home/khuluq/hayago_ws/install/drone_control/share/drone_control/environment/path.sh
-- Installing: /home/khuluq/hayago_ws/install/drone_control/share/drone_control/environment/path.dsv
-- Installing: /home/khuluq/hayago_ws/install/drone_control/share/drone_control/local_setup.bash
-- Installing: /home/khuluq/hayago_ws/install/drone_control/share/drone_control/local_setup.sh
-- Installing: /home/khuluq/hayago_ws/install/drone_control/share/drone_control/local_setup.zsh
-- Installing: /home/khuluq/hayago_ws/install/drone_control/share/drone_control/local_setup.dsv
-- Installing: /home/khuluq/hayago_ws/install/drone_control/share/drone_control/package.dsv
-- Installing: /home/khuluq/hayago_ws/install/drone_control/share/ament_index/resource_index/packages/drone_control
-- Installing: /home/khuluq/hayago_ws/install/drone_control/share/drone_control/cmake/drone_controlConfig.cmake
-- Installing: /home/khuluq/hayago_ws/install/drone_control/share/drone_control/cmake/drone_controlConfig-version.cmake
-- Installing: /home/khuluq/hayago_ws/install/drone_control/share/drone_control/package.xml
