[0.044s] Invoking command in '/home/khuluq/hayago_ws/build/drone_control': CMAKE_PREFIX_PATH=${CMAKE_PREFIX_PATH}:/home/khuluq/drone_delivery_ws/install/delivery:/opt/ros/foxy /usr/bin/cmake /home/khuluq/hayago_ws/src/drone_control -DCMAKE_INSTALL_PREFIX=/home/khuluq/hayago_ws/install/drone_control
[0.090s] -- Found ament_cmake: 0.9.11 (/opt/ros/foxy/share/ament_cmake/cmake)
[0.161s] -- Using PYTHON_EXECUTABLE: /usr/bin/python3
[0.777s] -- Found rclcpp: 2.4.2 (/opt/ros/foxy/share/rclcpp/cmake)
[0.860s] -- Using all available rosidl_typesupport_c: rosidl_typesupport_fastrtps_c;rosidl_typesupport_introspection_c
[0.867s] -- Found rosidl_adapter: 1.3.0 (/opt/ros/foxy/share/rosidl_adapter/cmake)
[1.201s] -- Using all available rosidl_typesupport_cpp: rosidl_typesupport_fastrtps_cpp;rosidl_typesupport_introspection_cpp
[1.387s] -- Found rmw_implementation_cmake: 1.0.4 (/opt/ros/foxy/share/rmw_implementation_cmake/cmake)
[1.391s] -- Using RMW implementation 'rmw_fastrtps_cpp' as default
[1.853s] -- Found sensor_msgs: 2.0.5 (/opt/ros/foxy/share/sensor_msgs/cmake)
[2.211s] -- Found mavros_msgs: 2.4.0 (/home/khuluq/ros2_ws/install/mavros_msgs/share/mavros_msgs/cmake)
[3.188s] -- Found ament_lint_auto: 0.9.8 (/opt/ros/foxy/share/ament_lint_auto/cmake)
[3.380s] -- Configuring done
[3.387s] -- Generating done
[3.391s] -- Build files have been written to: /home/khuluq/hayago_ws/build/drone_control
[3.412s] Invoked command in '/home/khuluq/hayago_ws/build/drone_control' returned '0': CMAKE_PREFIX_PATH=${CMAKE_PREFIX_PATH}:/home/khuluq/drone_delivery_ws/install/delivery:/opt/ros/foxy /usr/bin/cmake /home/khuluq/hayago_ws/src/drone_control -DCMAKE_INSTALL_PREFIX=/home/khuluq/hayago_ws/install/drone_control
[3.422s] Invoking command in '/home/khuluq/hayago_ws/build/drone_control': CMAKE_PREFIX_PATH=${CMAKE_PREFIX_PATH}:/home/khuluq/drone_delivery_ws/install/delivery:/opt/ros/foxy /usr/bin/cmake --build /home/khuluq/hayago_ws/build/drone_control -- -j4 -l4
[3.538s] Invoked command in '/home/khuluq/hayago_ws/build/drone_control' returned '0': CMAKE_PREFIX_PATH=${CMAKE_PREFIX_PATH}:/home/khuluq/drone_delivery_ws/install/delivery:/opt/ros/foxy /usr/bin/cmake --build /home/khuluq/hayago_ws/build/drone_control -- -j4 -l4
[3.656s] Invoking command in '/home/khuluq/hayago_ws/build/drone_control': CMAKE_PREFIX_PATH=${CMAKE_PREFIX_PATH}:/home/khuluq/drone_delivery_ws/install/delivery:/opt/ros/foxy /usr/bin/cmake --install /home/khuluq/hayago_ws/build/drone_control
[3.681s] -- Install configuration: ""
[3.682s] -- Installing: /home/khuluq/hayago_ws/install/drone_control/share/ament_index/resource_index/package_run_dependencies/drone_control
[3.683s] -- Installing: /home/khuluq/hayago_ws/install/drone_control/share/ament_index/resource_index/parent_prefix_path/drone_control
[3.684s] -- Installing: /home/khuluq/hayago_ws/install/drone_control/share/drone_control/environment/ament_prefix_path.sh
[3.685s] -- Installing: /home/khuluq/hayago_ws/install/drone_control/share/drone_control/environment/ament_prefix_path.dsv
[3.686s] -- Installing: /home/khuluq/hayago_ws/install/drone_control/share/drone_control/environment/path.sh
[3.686s] -- Installing: /home/khuluq/hayago_ws/install/drone_control/share/drone_control/environment/path.dsv
[3.687s] -- Installing: /home/khuluq/hayago_ws/install/drone_control/share/drone_control/local_setup.bash
[3.687s] -- Installing: /home/khuluq/hayago_ws/install/drone_control/share/drone_control/local_setup.sh
[3.688s] -- Installing: /home/khuluq/hayago_ws/install/drone_control/share/drone_control/local_setup.zsh
[3.688s] -- Installing: /home/khuluq/hayago_ws/install/drone_control/share/drone_control/local_setup.dsv
[3.688s] -- Installing: /home/khuluq/hayago_ws/install/drone_control/share/drone_control/package.dsv
[3.688s] -- Installing: /home/khuluq/hayago_ws/install/drone_control/share/ament_index/resource_index/packages/drone_control
[3.692s] -- Installing: /home/khuluq/hayago_ws/install/drone_control/share/drone_control/cmake/drone_controlConfig.cmake
[3.694s] -- Installing: /home/khuluq/hayago_ws/install/drone_control/share/drone_control/cmake/drone_controlConfig-version.cmake
[3.700s] -- Installing: /home/khuluq/hayago_ws/install/drone_control/share/drone_control/package.xml
[3.700s] Invoked command in '/home/khuluq/hayago_ws/build/drone_control' returned '0': CMAKE_PREFIX_PATH=${CMAKE_PREFIX_PATH}:/home/khuluq/drone_delivery_ws/install/delivery:/opt/ros/foxy /usr/bin/cmake --install /home/khuluq/hayago_ws/build/drone_control
