[1.412s] DEBUG:colcon:Command line arguments: ['/usr/bin/colcon', 'build']
[1.412s] DEBUG:colcon:Parsed command line arguments: Namespace(allow_overriding=[], ament_cmake_args=None, base_paths=['.'], build_base='build', catkin_cmake_args=None, catkin_skip_building_tests=False, cmake_args=None, cmake_clean_cache=False, cmake_clean_first=False, cmake_force_configure=False, cmake_target=None, cmake_target_skip_unavailable=False, continue_on_error=False, event_handlers=None, executor='parallel', ignore_user_meta=False, install_base='install', log_base=None, log_level=None, main=<bound method BuildVerb.main of <colcon_core.verb.build.BuildVerb object at 0x7f909425e7f0>>, merge_install=False, metas=['./colcon.meta'], packages_above=None, packages_above_and_dependencies=None, packages_above_depth=None, packages_end=None, packages_ignore=None, packages_ignore_regex=None, packages_select=None, packages_select_build_failed=False, packages_select_by_dep=None, packages_select_regex=None, packages_select_test_failures=False, packages_skip=None, packages_skip_build_finished=False, packages_skip_by_dep=None, packages_skip_regex=None, packages_skip_test_passed=False, packages_skip_up_to=None, packages_start=None, packages_up_to=None, packages_up_to_regex=None, parallel_workers=4, paths=None, symlink_install=False, test_result_base=None, verb_extension=<colcon_core.verb.build.BuildVerb object at 0x7f909425e7f0>, verb_name='build', verb_parser=<colcon_defaults.argument_parser.defaults.DefaultArgumentsDecorator object at 0x7f909425e2e0>)
[1.471s] Level 1:colcon.colcon_core.package_discovery:discover_packages(colcon_meta) check parameters
[1.471s] Level 1:colcon.colcon_core.package_discovery:discover_packages(recursive) check parameters
[1.472s] Level 1:colcon.colcon_core.package_discovery:discover_packages(ignore) check parameters
[1.472s] Level 1:colcon.colcon_core.package_discovery:discover_packages(path) check parameters
[1.472s] Level 1:colcon.colcon_core.package_discovery:discover_packages(colcon_meta) discover
[1.472s] Level 1:colcon.colcon_core.package_discovery:discover_packages(recursive) discover
[1.472s] INFO:colcon.colcon_core.package_discovery:Crawling recursively for packages in '/home/khuluq/hayago_ws'
[1.473s] Level 1:colcon.colcon_core.package_identification:_identify(.) by extensions ['ignore', 'ignore_ament_install']
[1.473s] Level 1:colcon.colcon_core.package_identification:_identify(.) by extension 'ignore'
[1.473s] Level 1:colcon.colcon_core.package_identification:_identify(.) by extension 'ignore_ament_install'
[1.474s] Level 1:colcon.colcon_core.package_identification:_identify(.) by extensions ['colcon_pkg']
[1.474s] Level 1:colcon.colcon_core.package_identification:_identify(.) by extension 'colcon_pkg'
[1.474s] Level 1:colcon.colcon_core.package_identification:_identify(.) by extensions ['colcon_meta']
[1.474s] Level 1:colcon.colcon_core.package_identification:_identify(.) by extension 'colcon_meta'
[1.474s] Level 1:colcon.colcon_core.package_identification:_identify(.) by extensions ['ros']
[1.474s] Level 1:colcon.colcon_core.package_identification:_identify(.) by extension 'ros'
[1.502s] Level 1:colcon.colcon_core.package_identification:_identify(.) by extensions ['cmake', 'python']
[1.502s] Level 1:colcon.colcon_core.package_identification:_identify(.) by extension 'cmake'
[1.503s] Level 1:colcon.colcon_core.package_identification:_identify(.) by extension 'python'
[1.503s] Level 1:colcon.colcon_core.package_identification:_identify(.) by extensions ['python_setup_py']
[1.503s] Level 1:colcon.colcon_core.package_identification:_identify(.) by extension 'python_setup_py'
[1.503s] Level 1:colcon.colcon_core.package_identification:_identify(build) by extensions ['ignore', 'ignore_ament_install']
[1.504s] Level 1:colcon.colcon_core.package_identification:_identify(build) by extension 'ignore'
[1.504s] Level 1:colcon.colcon_core.package_identification:_identify(build) ignored
[1.504s] Level 1:colcon.colcon_core.package_identification:_identify(install) by extensions ['ignore', 'ignore_ament_install']
[1.505s] Level 1:colcon.colcon_core.package_identification:_identify(install) by extension 'ignore'
[1.505s] Level 1:colcon.colcon_core.package_identification:_identify(install) ignored
[1.505s] Level 1:colcon.colcon_core.package_identification:_identify(log) by extensions ['ignore', 'ignore_ament_install']
[1.506s] Level 1:colcon.colcon_core.package_identification:_identify(log) by extension 'ignore'
[1.506s] Level 1:colcon.colcon_core.package_identification:_identify(log) ignored
[1.506s] Level 1:colcon.colcon_core.package_identification:_identify(src) by extensions ['ignore', 'ignore_ament_install']
[1.507s] Level 1:colcon.colcon_core.package_identification:_identify(src) by extension 'ignore'
[1.507s] Level 1:colcon.colcon_core.package_identification:_identify(src) by extension 'ignore_ament_install'
[1.507s] Level 1:colcon.colcon_core.package_identification:_identify(src) by extensions ['colcon_pkg']
[1.507s] Level 1:colcon.colcon_core.package_identification:_identify(src) by extension 'colcon_pkg'
[1.507s] Level 1:colcon.colcon_core.package_identification:_identify(src) by extensions ['colcon_meta']
[1.507s] Level 1:colcon.colcon_core.package_identification:_identify(src) by extension 'colcon_meta'
[1.508s] Level 1:colcon.colcon_core.package_identification:_identify(src) by extensions ['ros']
[1.508s] Level 1:colcon.colcon_core.package_identification:_identify(src) by extension 'ros'
[1.508s] Level 1:colcon.colcon_core.package_identification:_identify(src) by extensions ['cmake', 'python']
[1.508s] Level 1:colcon.colcon_core.package_identification:_identify(src) by extension 'cmake'
[1.509s] Level 1:colcon.colcon_core.package_identification:_identify(src) by extension 'python'
[1.509s] Level 1:colcon.colcon_core.package_identification:_identify(src) by extensions ['python_setup_py']
[1.509s] Level 1:colcon.colcon_core.package_identification:_identify(src) by extension 'python_setup_py'
[1.509s] Level 1:colcon.colcon_core.package_identification:_identify(src/drone_control) by extensions ['ignore', 'ignore_ament_install']
[1.510s] Level 1:colcon.colcon_core.package_identification:_identify(src/drone_control) by extension 'ignore'
[1.510s] Level 1:colcon.colcon_core.package_identification:_identify(src/drone_control) by extension 'ignore_ament_install'
[1.510s] Level 1:colcon.colcon_core.package_identification:_identify(src/drone_control) by extensions ['colcon_pkg']
[1.510s] Level 1:colcon.colcon_core.package_identification:_identify(src/drone_control) by extension 'colcon_pkg'
[1.510s] Level 1:colcon.colcon_core.package_identification:_identify(src/drone_control) by extensions ['colcon_meta']
[1.510s] Level 1:colcon.colcon_core.package_identification:_identify(src/drone_control) by extension 'colcon_meta'
[1.510s] Level 1:colcon.colcon_core.package_identification:_identify(src/drone_control) by extensions ['ros']
[1.510s] Level 1:colcon.colcon_core.package_identification:_identify(src/drone_control) by extension 'ros'
[1.522s] DEBUG:colcon.colcon_core.package_identification:Package 'src/drone_control' with type 'ros.ament_cmake' and name 'drone_control'
[1.523s] Level 1:colcon.colcon_core.package_identification:_identify(src/px4_msgs) by extensions ['ignore', 'ignore_ament_install']
[1.523s] Level 1:colcon.colcon_core.package_identification:_identify(src/px4_msgs) by extension 'ignore'
[1.523s] Level 1:colcon.colcon_core.package_identification:_identify(src/px4_msgs) by extension 'ignore_ament_install'
[1.524s] Level 1:colcon.colcon_core.package_identification:_identify(src/px4_msgs) by extensions ['colcon_pkg']
[1.524s] Level 1:colcon.colcon_core.package_identification:_identify(src/px4_msgs) by extension 'colcon_pkg'
[1.524s] Level 1:colcon.colcon_core.package_identification:_identify(src/px4_msgs) by extensions ['colcon_meta']
[1.524s] Level 1:colcon.colcon_core.package_identification:_identify(src/px4_msgs) by extension 'colcon_meta'
[1.524s] Level 1:colcon.colcon_core.package_identification:_identify(src/px4_msgs) by extensions ['ros']
[1.525s] Level 1:colcon.colcon_core.package_identification:_identify(src/px4_msgs) by extension 'ros'
[1.526s] DEBUG:colcon.colcon_core.package_identification:Package 'src/px4_msgs' with type 'ros.ament_cmake' and name 'px4_msgs'
[1.527s] Level 1:colcon.colcon_core.package_identification:_identify(src/px4_ros_com) by extensions ['ignore', 'ignore_ament_install']
[1.527s] Level 1:colcon.colcon_core.package_identification:_identify(src/px4_ros_com) by extension 'ignore'
[1.527s] Level 1:colcon.colcon_core.package_identification:_identify(src/px4_ros_com) by extension 'ignore_ament_install'
[1.527s] Level 1:colcon.colcon_core.package_identification:_identify(src/px4_ros_com) by extensions ['colcon_pkg']
[1.528s] Level 1:colcon.colcon_core.package_identification:_identify(src/px4_ros_com) by extension 'colcon_pkg'
[1.528s] Level 1:colcon.colcon_core.package_identification:_identify(src/px4_ros_com) by extensions ['colcon_meta']
[1.528s] Level 1:colcon.colcon_core.package_identification:_identify(src/px4_ros_com) by extension 'colcon_meta'
[1.528s] Level 1:colcon.colcon_core.package_identification:_identify(src/px4_ros_com) by extensions ['ros']
[1.528s] Level 1:colcon.colcon_core.package_identification:_identify(src/px4_ros_com) by extension 'ros'
[1.534s] DEBUG:colcon.colcon_core.package_identification:Package 'src/px4_ros_com' with type 'ros.ament_cmake' and name 'px4_ros_com'
[1.534s] Level 1:colcon.colcon_core.package_discovery:discover_packages(recursive) using defaults
[1.534s] Level 1:colcon.colcon_core.package_discovery:discover_packages(ignore) discover
[1.534s] Level 1:colcon.colcon_core.package_discovery:discover_packages(ignore) using defaults
[1.534s] Level 1:colcon.colcon_core.package_discovery:discover_packages(path) discover
[1.535s] Level 1:colcon.colcon_core.package_discovery:discover_packages(path) using defaults
[1.601s] Level 1:colcon.colcon_core.package_discovery:discover_packages(prefix_path) check parameters
[1.601s] Level 1:colcon.colcon_core.package_discovery:discover_packages(prefix_path) discover
[1.612s] DEBUG:colcon.colcon_installed_package_information.package_discovery:Found 1 installed packages in /home/khuluq/drone_delivery_ws/install
[1.617s] DEBUG:colcon.colcon_installed_package_information.package_discovery:Found 5 installed packages in /home/khuluq/ros2_ws/install
[1.622s] DEBUG:colcon.colcon_installed_package_information.package_discovery:Found 6 installed packages in /home/khuluq/tello_ros_ws/install
[1.628s] DEBUG:colcon.colcon_installed_package_information.package_discovery:Found 296 installed packages in /opt/ros/foxy
[1.632s] Level 1:colcon.colcon_core.package_discovery:discover_packages(prefix_path) using defaults
[1.824s] Level 5:colcon.colcon_core.verb:set package 'drone_control' build argument 'cmake_args' from command line to 'None'
[1.824s] Level 5:colcon.colcon_core.verb:set package 'drone_control' build argument 'cmake_target' from command line to 'None'
[1.824s] Level 5:colcon.colcon_core.verb:set package 'drone_control' build argument 'cmake_target_skip_unavailable' from command line to 'False'
[1.824s] Level 5:colcon.colcon_core.verb:set package 'drone_control' build argument 'cmake_clean_cache' from command line to 'False'
[1.825s] Level 5:colcon.colcon_core.verb:set package 'drone_control' build argument 'cmake_clean_first' from command line to 'False'
[1.825s] Level 5:colcon.colcon_core.verb:set package 'drone_control' build argument 'cmake_force_configure' from command line to 'False'
[1.825s] Level 5:colcon.colcon_core.verb:set package 'drone_control' build argument 'ament_cmake_args' from command line to 'None'
[1.825s] Level 5:colcon.colcon_core.verb:set package 'drone_control' build argument 'catkin_cmake_args' from command line to 'None'
[1.825s] Level 5:colcon.colcon_core.verb:set package 'drone_control' build argument 'catkin_skip_building_tests' from command line to 'False'
[1.825s] DEBUG:colcon.colcon_core.verb:Building package 'drone_control' with the following arguments: {'ament_cmake_args': None, 'build_base': '/home/khuluq/hayago_ws/build/drone_control', 'catkin_cmake_args': None, 'catkin_skip_building_tests': False, 'cmake_args': None, 'cmake_clean_cache': False, 'cmake_clean_first': False, 'cmake_force_configure': False, 'cmake_target': None, 'cmake_target_skip_unavailable': False, 'install_base': '/home/khuluq/hayago_ws/install/drone_control', 'merge_install': False, 'path': '/home/khuluq/hayago_ws/src/drone_control', 'symlink_install': False, 'test_result_base': None}
[1.828s] Level 5:colcon.colcon_core.verb:set package 'px4_msgs' build argument 'cmake_args' from command line to 'None'
[1.828s] Level 5:colcon.colcon_core.verb:set package 'px4_msgs' build argument 'cmake_target' from command line to 'None'
[1.828s] Level 5:colcon.colcon_core.verb:set package 'px4_msgs' build argument 'cmake_target_skip_unavailable' from command line to 'False'
[1.829s] Level 5:colcon.colcon_core.verb:set package 'px4_msgs' build argument 'cmake_clean_cache' from command line to 'False'
[1.829s] Level 5:colcon.colcon_core.verb:set package 'px4_msgs' build argument 'cmake_clean_first' from command line to 'False'
[1.829s] Level 5:colcon.colcon_core.verb:set package 'px4_msgs' build argument 'cmake_force_configure' from command line to 'False'
[1.829s] Level 5:colcon.colcon_core.verb:set package 'px4_msgs' build argument 'ament_cmake_args' from command line to 'None'
[1.829s] Level 5:colcon.colcon_core.verb:set package 'px4_msgs' build argument 'catkin_cmake_args' from command line to 'None'
[1.829s] Level 5:colcon.colcon_core.verb:set package 'px4_msgs' build argument 'catkin_skip_building_tests' from command line to 'False'
[1.829s] DEBUG:colcon.colcon_core.verb:Building package 'px4_msgs' with the following arguments: {'ament_cmake_args': None, 'build_base': '/home/khuluq/hayago_ws/build/px4_msgs', 'catkin_cmake_args': None, 'catkin_skip_building_tests': False, 'cmake_args': None, 'cmake_clean_cache': False, 'cmake_clean_first': False, 'cmake_force_configure': False, 'cmake_target': None, 'cmake_target_skip_unavailable': False, 'install_base': '/home/khuluq/hayago_ws/install/px4_msgs', 'merge_install': False, 'path': '/home/khuluq/hayago_ws/src/px4_msgs', 'symlink_install': False, 'test_result_base': None}
[1.831s] Level 5:colcon.colcon_core.verb:set package 'px4_ros_com' build argument 'cmake_args' from command line to 'None'
[1.831s] Level 5:colcon.colcon_core.verb:set package 'px4_ros_com' build argument 'cmake_target' from command line to 'None'
[1.831s] Level 5:colcon.colcon_core.verb:set package 'px4_ros_com' build argument 'cmake_target_skip_unavailable' from command line to 'False'
[1.831s] Level 5:colcon.colcon_core.verb:set package 'px4_ros_com' build argument 'cmake_clean_cache' from command line to 'False'
[1.832s] Level 5:colcon.colcon_core.verb:set package 'px4_ros_com' build argument 'cmake_clean_first' from command line to 'False'
[1.832s] Level 5:colcon.colcon_core.verb:set package 'px4_ros_com' build argument 'cmake_force_configure' from command line to 'False'
[1.832s] Level 5:colcon.colcon_core.verb:set package 'px4_ros_com' build argument 'ament_cmake_args' from command line to 'None'
[1.832s] Level 5:colcon.colcon_core.verb:set package 'px4_ros_com' build argument 'catkin_cmake_args' from command line to 'None'
[1.832s] Level 5:colcon.colcon_core.verb:set package 'px4_ros_com' build argument 'catkin_skip_building_tests' from command line to 'False'
[1.832s] DEBUG:colcon.colcon_core.verb:Building package 'px4_ros_com' with the following arguments: {'ament_cmake_args': None, 'build_base': '/home/khuluq/hayago_ws/build/px4_ros_com', 'catkin_cmake_args': None, 'catkin_skip_building_tests': False, 'cmake_args': None, 'cmake_clean_cache': False, 'cmake_clean_first': False, 'cmake_force_configure': False, 'cmake_target': None, 'cmake_target_skip_unavailable': False, 'install_base': '/home/khuluq/hayago_ws/install/px4_ros_com', 'merge_install': False, 'path': '/home/khuluq/hayago_ws/src/px4_ros_com', 'symlink_install': False, 'test_result_base': None}
[1.834s] INFO:colcon.colcon_core.executor:Executing jobs using 'parallel' executor
[1.845s] DEBUG:colcon.colcon_parallel_executor.executor.parallel:run_until_complete
[1.845s] INFO:colcon.colcon_ros.task.ament_cmake.build:Building ROS package in '/home/khuluq/hayago_ws/src/px4_msgs' with build type 'ament_cmake'
[1.846s] INFO:colcon.colcon_cmake.task.cmake.build:Building CMake package in '/home/khuluq/hayago_ws/src/px4_msgs'
[1.858s] INFO:colcon.colcon_core.plugin_system:Skipping extension 'colcon_core.shell.bat': Not used on non-Windows systems
[1.859s] INFO:colcon.colcon_core.shell:Skip shell extension 'powershell' for command environment: Not usable outside of PowerShell
[1.859s] DEBUG:colcon.colcon_core.shell:Skip shell extension 'dsv' for command environment
[1.887s] INFO:colcon.colcon_ros.task.ament_cmake.build:Building ROS package in '/home/khuluq/hayago_ws/src/drone_control' with build type 'ament_cmake'
[1.888s] INFO:colcon.colcon_cmake.task.cmake.build:Building CMake package in '/home/khuluq/hayago_ws/src/drone_control'
[1.898s] INFO:colcon.colcon_core.shell:Skip shell extension 'powershell' for command environment: Not usable outside of PowerShell
[1.899s] DEBUG:colcon.colcon_core.shell:Skip shell extension 'dsv' for command environment
[1.941s] DEBUG:colcon.colcon_core.event_handler.log_command:Invoking command in '/home/khuluq/hayago_ws/build/px4_msgs': CMAKE_PREFIX_PATH=${CMAKE_PREFIX_PATH}:/home/khuluq/drone_delivery_ws/install/delivery:/opt/ros/foxy /usr/bin/cmake /home/khuluq/hayago_ws/src/px4_msgs -DCMAKE_INSTALL_PREFIX=/home/khuluq/hayago_ws/install/px4_msgs
[1.976s] DEBUG:colcon.colcon_core.event_handler.log_command:Invoking command in '/home/khuluq/hayago_ws/build/drone_control': CMAKE_PREFIX_PATH=${CMAKE_PREFIX_PATH}:/home/khuluq/drone_delivery_ws/install/delivery:/opt/ros/foxy /usr/bin/cmake --build /home/khuluq/hayago_ws/build/drone_control -- -j4 -l4
[2.331s] DEBUG:colcon.colcon_core.event_handler.log_command:Invoked command in '/home/khuluq/hayago_ws/build/drone_control' returned '0': CMAKE_PREFIX_PATH=${CMAKE_PREFIX_PATH}:/home/khuluq/drone_delivery_ws/install/delivery:/opt/ros/foxy /usr/bin/cmake --build /home/khuluq/hayago_ws/build/drone_control -- -j4 -l4
[2.519s] DEBUG:colcon.colcon_core.event_handler.log_command:Invoking command in '/home/khuluq/hayago_ws/build/drone_control': CMAKE_PREFIX_PATH=${CMAKE_PREFIX_PATH}:/home/khuluq/drone_delivery_ws/install/delivery:/opt/ros/foxy /usr/bin/cmake --install /home/khuluq/hayago_ws/build/drone_control
[2.631s] Level 1:colcon.colcon_core.environment:create_environment_scripts_only(drone_control)
[2.632s] DEBUG:colcon.colcon_core.event_handler.log_command:Invoked command in '/home/khuluq/hayago_ws/build/drone_control' returned '0': CMAKE_PREFIX_PATH=${CMAKE_PREFIX_PATH}:/home/khuluq/drone_delivery_ws/install/delivery:/opt/ros/foxy /usr/bin/cmake --install /home/khuluq/hayago_ws/build/drone_control
[2.663s] Level 1:colcon.colcon_core.environment:checking '/home/khuluq/hayago_ws/install/drone_control' for CMake module files
[2.671s] Level 1:colcon.colcon_core.environment:checking '/home/khuluq/hayago_ws/install/drone_control' for CMake config files
[2.672s] Level 1:colcon.colcon_core.shell:create_environment_hook('drone_control', 'cmake_prefix_path')
[2.677s] INFO:colcon.colcon_core.shell:Creating environment hook '/home/khuluq/hayago_ws/install/drone_control/share/drone_control/hook/cmake_prefix_path.ps1'
[2.679s] INFO:colcon.colcon_core.shell:Creating environment descriptor '/home/khuluq/hayago_ws/install/drone_control/share/drone_control/hook/cmake_prefix_path.dsv'
[2.680s] INFO:colcon.colcon_core.shell:Creating environment hook '/home/khuluq/hayago_ws/install/drone_control/share/drone_control/hook/cmake_prefix_path.sh'
[2.683s] Level 1:colcon.colcon_core.environment:checking '/home/khuluq/hayago_ws/install/drone_control/lib'
[2.684s] Level 1:colcon.colcon_core.environment:checking '/home/khuluq/hayago_ws/install/drone_control/bin'
[2.684s] Level 1:colcon.colcon_core.environment:checking '/home/khuluq/hayago_ws/install/drone_control/lib/pkgconfig/drone_control.pc'
[2.685s] Level 1:colcon.colcon_core.environment:checking '/home/khuluq/hayago_ws/install/drone_control/lib/python3.8/site-packages'
[2.687s] Level 1:colcon.colcon_core.environment:checking '/home/khuluq/hayago_ws/install/drone_control/bin'
[2.701s] INFO:colcon.colcon_core.shell:Creating package script '/home/khuluq/hayago_ws/install/drone_control/share/drone_control/package.ps1'
[2.707s] INFO:colcon.colcon_core.shell:Creating package descriptor '/home/khuluq/hayago_ws/install/drone_control/share/drone_control/package.dsv'
[2.709s] INFO:colcon.colcon_core.shell:Creating package script '/home/khuluq/hayago_ws/install/drone_control/share/drone_control/package.sh'
[2.714s] INFO:colcon.colcon_core.shell:Creating package script '/home/khuluq/hayago_ws/install/drone_control/share/drone_control/package.bash'
[2.719s] INFO:colcon.colcon_core.shell:Creating package script '/home/khuluq/hayago_ws/install/drone_control/share/drone_control/package.zsh'
[2.724s] Level 1:colcon.colcon_core.environment:create_file_with_runtime_dependencies(/home/khuluq/hayago_ws/install/drone_control/share/colcon-core/packages/drone_control)
[2.928s] Level 1:colcon.colcon_core.environment:create_environment_scripts_only(drone_control)
[2.936s] Level 1:colcon.colcon_core.environment:checking '/home/khuluq/hayago_ws/install/drone_control' for CMake module files
[2.938s] Level 1:colcon.colcon_core.environment:checking '/home/khuluq/hayago_ws/install/drone_control' for CMake config files
[2.939s] Level 1:colcon.colcon_core.shell:create_environment_hook('drone_control', 'cmake_prefix_path')
[2.948s] INFO:colcon.colcon_core.shell:Creating environment hook '/home/khuluq/hayago_ws/install/drone_control/share/drone_control/hook/cmake_prefix_path.ps1'
[2.949s] INFO:colcon.colcon_core.shell:Creating environment descriptor '/home/khuluq/hayago_ws/install/drone_control/share/drone_control/hook/cmake_prefix_path.dsv'
[2.950s] INFO:colcon.colcon_core.shell:Creating environment hook '/home/khuluq/hayago_ws/install/drone_control/share/drone_control/hook/cmake_prefix_path.sh'
[2.952s] Level 1:colcon.colcon_core.environment:checking '/home/khuluq/hayago_ws/install/drone_control/lib'
[2.952s] Level 1:colcon.colcon_core.environment:checking '/home/khuluq/hayago_ws/install/drone_control/bin'
[2.952s] Level 1:colcon.colcon_core.environment:checking '/home/khuluq/hayago_ws/install/drone_control/lib/pkgconfig/drone_control.pc'
[2.953s] Level 1:colcon.colcon_core.environment:checking '/home/khuluq/hayago_ws/install/drone_control/lib/python3.8/site-packages'
[2.954s] Level 1:colcon.colcon_core.environment:checking '/home/khuluq/hayago_ws/install/drone_control/bin'
[2.962s] INFO:colcon.colcon_core.shell:Creating package script '/home/khuluq/hayago_ws/install/drone_control/share/drone_control/package.ps1'
[2.969s] INFO:colcon.colcon_core.shell:Creating package descriptor '/home/khuluq/hayago_ws/install/drone_control/share/drone_control/package.dsv'
[2.971s] INFO:colcon.colcon_core.shell:Creating package script '/home/khuluq/hayago_ws/install/drone_control/share/drone_control/package.sh'
[2.973s] INFO:colcon.colcon_core.shell:Creating package script '/home/khuluq/hayago_ws/install/drone_control/share/drone_control/package.bash'
[2.974s] INFO:colcon.colcon_core.shell:Creating package script '/home/khuluq/hayago_ws/install/drone_control/share/drone_control/package.zsh'
[2.975s] Level 1:colcon.colcon_core.environment:create_file_with_runtime_dependencies(/home/khuluq/hayago_ws/install/drone_control/share/colcon-core/packages/drone_control)
[14.731s] DEBUG:colcon.colcon_core.event_handler.log_command:Invoked command in '/home/khuluq/hayago_ws/build/px4_msgs' returned '0': CMAKE_PREFIX_PATH=${CMAKE_PREFIX_PATH}:/home/khuluq/drone_delivery_ws/install/delivery:/opt/ros/foxy /usr/bin/cmake /home/khuluq/hayago_ws/src/px4_msgs -DCMAKE_INSTALL_PREFIX=/home/khuluq/hayago_ws/install/px4_msgs
[14.736s] DEBUG:colcon.colcon_core.event_handler.log_command:Invoking command in '/home/khuluq/hayago_ws/build/px4_msgs': CMAKE_PREFIX_PATH=${CMAKE_PREFIX_PATH}:/home/khuluq/drone_delivery_ws/install/delivery:/opt/ros/foxy /usr/bin/cmake --build /home/khuluq/hayago_ws/build/px4_msgs -- -j4 -l4
[1476.848s] DEBUG:colcon.colcon_core.event_handler.log_command:Invoked command in '/home/khuluq/hayago_ws/build/px4_msgs' returned '0': CMAKE_PREFIX_PATH=${CMAKE_PREFIX_PATH}:/home/khuluq/drone_delivery_ws/install/delivery:/opt/ros/foxy /usr/bin/cmake --build /home/khuluq/hayago_ws/build/px4_msgs -- -j4 -l4
[1488.780s] DEBUG:colcon.colcon_core.event_handler.log_command:Invoking command in '/home/khuluq/hayago_ws/build/px4_msgs': CMAKE_PREFIX_PATH=${CMAKE_PREFIX_PATH}:/home/khuluq/drone_delivery_ws/install/delivery:/opt/ros/foxy /usr/bin/cmake --install /home/khuluq/hayago_ws/build/px4_msgs
[1492.116s] Level 1:colcon.colcon_core.environment:create_environment_scripts_only(px4_msgs)
[1492.132s] Level 1:colcon.colcon_core.environment:checking '/home/khuluq/hayago_ws/install/px4_msgs' for CMake module files
[1492.134s] Level 1:colcon.colcon_core.environment:checking '/home/khuluq/hayago_ws/install/px4_msgs' for CMake config files
[1492.118s] DEBUG:colcon.colcon_core.event_handler.log_command:Invoked command in '/home/khuluq/hayago_ws/build/px4_msgs' returned '0': CMAKE_PREFIX_PATH=${CMAKE_PREFIX_PATH}:/home/khuluq/drone_delivery_ws/install/delivery:/opt/ros/foxy /usr/bin/cmake --install /home/khuluq/hayago_ws/build/px4_msgs
[1492.159s] Level 1:colcon.colcon_core.shell:create_environment_hook('px4_msgs', 'cmake_prefix_path')
[1492.166s] INFO:colcon.colcon_core.shell:Creating environment hook '/home/khuluq/hayago_ws/install/px4_msgs/share/px4_msgs/hook/cmake_prefix_path.ps1'
[1492.168s] INFO:colcon.colcon_core.shell:Creating environment descriptor '/home/khuluq/hayago_ws/install/px4_msgs/share/px4_msgs/hook/cmake_prefix_path.dsv'
[1492.169s] INFO:colcon.colcon_core.shell:Creating environment hook '/home/khuluq/hayago_ws/install/px4_msgs/share/px4_msgs/hook/cmake_prefix_path.sh'
[1492.171s] Level 1:colcon.colcon_core.environment:checking '/home/khuluq/hayago_ws/install/px4_msgs/lib'
[1492.172s] Level 1:colcon.colcon_core.shell:create_environment_hook('px4_msgs', 'ld_library_path_lib')
[1492.178s] INFO:colcon.colcon_core.shell:Creating environment hook '/home/khuluq/hayago_ws/install/px4_msgs/share/px4_msgs/hook/ld_library_path_lib.ps1'
[1492.179s] INFO:colcon.colcon_core.shell:Creating environment descriptor '/home/khuluq/hayago_ws/install/px4_msgs/share/px4_msgs/hook/ld_library_path_lib.dsv'
[1492.180s] INFO:colcon.colcon_core.shell:Creating environment hook '/home/khuluq/hayago_ws/install/px4_msgs/share/px4_msgs/hook/ld_library_path_lib.sh'
[1492.181s] Level 1:colcon.colcon_core.environment:checking '/home/khuluq/hayago_ws/install/px4_msgs/bin'
[1492.181s] Level 1:colcon.colcon_core.environment:checking '/home/khuluq/hayago_ws/install/px4_msgs/lib/pkgconfig/px4_msgs.pc'
[1492.182s] Level 1:colcon.colcon_core.environment:checking '/home/khuluq/hayago_ws/install/px4_msgs/lib/python3.8/site-packages'
[1492.182s] Level 1:colcon.colcon_core.shell:create_environment_hook('px4_msgs', 'pythonpath')
[1492.189s] INFO:colcon.colcon_core.shell:Creating environment hook '/home/khuluq/hayago_ws/install/px4_msgs/share/px4_msgs/hook/pythonpath.ps1'
[1492.193s] INFO:colcon.colcon_core.shell:Creating environment descriptor '/home/khuluq/hayago_ws/install/px4_msgs/share/px4_msgs/hook/pythonpath.dsv'
[1492.194s] INFO:colcon.colcon_core.shell:Creating environment hook '/home/khuluq/hayago_ws/install/px4_msgs/share/px4_msgs/hook/pythonpath.sh'
[1492.195s] Level 1:colcon.colcon_core.environment:checking '/home/khuluq/hayago_ws/install/px4_msgs/bin'
[1492.201s] INFO:colcon.colcon_core.shell:Creating package script '/home/khuluq/hayago_ws/install/px4_msgs/share/px4_msgs/package.ps1'
[1492.203s] INFO:colcon.colcon_core.shell:Creating package descriptor '/home/khuluq/hayago_ws/install/px4_msgs/share/px4_msgs/package.dsv'
[1492.337s] INFO:colcon.colcon_core.shell:Creating package script '/home/khuluq/hayago_ws/install/px4_msgs/share/px4_msgs/package.sh'
[1492.339s] INFO:colcon.colcon_core.shell:Creating package script '/home/khuluq/hayago_ws/install/px4_msgs/share/px4_msgs/package.bash'
[1492.340s] INFO:colcon.colcon_core.shell:Creating package script '/home/khuluq/hayago_ws/install/px4_msgs/share/px4_msgs/package.zsh'
[1492.342s] Level 1:colcon.colcon_core.environment:create_file_with_runtime_dependencies(/home/khuluq/hayago_ws/install/px4_msgs/share/colcon-core/packages/px4_msgs)
[1506.221s] Level 1:colcon.colcon_core.environment:create_environment_scripts_only(px4_msgs)
[1506.229s] Level 1:colcon.colcon_core.environment:checking '/home/khuluq/hayago_ws/install/px4_msgs' for CMake module files
[1506.231s] Level 1:colcon.colcon_core.environment:checking '/home/khuluq/hayago_ws/install/px4_msgs' for CMake config files
[1506.247s] Level 1:colcon.colcon_core.shell:create_environment_hook('px4_msgs', 'cmake_prefix_path')
[1506.253s] INFO:colcon.colcon_core.shell:Creating environment hook '/home/khuluq/hayago_ws/install/px4_msgs/share/px4_msgs/hook/cmake_prefix_path.ps1'
[1506.255s] INFO:colcon.colcon_core.shell:Creating environment descriptor '/home/khuluq/hayago_ws/install/px4_msgs/share/px4_msgs/hook/cmake_prefix_path.dsv'
[1506.256s] INFO:colcon.colcon_core.shell:Creating environment hook '/home/khuluq/hayago_ws/install/px4_msgs/share/px4_msgs/hook/cmake_prefix_path.sh'
[1506.258s] Level 1:colcon.colcon_core.environment:checking '/home/khuluq/hayago_ws/install/px4_msgs/lib'
[1506.258s] Level 1:colcon.colcon_core.shell:create_environment_hook('px4_msgs', 'ld_library_path_lib')
[1506.265s] INFO:colcon.colcon_core.shell:Creating environment hook '/home/khuluq/hayago_ws/install/px4_msgs/share/px4_msgs/hook/ld_library_path_lib.ps1'
[1506.266s] INFO:colcon.colcon_core.shell:Creating environment descriptor '/home/khuluq/hayago_ws/install/px4_msgs/share/px4_msgs/hook/ld_library_path_lib.dsv'
[1506.267s] INFO:colcon.colcon_core.shell:Creating environment hook '/home/khuluq/hayago_ws/install/px4_msgs/share/px4_msgs/hook/ld_library_path_lib.sh'
[1506.269s] Level 1:colcon.colcon_core.environment:checking '/home/khuluq/hayago_ws/install/px4_msgs/bin'
[1506.269s] Level 1:colcon.colcon_core.environment:checking '/home/khuluq/hayago_ws/install/px4_msgs/lib/pkgconfig/px4_msgs.pc'
[1506.270s] Level 1:colcon.colcon_core.environment:checking '/home/khuluq/hayago_ws/install/px4_msgs/lib/python3.8/site-packages'
[1506.270s] Level 1:colcon.colcon_core.shell:create_environment_hook('px4_msgs', 'pythonpath')
[1506.277s] INFO:colcon.colcon_core.shell:Creating environment hook '/home/khuluq/hayago_ws/install/px4_msgs/share/px4_msgs/hook/pythonpath.ps1'
[1506.278s] INFO:colcon.colcon_core.shell:Creating environment descriptor '/home/khuluq/hayago_ws/install/px4_msgs/share/px4_msgs/hook/pythonpath.dsv'
[1506.279s] INFO:colcon.colcon_core.shell:Creating environment hook '/home/khuluq/hayago_ws/install/px4_msgs/share/px4_msgs/hook/pythonpath.sh'
[1506.282s] Level 1:colcon.colcon_core.environment:checking '/home/khuluq/hayago_ws/install/px4_msgs/bin'
[1506.289s] INFO:colcon.colcon_core.shell:Creating package script '/home/khuluq/hayago_ws/install/px4_msgs/share/px4_msgs/package.ps1'
[1506.291s] INFO:colcon.colcon_core.shell:Creating package descriptor '/home/khuluq/hayago_ws/install/px4_msgs/share/px4_msgs/package.dsv'
[1506.293s] INFO:colcon.colcon_core.shell:Creating package script '/home/khuluq/hayago_ws/install/px4_msgs/share/px4_msgs/package.sh'
[1506.295s] INFO:colcon.colcon_core.shell:Creating package script '/home/khuluq/hayago_ws/install/px4_msgs/share/px4_msgs/package.bash'
[1506.297s] INFO:colcon.colcon_core.shell:Creating package script '/home/khuluq/hayago_ws/install/px4_msgs/share/px4_msgs/package.zsh'
[1506.299s] Level 1:colcon.colcon_core.environment:create_file_with_runtime_dependencies(/home/khuluq/hayago_ws/install/px4_msgs/share/colcon-core/packages/px4_msgs)
[1506.301s] INFO:colcon.colcon_ros.task.ament_cmake.build:Building ROS package in '/home/khuluq/hayago_ws/src/px4_ros_com' with build type 'ament_cmake'
[1506.302s] INFO:colcon.colcon_cmake.task.cmake.build:Building CMake package in '/home/khuluq/hayago_ws/src/px4_ros_com'
[1506.311s] INFO:colcon.colcon_core.shell:Skip shell extension 'powershell' for command environment: Not usable outside of PowerShell
[1506.312s] DEBUG:colcon.colcon_core.shell:Skip shell extension 'dsv' for command environment
[1506.371s] DEBUG:colcon.colcon_core.event_handler.log_command:Invoking command in '/home/khuluq/hayago_ws/build/px4_ros_com': AMENT_PREFIX_PATH=/home/khuluq/hayago_ws/install/px4_msgs:${AMENT_PREFIX_PATH} CMAKE_PREFIX_PATH=/home/khuluq/hayago_ws/install/px4_msgs:/home/khuluq/ros2_ws/install/orbbit_drone:/home/khuluq/ros2_ws/install/mavros_extras:/home/khuluq/ros2_ws/install/mavros:/home/khuluq/ros2_ws/install/mavros_msgs:/home/khuluq/ros2_ws/install/libmavconn:/home/khuluq/tello_ros_ws/install/tello_gazebo:/home/khuluq/tello_ros_ws/install/tello_driver:/home/khuluq/tello_ros_ws/install/tello_msgs:/home/khuluq/tello_ros_ws/install/tello_description:/home/khuluq/tello_ros_ws/install/ros2_shared:/home/khuluq/drone_delivery_ws/install/delivery:/opt/ros/foxy LD_LIBRARY_PATH=/home/khuluq/hayago_ws/install/px4_msgs/lib:/home/khuluq/ros2_ws/install/mavros_extras/lib:/home/khuluq/ros2_ws/install/mavros/lib:/home/khuluq/ros2_ws/install/mavros_msgs/lib:/home/khuluq/ros2_ws/install/libmavconn/lib:/home/khuluq/tello_ros_ws/install/tello_gazebo/lib:/home/khuluq/tello_ros_ws/install/tello_driver/lib:/home/khuluq/tello_ros_ws/install/tello_msgs/lib:/usr/lib/x86_64-linux-gnu/gazebo-11/plugins:/opt/ros/foxy/opt/yaml_cpp_vendor/lib:/opt/ros/foxy/opt/rviz_ogre_vendor/lib:/opt/ros/foxy/lib/x86_64-linux-gnu:/opt/ros/foxy/lib:/usr/lib/x86_64-linux-gnu/gazebo-11/plugins PYTHONPATH=/home/khuluq/hayago_ws/install/px4_msgs/lib/python3.8/site-packages:${PYTHONPATH} /usr/bin/cmake /home/khuluq/hayago_ws/src/px4_ros_com -DCMAKE_INSTALL_PREFIX=/home/khuluq/hayago_ws/install/px4_ros_com
[1513.599s] DEBUG:colcon.colcon_core.event_handler.log_command:Invoked command in '/home/khuluq/hayago_ws/build/px4_ros_com' returned '0': AMENT_PREFIX_PATH=/home/khuluq/hayago_ws/install/px4_msgs:${AMENT_PREFIX_PATH} CMAKE_PREFIX_PATH=/home/khuluq/hayago_ws/install/px4_msgs:/home/khuluq/ros2_ws/install/orbbit_drone:/home/khuluq/ros2_ws/install/mavros_extras:/home/khuluq/ros2_ws/install/mavros:/home/khuluq/ros2_ws/install/mavros_msgs:/home/khuluq/ros2_ws/install/libmavconn:/home/khuluq/tello_ros_ws/install/tello_gazebo:/home/khuluq/tello_ros_ws/install/tello_driver:/home/khuluq/tello_ros_ws/install/tello_msgs:/home/khuluq/tello_ros_ws/install/tello_description:/home/khuluq/tello_ros_ws/install/ros2_shared:/home/khuluq/drone_delivery_ws/install/delivery:/opt/ros/foxy LD_LIBRARY_PATH=/home/khuluq/hayago_ws/install/px4_msgs/lib:/home/khuluq/ros2_ws/install/mavros_extras/lib:/home/khuluq/ros2_ws/install/mavros/lib:/home/khuluq/ros2_ws/install/mavros_msgs/lib:/home/khuluq/ros2_ws/install/libmavconn/lib:/home/khuluq/tello_ros_ws/install/tello_gazebo/lib:/home/khuluq/tello_ros_ws/install/tello_driver/lib:/home/khuluq/tello_ros_ws/install/tello_msgs/lib:/usr/lib/x86_64-linux-gnu/gazebo-11/plugins:/opt/ros/foxy/opt/yaml_cpp_vendor/lib:/opt/ros/foxy/opt/rviz_ogre_vendor/lib:/opt/ros/foxy/lib/x86_64-linux-gnu:/opt/ros/foxy/lib:/usr/lib/x86_64-linux-gnu/gazebo-11/plugins PYTHONPATH=/home/khuluq/hayago_ws/install/px4_msgs/lib/python3.8/site-packages:${PYTHONPATH} /usr/bin/cmake /home/khuluq/hayago_ws/src/px4_ros_com -DCMAKE_INSTALL_PREFIX=/home/khuluq/hayago_ws/install/px4_ros_com
[1513.604s] DEBUG:colcon.colcon_core.event_handler.log_command:Invoking command in '/home/khuluq/hayago_ws/build/px4_ros_com': AMENT_PREFIX_PATH=/home/khuluq/hayago_ws/install/px4_msgs:${AMENT_PREFIX_PATH} CMAKE_PREFIX_PATH=/home/khuluq/hayago_ws/install/px4_msgs:/home/khuluq/ros2_ws/install/orbbit_drone:/home/khuluq/ros2_ws/install/mavros_extras:/home/khuluq/ros2_ws/install/mavros:/home/khuluq/ros2_ws/install/mavros_msgs:/home/khuluq/ros2_ws/install/libmavconn:/home/khuluq/tello_ros_ws/install/tello_gazebo:/home/khuluq/tello_ros_ws/install/tello_driver:/home/khuluq/tello_ros_ws/install/tello_msgs:/home/khuluq/tello_ros_ws/install/tello_description:/home/khuluq/tello_ros_ws/install/ros2_shared:/home/khuluq/drone_delivery_ws/install/delivery:/opt/ros/foxy LD_LIBRARY_PATH=/home/khuluq/hayago_ws/install/px4_msgs/lib:/home/khuluq/ros2_ws/install/mavros_extras/lib:/home/khuluq/ros2_ws/install/mavros/lib:/home/khuluq/ros2_ws/install/mavros_msgs/lib:/home/khuluq/ros2_ws/install/libmavconn/lib:/home/khuluq/tello_ros_ws/install/tello_gazebo/lib:/home/khuluq/tello_ros_ws/install/tello_driver/lib:/home/khuluq/tello_ros_ws/install/tello_msgs/lib:/usr/lib/x86_64-linux-gnu/gazebo-11/plugins:/opt/ros/foxy/opt/yaml_cpp_vendor/lib:/opt/ros/foxy/opt/rviz_ogre_vendor/lib:/opt/ros/foxy/lib/x86_64-linux-gnu:/opt/ros/foxy/lib:/usr/lib/x86_64-linux-gnu/gazebo-11/plugins PYTHONPATH=/home/khuluq/hayago_ws/install/px4_msgs/lib/python3.8/site-packages:${PYTHONPATH} /usr/bin/cmake --build /home/khuluq/hayago_ws/build/px4_ros_com -- -j4 -l4
[1595.858s] DEBUG:colcon.colcon_core.event_handler.log_command:Invoked command in '/home/khuluq/hayago_ws/build/px4_ros_com' returned '0': AMENT_PREFIX_PATH=/home/khuluq/hayago_ws/install/px4_msgs:${AMENT_PREFIX_PATH} CMAKE_PREFIX_PATH=/home/khuluq/hayago_ws/install/px4_msgs:/home/khuluq/ros2_ws/install/orbbit_drone:/home/khuluq/ros2_ws/install/mavros_extras:/home/khuluq/ros2_ws/install/mavros:/home/khuluq/ros2_ws/install/mavros_msgs:/home/khuluq/ros2_ws/install/libmavconn:/home/khuluq/tello_ros_ws/install/tello_gazebo:/home/khuluq/tello_ros_ws/install/tello_driver:/home/khuluq/tello_ros_ws/install/tello_msgs:/home/khuluq/tello_ros_ws/install/tello_description:/home/khuluq/tello_ros_ws/install/ros2_shared:/home/khuluq/drone_delivery_ws/install/delivery:/opt/ros/foxy LD_LIBRARY_PATH=/home/khuluq/hayago_ws/install/px4_msgs/lib:/home/khuluq/ros2_ws/install/mavros_extras/lib:/home/khuluq/ros2_ws/install/mavros/lib:/home/khuluq/ros2_ws/install/mavros_msgs/lib:/home/khuluq/ros2_ws/install/libmavconn/lib:/home/khuluq/tello_ros_ws/install/tello_gazebo/lib:/home/khuluq/tello_ros_ws/install/tello_driver/lib:/home/khuluq/tello_ros_ws/install/tello_msgs/lib:/usr/lib/x86_64-linux-gnu/gazebo-11/plugins:/opt/ros/foxy/opt/yaml_cpp_vendor/lib:/opt/ros/foxy/opt/rviz_ogre_vendor/lib:/opt/ros/foxy/lib/x86_64-linux-gnu:/opt/ros/foxy/lib:/usr/lib/x86_64-linux-gnu/gazebo-11/plugins PYTHONPATH=/home/khuluq/hayago_ws/install/px4_msgs/lib/python3.8/site-packages:${PYTHONPATH} /usr/bin/cmake --build /home/khuluq/hayago_ws/build/px4_ros_com -- -j4 -l4
[1595.975s] DEBUG:colcon.colcon_core.event_handler.log_command:Invoking command in '/home/khuluq/hayago_ws/build/px4_ros_com': AMENT_PREFIX_PATH=/home/khuluq/hayago_ws/install/px4_msgs:${AMENT_PREFIX_PATH} CMAKE_PREFIX_PATH=/home/khuluq/hayago_ws/install/px4_msgs:/home/khuluq/ros2_ws/install/orbbit_drone:/home/khuluq/ros2_ws/install/mavros_extras:/home/khuluq/ros2_ws/install/mavros:/home/khuluq/ros2_ws/install/mavros_msgs:/home/khuluq/ros2_ws/install/libmavconn:/home/khuluq/tello_ros_ws/install/tello_gazebo:/home/khuluq/tello_ros_ws/install/tello_driver:/home/khuluq/tello_ros_ws/install/tello_msgs:/home/khuluq/tello_ros_ws/install/tello_description:/home/khuluq/tello_ros_ws/install/ros2_shared:/home/khuluq/drone_delivery_ws/install/delivery:/opt/ros/foxy LD_LIBRARY_PATH=/home/khuluq/hayago_ws/install/px4_msgs/lib:/home/khuluq/ros2_ws/install/mavros_extras/lib:/home/khuluq/ros2_ws/install/mavros/lib:/home/khuluq/ros2_ws/install/mavros_msgs/lib:/home/khuluq/ros2_ws/install/libmavconn/lib:/home/khuluq/tello_ros_ws/install/tello_gazebo/lib:/home/khuluq/tello_ros_ws/install/tello_driver/lib:/home/khuluq/tello_ros_ws/install/tello_msgs/lib:/usr/lib/x86_64-linux-gnu/gazebo-11/plugins:/opt/ros/foxy/opt/yaml_cpp_vendor/lib:/opt/ros/foxy/opt/rviz_ogre_vendor/lib:/opt/ros/foxy/lib/x86_64-linux-gnu:/opt/ros/foxy/lib:/usr/lib/x86_64-linux-gnu/gazebo-11/plugins PYTHONPATH=/home/khuluq/hayago_ws/install/px4_msgs/lib/python3.8/site-packages:${PYTHONPATH} /usr/bin/cmake --install /home/khuluq/hayago_ws/build/px4_ros_com
[1596.120s] Level 1:colcon.colcon_core.environment:create_environment_scripts_only(px4_ros_com)
[1596.122s] DEBUG:colcon.colcon_core.event_handler.log_command:Invoked command in '/home/khuluq/hayago_ws/build/px4_ros_com' returned '0': AMENT_PREFIX_PATH=/home/khuluq/hayago_ws/install/px4_msgs:${AMENT_PREFIX_PATH} CMAKE_PREFIX_PATH=/home/khuluq/hayago_ws/install/px4_msgs:/home/khuluq/ros2_ws/install/orbbit_drone:/home/khuluq/ros2_ws/install/mavros_extras:/home/khuluq/ros2_ws/install/mavros:/home/khuluq/ros2_ws/install/mavros_msgs:/home/khuluq/ros2_ws/install/libmavconn:/home/khuluq/tello_ros_ws/install/tello_gazebo:/home/khuluq/tello_ros_ws/install/tello_driver:/home/khuluq/tello_ros_ws/install/tello_msgs:/home/khuluq/tello_ros_ws/install/tello_description:/home/khuluq/tello_ros_ws/install/ros2_shared:/home/khuluq/drone_delivery_ws/install/delivery:/opt/ros/foxy LD_LIBRARY_PATH=/home/khuluq/hayago_ws/install/px4_msgs/lib:/home/khuluq/ros2_ws/install/mavros_extras/lib:/home/khuluq/ros2_ws/install/mavros/lib:/home/khuluq/ros2_ws/install/mavros_msgs/lib:/home/khuluq/ros2_ws/install/libmavconn/lib:/home/khuluq/tello_ros_ws/install/tello_gazebo/lib:/home/khuluq/tello_ros_ws/install/tello_driver/lib:/home/khuluq/tello_ros_ws/install/tello_msgs/lib:/usr/lib/x86_64-linux-gnu/gazebo-11/plugins:/opt/ros/foxy/opt/yaml_cpp_vendor/lib:/opt/ros/foxy/opt/rviz_ogre_vendor/lib:/opt/ros/foxy/lib/x86_64-linux-gnu:/opt/ros/foxy/lib:/usr/lib/x86_64-linux-gnu/gazebo-11/plugins PYTHONPATH=/home/khuluq/hayago_ws/install/px4_msgs/lib/python3.8/site-packages:${PYTHONPATH} /usr/bin/cmake --install /home/khuluq/hayago_ws/build/px4_ros_com
[1596.137s] Level 1:colcon.colcon_core.environment:checking '/home/khuluq/hayago_ws/install/px4_ros_com' for CMake module files
[1596.140s] Level 1:colcon.colcon_core.environment:checking '/home/khuluq/hayago_ws/install/px4_ros_com' for CMake config files
[1596.142s] Level 1:colcon.colcon_core.shell:create_environment_hook('px4_ros_com', 'cmake_prefix_path')
[1596.152s] INFO:colcon.colcon_core.shell:Creating environment hook '/home/khuluq/hayago_ws/install/px4_ros_com/share/px4_ros_com/hook/cmake_prefix_path.ps1'
[1596.154s] INFO:colcon.colcon_core.shell:Creating environment descriptor '/home/khuluq/hayago_ws/install/px4_ros_com/share/px4_ros_com/hook/cmake_prefix_path.dsv'
[1596.155s] INFO:colcon.colcon_core.shell:Creating environment hook '/home/khuluq/hayago_ws/install/px4_ros_com/share/px4_ros_com/hook/cmake_prefix_path.sh'
[1596.157s] Level 1:colcon.colcon_core.environment:checking '/home/khuluq/hayago_ws/install/px4_ros_com/lib'
[1596.158s] Level 1:colcon.colcon_core.shell:create_environment_hook('px4_ros_com', 'ld_library_path_lib')
[1596.172s] INFO:colcon.colcon_core.shell:Creating environment hook '/home/khuluq/hayago_ws/install/px4_ros_com/share/px4_ros_com/hook/ld_library_path_lib.ps1'
[1596.173s] INFO:colcon.colcon_core.shell:Creating environment descriptor '/home/khuluq/hayago_ws/install/px4_ros_com/share/px4_ros_com/hook/ld_library_path_lib.dsv'
[1596.175s] INFO:colcon.colcon_core.shell:Creating environment hook '/home/khuluq/hayago_ws/install/px4_ros_com/share/px4_ros_com/hook/ld_library_path_lib.sh'
[1596.176s] Level 1:colcon.colcon_core.environment:checking '/home/khuluq/hayago_ws/install/px4_ros_com/bin'
[1596.176s] Level 1:colcon.colcon_core.environment:checking '/home/khuluq/hayago_ws/install/px4_ros_com/lib/pkgconfig/px4_ros_com.pc'
[1596.177s] Level 1:colcon.colcon_core.environment:checking '/home/khuluq/hayago_ws/install/px4_ros_com/lib/python3.8/site-packages'
[1596.178s] Level 1:colcon.colcon_core.environment:checking '/home/khuluq/hayago_ws/install/px4_ros_com/bin'
[1596.184s] INFO:colcon.colcon_core.shell:Creating package script '/home/khuluq/hayago_ws/install/px4_ros_com/share/px4_ros_com/package.ps1'
[1596.187s] INFO:colcon.colcon_core.shell:Creating package descriptor '/home/khuluq/hayago_ws/install/px4_ros_com/share/px4_ros_com/package.dsv'
[1596.191s] INFO:colcon.colcon_core.shell:Creating package script '/home/khuluq/hayago_ws/install/px4_ros_com/share/px4_ros_com/package.sh'
[1596.192s] INFO:colcon.colcon_core.shell:Creating package script '/home/khuluq/hayago_ws/install/px4_ros_com/share/px4_ros_com/package.bash'
[1596.194s] INFO:colcon.colcon_core.shell:Creating package script '/home/khuluq/hayago_ws/install/px4_ros_com/share/px4_ros_com/package.zsh'
[1596.195s] Level 1:colcon.colcon_core.environment:create_file_with_runtime_dependencies(/home/khuluq/hayago_ws/install/px4_ros_com/share/colcon-core/packages/px4_ros_com)
[1596.343s] Level 1:colcon.colcon_core.environment:create_environment_scripts_only(px4_ros_com)
[1596.350s] Level 1:colcon.colcon_core.environment:checking '/home/khuluq/hayago_ws/install/px4_ros_com' for CMake module files
[1596.352s] Level 1:colcon.colcon_core.environment:checking '/home/khuluq/hayago_ws/install/px4_ros_com' for CMake config files
[1596.353s] Level 1:colcon.colcon_core.shell:create_environment_hook('px4_ros_com', 'cmake_prefix_path')
[1596.357s] INFO:colcon.colcon_core.shell:Creating environment hook '/home/khuluq/hayago_ws/install/px4_ros_com/share/px4_ros_com/hook/cmake_prefix_path.ps1'
[1596.359s] INFO:colcon.colcon_core.shell:Creating environment descriptor '/home/khuluq/hayago_ws/install/px4_ros_com/share/px4_ros_com/hook/cmake_prefix_path.dsv'
[1596.360s] INFO:colcon.colcon_core.shell:Creating environment hook '/home/khuluq/hayago_ws/install/px4_ros_com/share/px4_ros_com/hook/cmake_prefix_path.sh'
[1596.363s] Level 1:colcon.colcon_core.environment:checking '/home/khuluq/hayago_ws/install/px4_ros_com/lib'
[1596.363s] Level 1:colcon.colcon_core.shell:create_environment_hook('px4_ros_com', 'ld_library_path_lib')
[1596.368s] INFO:colcon.colcon_core.shell:Creating environment hook '/home/khuluq/hayago_ws/install/px4_ros_com/share/px4_ros_com/hook/ld_library_path_lib.ps1'
[1596.369s] INFO:colcon.colcon_core.shell:Creating environment descriptor '/home/khuluq/hayago_ws/install/px4_ros_com/share/px4_ros_com/hook/ld_library_path_lib.dsv'
[1596.370s] INFO:colcon.colcon_core.shell:Creating environment hook '/home/khuluq/hayago_ws/install/px4_ros_com/share/px4_ros_com/hook/ld_library_path_lib.sh'
[1596.372s] Level 1:colcon.colcon_core.environment:checking '/home/khuluq/hayago_ws/install/px4_ros_com/bin'
[1596.372s] Level 1:colcon.colcon_core.environment:checking '/home/khuluq/hayago_ws/install/px4_ros_com/lib/pkgconfig/px4_ros_com.pc'
[1596.373s] Level 1:colcon.colcon_core.environment:checking '/home/khuluq/hayago_ws/install/px4_ros_com/lib/python3.8/site-packages'
[1596.374s] Level 1:colcon.colcon_core.environment:checking '/home/khuluq/hayago_ws/install/px4_ros_com/bin'
[1596.378s] INFO:colcon.colcon_core.shell:Creating package script '/home/khuluq/hayago_ws/install/px4_ros_com/share/px4_ros_com/package.ps1'
[1596.381s] INFO:colcon.colcon_core.shell:Creating package descriptor '/home/khuluq/hayago_ws/install/px4_ros_com/share/px4_ros_com/package.dsv'
[1596.382s] INFO:colcon.colcon_core.shell:Creating package script '/home/khuluq/hayago_ws/install/px4_ros_com/share/px4_ros_com/package.sh'
[1596.384s] INFO:colcon.colcon_core.shell:Creating package script '/home/khuluq/hayago_ws/install/px4_ros_com/share/px4_ros_com/package.bash'
[1596.386s] INFO:colcon.colcon_core.shell:Creating package script '/home/khuluq/hayago_ws/install/px4_ros_com/share/px4_ros_com/package.zsh'
[1596.388s] Level 1:colcon.colcon_core.environment:create_file_with_runtime_dependencies(/home/khuluq/hayago_ws/install/px4_ros_com/share/colcon-core/packages/px4_ros_com)
[1596.391s] DEBUG:colcon.colcon_parallel_executor.executor.parallel:closing loop
[1596.392s] DEBUG:colcon.colcon_parallel_executor.executor.parallel:loop closed
[1596.392s] DEBUG:colcon.colcon_parallel_executor.executor.parallel:run_until_complete finished with '0'
[1596.392s] DEBUG:colcon.colcon_core.event_reactor:joining thread
[1596.414s] INFO:colcon.colcon_core.plugin_system:Skipping extension 'colcon_notification.desktop_notification.terminal_notifier': Not used on non-Darwin systems
[1596.415s] INFO:colcon.colcon_core.plugin_system:Skipping extension 'colcon_notification.desktop_notification.win32': Not used on non-Windows systems
[1596.415s] INFO:colcon.colcon_notification.desktop_notification:Sending desktop notification using 'notify2'
[1596.471s] DEBUG:colcon.colcon_core.event_reactor:joined thread
[1596.478s] INFO:colcon.colcon_core.shell:Creating prefix script '/home/khuluq/hayago_ws/install/local_setup.ps1'
[1596.483s] INFO:colcon.colcon_core.shell:Creating prefix util module '/home/khuluq/hayago_ws/install/_local_setup_util_ps1.py'
[1596.489s] INFO:colcon.colcon_core.shell:Creating prefix chain script '/home/khuluq/hayago_ws/install/setup.ps1'
[1596.499s] INFO:colcon.colcon_core.shell:Creating prefix script '/home/khuluq/hayago_ws/install/local_setup.sh'
[1596.506s] INFO:colcon.colcon_core.shell:Creating prefix util module '/home/khuluq/hayago_ws/install/_local_setup_util_sh.py'
[1596.508s] INFO:colcon.colcon_core.shell:Creating prefix chain script '/home/khuluq/hayago_ws/install/setup.sh'
[1596.520s] INFO:colcon.colcon_core.shell:Creating prefix script '/home/khuluq/hayago_ws/install/local_setup.bash'
[1596.521s] INFO:colcon.colcon_core.shell:Creating prefix chain script '/home/khuluq/hayago_ws/install/setup.bash'
[1596.529s] INFO:colcon.colcon_core.shell:Creating prefix script '/home/khuluq/hayago_ws/install/local_setup.zsh'
[1596.530s] INFO:colcon.colcon_core.shell:Creating prefix chain script '/home/khuluq/hayago_ws/install/setup.zsh'
