[0.080s] Invoking command in '/home/khuluq/hayago_ws/build/drone_control': CMAKE_PREFIX_PATH=${CMAKE_PREFIX_PATH}:/home/khuluq/drone_delivery_ws/install/delivery:/opt/ros/foxy /usr/bin/cmake --build /home/khuluq/hayago_ws/build/drone_control -- -j4 -l4
[0.225s] -- Found ament_cmake: 0.9.11 (/opt/ros/foxy/share/ament_cmake/cmake)
[0.288s] -- Using PYTHON_EXECUTABLE: /usr/bin/python3
[1.026s] -- Found rclcpp: 2.4.2 (/opt/ros/foxy/share/rclcpp/cmake)
[1.133s] -- Using all available rosidl_typesupport_c: rosidl_typesupport_fastrtps_c;rosidl_typesupport_introspection_c
[1.148s] -- Found rosidl_adapter: 1.3.0 (/opt/ros/foxy/share/rosidl_adapter/cmake)
[1.572s] -- Using all available rosidl_typesupport_cpp: rosidl_typesupport_fastrtps_cpp;rosidl_typesupport_introspection_cpp
[1.771s] -- Found rmw_implementation_cmake: 1.0.4 (/opt/ros/foxy/share/rmw_implementation_cmake/cmake)
[1.778s] -- Using RMW implementation 'rmw_fastrtps_cpp' as default
[2.300s] -- Found sensor_msgs: 2.0.5 (/opt/ros/foxy/share/sensor_msgs/cmake)
[2.695s] -- Found mavros_msgs: 2.4.0 (/home/khuluq/ros2_ws/install/mavros_msgs/share/mavros_msgs/cmake)
[4.217s] -- Found tf2_geometry_msgs: 0.13.14 (/opt/ros/foxy/share/tf2_geometry_msgs/cmake)
[4.256s] -- Found eigen3_cmake_module: 0.1.1 (/opt/ros/foxy/share/eigen3_cmake_module/cmake)
[4.273s] -- Found Eigen3: TRUE (found version "3.3.7") 
[5.705s] -- Found ament_lint_auto: 0.9.8 (/opt/ros/foxy/share/ament_lint_auto/cmake)
[6.019s] -- Configuring done
[6.029s] -- Generating done
[6.040s] -- Build files have been written to: /home/khuluq/hayago_ws/build/drone_control
[6.158s] Invoked command in '/home/khuluq/hayago_ws/build/drone_control' returned '0': CMAKE_PREFIX_PATH=${CMAKE_PREFIX_PATH}:/home/khuluq/drone_delivery_ws/install/delivery:/opt/ros/foxy /usr/bin/cmake --build /home/khuluq/hayago_ws/build/drone_control -- -j4 -l4
[6.311s] Invoking command in '/home/khuluq/hayago_ws/build/drone_control': CMAKE_PREFIX_PATH=${CMAKE_PREFIX_PATH}:/home/khuluq/drone_delivery_ws/install/delivery:/opt/ros/foxy /usr/bin/cmake --install /home/khuluq/hayago_ws/build/drone_control
[6.357s] -- Install configuration: ""
[6.358s] -- Up-to-date: /home/khuluq/hayago_ws/install/drone_control/share/ament_index/resource_index/package_run_dependencies/drone_control
[6.360s] -- Up-to-date: /home/khuluq/hayago_ws/install/drone_control/share/ament_index/resource_index/parent_prefix_path/drone_control
[6.361s] -- Up-to-date: /home/khuluq/hayago_ws/install/drone_control/share/drone_control/environment/ament_prefix_path.sh
[6.362s] -- Installing: /home/khuluq/hayago_ws/install/drone_control/share/drone_control/environment/ament_prefix_path.dsv
[6.365s] -- Up-to-date: /home/khuluq/hayago_ws/install/drone_control/share/drone_control/environment/path.sh
[6.366s] -- Installing: /home/khuluq/hayago_ws/install/drone_control/share/drone_control/environment/path.dsv
[6.368s] -- Up-to-date: /home/khuluq/hayago_ws/install/drone_control/share/drone_control/local_setup.bash
[6.370s] -- Up-to-date: /home/khuluq/hayago_ws/install/drone_control/share/drone_control/local_setup.sh
[6.371s] -- Up-to-date: /home/khuluq/hayago_ws/install/drone_control/share/drone_control/local_setup.zsh
[6.373s] -- Installing: /home/khuluq/hayago_ws/install/drone_control/share/drone_control/local_setup.dsv
[6.375s] -- Installing: /home/khuluq/hayago_ws/install/drone_control/share/drone_control/package.dsv
[6.377s] -- Up-to-date: /home/khuluq/hayago_ws/install/drone_control/share/ament_index/resource_index/packages/drone_control
[6.378s] -- Up-to-date: /home/khuluq/hayago_ws/install/drone_control/share/drone_control/cmake/drone_controlConfig.cmake
[6.379s] -- Up-to-date: /home/khuluq/hayago_ws/install/drone_control/share/drone_control/cmake/drone_controlConfig-version.cmake
[6.381s] -- Up-to-date: /home/khuluq/hayago_ws/install/drone_control/share/drone_control/package.xml
[6.393s] Invoked command in '/home/khuluq/hayago_ws/build/drone_control' returned '0': CMAKE_PREFIX_PATH=${CMAKE_PREFIX_PATH}:/home/khuluq/drone_delivery_ws/install/delivery:/opt/ros/foxy /usr/bin/cmake --install /home/khuluq/hayago_ws/build/drone_control
