[0.055s] Invoking command in '/home/khuluq/hayago_ws/build/drone_control': CMAKE_PREFIX_PATH=${CMAKE_PREFIX_PATH}:/home/khuluq/drone_delivery_ws/install/delivery:/opt/ros/foxy /usr/bin/cmake --build /home/khuluq/hayago_ws/build/drone_control -- -j4 -l4
[0.171s] -- Found ament_cmake: 0.9.11 (/opt/ros/foxy/share/ament_cmake/cmake)
[0.228s] -- Using PYTHON_EXECUTABLE: /usr/bin/python3
[0.851s] -- Found rclcpp: 2.4.2 (/opt/ros/foxy/share/rclcpp/cmake)
[0.940s] -- Using all available rosidl_typesupport_c: rosidl_typesupport_fastrtps_c;rosidl_typesupport_introspection_c
[0.948s] -- Found rosidl_adapter: 1.3.0 (/opt/ros/foxy/share/rosidl_adapter/cmake)
[1.256s] -- Using all available rosidl_typesupport_cpp: rosidl_typesupport_fastrtps_cpp;rosidl_typesupport_introspection_cpp
[1.381s] -- Found rmw_implementation_cmake: 1.0.4 (/opt/ros/foxy/share/rmw_implementation_cmake/cmake)
[1.386s] -- Using RMW implementation 'rmw_fastrtps_cpp' as default
[1.726s] -- Found sensor_msgs: 2.0.5 (/opt/ros/foxy/share/sensor_msgs/cmake)
[1.989s] -- Found mavros_msgs: 2.4.0 (/home/khuluq/ros2_ws/install/mavros_msgs/share/mavros_msgs/cmake)
[3.171s] -- Found tf2_geometry_msgs: 0.13.14 (/opt/ros/foxy/share/tf2_geometry_msgs/cmake)
[3.192s] -- Found eigen3_cmake_module: 0.1.1 (/opt/ros/foxy/share/eigen3_cmake_module/cmake)
[4.103s] -- Found ament_lint_auto: 0.9.8 (/opt/ros/foxy/share/ament_lint_auto/cmake)
[4.293s] -- Configuring done
[4.327s] -- Generating done
[4.333s] -- Build files have been written to: /home/khuluq/hayago_ws/build/drone_control
[4.419s] [35m[1mScanning dependencies of target drone_node[0m
[4.565s] [ 50%] [32mBuilding CXX object CMakeFiles/drone_node.dir/src/main.cpp.o[0m
[22.635s] /home/khuluq/hayago_ws/src/drone_control/src/main.cpp: In member function ‘bool DroneController::setMode(const string&)’:
[22.637s] /home/khuluq/hayago_ws/src/drone_control/src/main.cpp:43:9: warning: no return statement in function returning non-void [-Wreturn-type]
[22.638s]    43 |         }
[22.640s]       |         ^
[22.641s] /home/khuluq/hayago_ws/src/drone_control/src/main.cpp: In member function ‘bool DroneController::land()’:
[22.643s] /home/khuluq/hayago_ws/src/drone_control/src/main.cpp:80:9: warning: no return statement in function returning non-void [-Wreturn-type]
[22.648s]    80 |         }
[22.650s]       |         ^
[22.730s] [100%] [32m[1mLinking CXX executable drone_node[0m
[23.800s] /usr/bin/ld: CMakeFiles/drone_node.dir/src/main.cpp.o: in function `rclcpp::create_subscription_factory<geometry_msgs::msg::PoseStamped_<std::allocator<void> >, std::_Bind<void (DroneController::*(DroneController*, std::_Placeholder<1>))(std::shared_ptr<geometry_msgs::msg::PoseStamped_<std::allocator<void> > >)>, std::allocator<void>, geometry_msgs::msg::PoseStamped_<std::allocator<void> >, rclcpp::Subscription<geometry_msgs::msg::PoseStamped_<std::allocator<void> >, std::allocator<void>, rclcpp::message_memory_strategy::MessageMemoryStrategy<geometry_msgs::msg::PoseStamped_<std::allocator<void> >, std::allocator<void> > >, rclcpp::message_memory_strategy::MessageMemoryStrategy<geometry_msgs::msg::PoseStamped_<std::allocator<void> >, std::allocator<void> > >(std::_Bind<void (DroneController::*(DroneController*, std::_Placeholder<1>))(std::shared_ptr<geometry_msgs::msg::PoseStamped_<std::allocator<void> > >)>&&, rclcpp::SubscriptionOptionsWithAllocator<std::allocator<void> > const&, rclcpp::message_memory_strategy::MessageMemoryStrategy<geometry_msgs::msg::PoseStamped_<std::allocator<void> >, std::allocator<void> >::SharedPtr, std::shared_ptr<rclcpp::topic_statistics::SubscriptionTopicStatistics<geometry_msgs::msg::PoseStamped_<std::allocator<void> > > >)::{lambda(rclcpp::node_interfaces::NodeBaseInterface*, std::__cxx11::basic_string<char, std::char_traits<char>, std::allocator<char> > const&, rclcpp::QoS const&)#1}::operator()(rclcpp::node_interfaces::NodeBaseInterface*, std::__cxx11::basic_string<char, std::char_traits<char>, std::allocator<char> > const&, rclcpp::QoS const&) const':
[23.800s] main.cpp:(.text._ZZN6rclcpp27create_subscription_factoryIN13geometry_msgs3msg12PoseStamped_ISaIvEEESt5_BindIFM15DroneControllerFvSt10shared_ptrIS5_EEPS7_St12_PlaceholderILi1EEEES4_S5_NS_12SubscriptionIS5_S4_NS_23message_memory_strategy21MessageMemoryStrategyIS5_S4_EEEESK_EENS_19SubscriptionFactoryEOT0_RKNS_32SubscriptionOptionsWithAllocatorIT1_EENT4_9SharedPtrES8_INS_16topic_statistics27SubscriptionTopicStatisticsIT2_EEEENKUlPNS_15node_interfaces17NodeBaseInterfaceERKNSt7__cxx1112basic_stringIcSt11char_traitsIcESaIcEEERKNS_3QoSEE_clES13_S1B_S1E_[_ZZN6rclcpp27create_subscription_factoryIN13geometry_msgs3msg12PoseStamped_ISaIvEEESt5_BindIFM15DroneControllerFvSt10shared_ptrIS5_EEPS7_St12_PlaceholderILi1EEEES4_S5_NS_12SubscriptionIS5_S4_NS_23message_memory_strategy21MessageMemoryStrategyIS5_S4_EEEESK_EENS_19SubscriptionFactoryEOT0_RKNS_32SubscriptionOptionsWithAllocatorIT1_EENT4_9SharedPtrES8_INS_16topic_statistics27SubscriptionTopicStatisticsIT2_EEEENKUlPNS_15node_interfaces17NodeBaseInterfaceERKNSt7__cxx1112basic_stringIcSt11char_traitsIcESaIcEEERKNS_3QoSEE_clES13_S1B_S1E_]+0x5c): undefined reference to `rosidl_message_type_support_t const* rosidl_typesupport_cpp::get_message_type_support_handle<geometry_msgs::msg::PoseStamped_<std::allocator<void> > >()'
[23.801s] /usr/bin/ld: CMakeFiles/drone_node.dir/src/main.cpp.o: in function `rclcpp::Client<mavros_msgs::srv::CommandBool>::Client(rclcpp::node_interfaces::NodeBaseInterface*, std::shared_ptr<rclcpp::node_interfaces::NodeGraphInterface>, std::__cxx11::basic_string<char, std::char_traits<char>, std::allocator<char> > const&, rcl_client_options_t&)':
[23.801s] main.cpp:(.text._ZN6rclcpp6ClientIN11mavros_msgs3srv11CommandBoolEEC2EPNS_15node_interfaces17NodeBaseInterfaceESt10shared_ptrINS5_18NodeGraphInterfaceEERKNSt7__cxx1112basic_stringIcSt11char_traitsIcESaIcEEER20rcl_client_options_t[_ZN6rclcpp6ClientIN11mavros_msgs3srv11CommandBoolEEC5EPNS_15node_interfaces17NodeBaseInterfaceESt10shared_ptrINS5_18NodeGraphInterfaceEERKNSt7__cxx1112basic_stringIcSt11char_traitsIcESaIcEEER20rcl_client_options_t]+0xc4): undefined reference to `rosidl_service_type_support_t const* rosidl_typesupport_cpp::get_service_type_support_handle<mavros_msgs::srv::CommandBool>()'
[23.802s] /usr/bin/ld: CMakeFiles/drone_node.dir/src/main.cpp.o: in function `rclcpp::Client<mavros_msgs::srv::SetMode>::Client(rclcpp::node_interfaces::NodeBaseInterface*, std::shared_ptr<rclcpp::node_interfaces::NodeGraphInterface>, std::__cxx11::basic_string<char, std::char_traits<char>, std::allocator<char> > const&, rcl_client_options_t&)':
[23.803s] main.cpp:(.text._ZN6rclcpp6ClientIN11mavros_msgs3srv7SetModeEEC2EPNS_15node_interfaces17NodeBaseInterfaceESt10shared_ptrINS5_18NodeGraphInterfaceEERKNSt7__cxx1112basic_stringIcSt11char_traitsIcESaIcEEER20rcl_client_options_t[_ZN6rclcpp6ClientIN11mavros_msgs3srv7SetModeEEC5EPNS_15node_interfaces17NodeBaseInterfaceESt10shared_ptrINS5_18NodeGraphInterfaceEERKNSt7__cxx1112basic_stringIcSt11char_traitsIcESaIcEEER20rcl_client_options_t]+0xc4): undefined reference to `rosidl_service_type_support_t const* rosidl_typesupport_cpp::get_service_type_support_handle<mavros_msgs::srv::SetMode>()'
[23.809s] /usr/bin/ld: CMakeFiles/drone_node.dir/src/main.cpp.o: in function `rclcpp::Client<mavros_msgs::srv::CommandTOL>::Client(rclcpp::node_interfaces::NodeBaseInterface*, std::shared_ptr<rclcpp::node_interfaces::NodeGraphInterface>, std::__cxx11::basic_string<char, std::char_traits<char>, std::allocator<char> > const&, rcl_client_options_t&)':
[23.813s] main.cpp:(.text._ZN6rclcpp6ClientIN11mavros_msgs3srv10CommandTOLEEC2EPNS_15node_interfaces17NodeBaseInterfaceESt10shared_ptrINS5_18NodeGraphInterfaceEERKNSt7__cxx1112basic_stringIcSt11char_traitsIcESaIcEEER20rcl_client_options_t[_ZN6rclcpp6ClientIN11mavros_msgs3srv10CommandTOLEEC5EPNS_15node_interfaces17NodeBaseInterfaceESt10shared_ptrINS5_18NodeGraphInterfaceEERKNSt7__cxx1112basic_stringIcSt11char_traitsIcESaIcEEER20rcl_client_options_t]+0xc4): undefined reference to `rosidl_service_type_support_t const* rosidl_typesupport_cpp::get_service_type_support_handle<mavros_msgs::srv::CommandTOL>()'
[23.815s] collect2: error: ld returned 1 exit status
[23.819s] make[2]: *** [CMakeFiles/drone_node.dir/build.make:131: drone_node] Error 1
[23.819s] make[1]: *** [CMakeFiles/Makefile2:78: CMakeFiles/drone_node.dir/all] Error 2
[23.820s] make: *** [Makefile:141: all] Error 2
[23.832s] Invoked command in '/home/khuluq/hayago_ws/build/drone_control' returned '2': CMAKE_PREFIX_PATH=${CMAKE_PREFIX_PATH}:/home/khuluq/drone_delivery_ws/install/delivery:/opt/ros/foxy /usr/bin/cmake --build /home/khuluq/hayago_ws/build/drone_control -- -j4 -l4
