[0.052s] Invoking command in '/home/khuluq/hayago_ws/build/drone_control': CMAKE_PREFIX_PATH=${CMAKE_PREFIX_PATH}:/home/khuluq/drone_delivery_ws/install/delivery:/opt/ros/foxy /usr/bin/cmake /home/khuluq/hayago_ws/src/drone_control -DAMENT_CMAKE_SYMLINK_INSTALL=1 -DCMAKE_INSTALL_PREFIX=/home/khuluq/hayago_ws/install/drone_control
[0.226s] -- The C compiler identification is GNU 9.4.0
[0.464s] -- The CXX compiler identification is GNU 9.4.0
[0.499s] -- Check for working C compiler: /usr/lib/ccache/cc
[0.764s] -- Check for working C compiler: /usr/lib/ccache/cc -- works
[0.767s] -- Detecting C compiler ABI info
[1.021s] -- Detecting C compiler ABI info - done
[1.062s] -- Detecting C compile features
[1.063s] -- Detecting C compile features - done
[1.072s] -- Check for working CXX compiler: /usr/lib/ccache/c++
[1.253s] -- Check for working CXX compiler: /usr/lib/ccache/c++ -- works
[1.254s] -- Detecting CXX compiler ABI info
[1.472s] -- Detecting CXX compiler ABI info - done
[1.519s] -- Detecting CXX compile features
[1.519s] -- Detecting CXX compile features - done
[1.529s] -- Found ament_cmake: 0.9.11 (/opt/ros/foxy/share/ament_cmake/cmake)
[1.653s] -- Found PythonInterp: /usr/bin/python3 (found suitable version "3.8.10", minimum required is "3") 
[1.653s] -- Using PYTHON_EXECUTABLE: /usr/bin/python3
[2.942s] -- Override CMake install command with custom implementation using symlinks instead of copying resources
[3.048s] -- Found rclcpp: 2.4.2 (/opt/ros/foxy/share/rclcpp/cmake)
[3.205s] -- Using all available rosidl_typesupport_c: rosidl_typesupport_fastrtps_c;rosidl_typesupport_introspection_c
[3.232s] -- Found rosidl_adapter: 1.3.0 (/opt/ros/foxy/share/rosidl_adapter/cmake)
[3.530s] -- Found OpenSSL: /usr/lib/x86_64-linux-gnu/libcrypto.so (found version "1.1.1f")  
[3.645s] -- Found FastRTPS: /opt/ros/foxy/include  
[3.887s] -- Using all available rosidl_typesupport_cpp: rosidl_typesupport_fastrtps_cpp;rosidl_typesupport_introspection_cpp
[4.053s] -- Found rmw_implementation_cmake: 1.0.4 (/opt/ros/foxy/share/rmw_implementation_cmake/cmake)
[4.057s] -- Using RMW implementation 'rmw_fastrtps_cpp' as default
[4.059s] -- Looking for pthread.h
[4.256s] -- Looking for pthread.h - found
[4.257s] -- Performing Test CMAKE_HAVE_LIBC_PTHREAD
[4.524s] -- Performing Test CMAKE_HAVE_LIBC_PTHREAD - Failed
[4.525s] -- Looking for pthread_create in pthreads
[4.790s] -- Looking for pthread_create in pthreads - not found
[4.790s] -- Looking for pthread_create in pthread
[5.032s] -- Looking for pthread_create in pthread - found
[5.032s] -- Found Threads: TRUE  
[5.613s] -- Found sensor_msgs: 2.0.5 (/opt/ros/foxy/share/sensor_msgs/cmake)
[6.060s] -- Found mavros_msgs: 2.4.0 (/home/khuluq/ros2_ws/install/mavros_msgs/share/mavros_msgs/cmake)
[7.444s] -- Found tf2_geometry_msgs: 0.13.14 (/opt/ros/foxy/share/tf2_geometry_msgs/cmake)
[7.474s] -- Found eigen3_cmake_module: 0.1.1 (/opt/ros/foxy/share/eigen3_cmake_module/cmake)
[7.486s] -- Found Eigen3: TRUE (found version "3.3.7") 
[8.665s] -- Found ament_lint_auto: 0.9.8 (/opt/ros/foxy/share/ament_lint_auto/cmake)
[8.828s] -- Configuring done
[8.859s] -- Generating done
[8.866s] -- Build files have been written to: /home/khuluq/hayago_ws/build/drone_control
[8.890s] Invoked command in '/home/khuluq/hayago_ws/build/drone_control' returned '0': CMAKE_PREFIX_PATH=${CMAKE_PREFIX_PATH}:/home/khuluq/drone_delivery_ws/install/delivery:/opt/ros/foxy /usr/bin/cmake /home/khuluq/hayago_ws/src/drone_control -DAMENT_CMAKE_SYMLINK_INSTALL=1 -DCMAKE_INSTALL_PREFIX=/home/khuluq/hayago_ws/install/drone_control
[8.899s] Invoking command in '/home/khuluq/hayago_ws/build/drone_control': CMAKE_PREFIX_PATH=${CMAKE_PREFIX_PATH}:/home/khuluq/drone_delivery_ws/install/delivery:/opt/ros/foxy /usr/bin/cmake --build /home/khuluq/hayago_ws/build/drone_control -- -j4 -l4
[9.004s] [35m[1mScanning dependencies of target drone_node[0m
[9.120s] [100%] Built target drone_node
[9.162s] Invoked command in '/home/khuluq/hayago_ws/build/drone_control' returned '0': CMAKE_PREFIX_PATH=${CMAKE_PREFIX_PATH}:/home/khuluq/drone_delivery_ws/install/delivery:/opt/ros/foxy /usr/bin/cmake --build /home/khuluq/hayago_ws/build/drone_control -- -j4 -l4
[9.258s] Invoking command in '/home/khuluq/hayago_ws/build/drone_control': CMAKE_PREFIX_PATH=${CMAKE_PREFIX_PATH}:/home/khuluq/drone_delivery_ws/install/delivery:/opt/ros/foxy /usr/bin/cmake --install /home/khuluq/hayago_ws/build/drone_control
[9.282s] -- Install configuration: ""
[9.284s] -- Execute custom install script
[9.286s] -- Symlinking: /home/khuluq/hayago_ws/install/drone_control/lib/drone_control/drone_node
[9.317s] -- Symlinking: /home/khuluq/hayago_ws/install/drone_control/share/ament_index/resource_index/package_run_dependencies/drone_control
[9.351s] -- Symlinking: /home/khuluq/hayago_ws/install/drone_control/share/ament_index/resource_index/parent_prefix_path/drone_control
[9.383s] -- Symlinking: /home/khuluq/hayago_ws/install/drone_control/share/drone_control/environment/ament_prefix_path.sh
[9.413s] -- Symlinking: /home/khuluq/hayago_ws/install/drone_control/share/drone_control/environment/ament_prefix_path.dsv
[9.440s] -- Symlinking: /home/khuluq/hayago_ws/install/drone_control/share/drone_control/environment/path.sh
[9.474s] -- Symlinking: /home/khuluq/hayago_ws/install/drone_control/share/drone_control/environment/path.dsv
[9.501s] -- Symlinking: /home/khuluq/hayago_ws/install/drone_control/share/drone_control/local_setup.bash
[9.547s] -- Symlinking: /home/khuluq/hayago_ws/install/drone_control/share/drone_control/local_setup.sh
[9.574s] -- Symlinking: /home/khuluq/hayago_ws/install/drone_control/share/drone_control/local_setup.zsh
[9.597s] -- Symlinking: /home/khuluq/hayago_ws/install/drone_control/share/drone_control/local_setup.dsv
[9.621s] -- Symlinking: /home/khuluq/hayago_ws/install/drone_control/share/drone_control/package.dsv
[9.647s] -- Symlinking: /home/khuluq/hayago_ws/install/drone_control/share/ament_index/resource_index/packages/drone_control
[9.670s] -- Symlinking: /home/khuluq/hayago_ws/install/drone_control/share/drone_control/cmake/drone_controlConfig.cmake
[9.694s] -- Symlinking: /home/khuluq/hayago_ws/install/drone_control/share/drone_control/cmake/drone_controlConfig-version.cmake
[9.722s] -- Symlinking: /home/khuluq/hayago_ws/install/drone_control/share/drone_control/package.xml
[9.750s] Invoked command in '/home/khuluq/hayago_ws/build/drone_control' returned '0': CMAKE_PREFIX_PATH=${CMAKE_PREFIX_PATH}:/home/khuluq/drone_delivery_ws/install/delivery:/opt/ros/foxy /usr/bin/cmake --install /home/khuluq/hayago_ws/build/drone_control
