[0.043s] Invoking command in '/home/khuluq/hayago_ws/build/drone_control': /usr/bin/cmake /home/khuluq/hayago_ws/src/drone_control -DCMAKE_INSTALL_PREFIX=/home/khuluq/hayago_ws/install/drone_control
[0.084s] -- Found ament_cmake: 0.9.11 (/opt/ros/foxy/share/ament_cmake/cmake)
[0.140s] -- Using PYTHON_EXECUTABLE: /usr/bin/python3
[0.888s] -- Found rclcpp: 2.4.2 (/opt/ros/foxy/share/rclcpp/cmake)
[0.970s] -- Using all available rosidl_typesupport_c: rosidl_typesupport_fastrtps_c;rosidl_typesupport_introspection_c
[0.977s] -- Found rosidl_adapter: 1.3.0 (/opt/ros/foxy/share/rosidl_adapter/cmake)
[1.301s] -- Using all available rosidl_typesupport_cpp: rosidl_typesupport_fastrtps_cpp;rosidl_typesupport_introspection_cpp
[1.418s] -- Found rmw_implementation_cmake: 1.0.4 (/opt/ros/foxy/share/rmw_implementation_cmake/cmake)
[1.422s] -- Using RMW implementation 'rmw_fastrtps_cpp' as default
[1.761s] -- Found sensor_msgs: 2.0.5 (/opt/ros/foxy/share/sensor_msgs/cmake)
[2.015s] -- Found mavros_msgs: 2.4.0 (/home/khuluq/ros2_ws/install/mavros_msgs/share/mavros_msgs/cmake)
[2.955s] -- Found ament_lint_auto: 0.9.8 (/opt/ros/foxy/share/ament_lint_auto/cmake)
[3.072s] Error parsing '/home/khuluq/hayago_ws/src/drone_control/package.xml':
[3.349s] /home/khuluq/.local/lib/python3.8/site-packages/requests/__init__.py:78: RequestsDependencyWarning: urllib3 (2.0.3) or chardet (3.0.4) doesn't match a supported version!
[3.350s]   warnings.warn("urllib3 ({0}) or chardet ({1}) doesn't match a supported "
[3.350s] Traceback (most recent call last):
[3.350s]   File "/opt/ros/foxy/share/ament_cmake_core/cmake/core/package_xml_2_cmake.py", line 143, in <module>
[3.351s]     main()
[3.351s]   File "/opt/ros/foxy/share/ament_cmake_core/cmake/core/package_xml_2_cmake.py", line 52, in main
[3.351s]     raise e
[3.352s]   File "/opt/ros/foxy/share/ament_cmake_core/cmake/core/package_xml_2_cmake.py", line 48, in main
[3.352s]     package = parse_package_string(
[3.352s]   File "/usr/lib/python3/dist-packages/catkin_pkg/package.py", line 788, in parse_package_string
[3.352s]     pkg.validate(warnings=warnings)
[3.353s]   File "/usr/lib/python3/dist-packages/catkin_pkg/package.py", line 330, in validate
[3.354s]     raise InvalidPackage('\n'.join(errors), self.filename)
[3.356s] catkin_pkg.package.InvalidPackage: Error(s) in package '/home/khuluq/hayago_ws/src/drone_control/package.xml':
[3.357s] Invalid email "=" for person "khuluq"
[3.414s] CMake Error at /opt/ros/foxy/share/ament_cmake_core/cmake/core/ament_package_xml.cmake:94 (message):
[3.415s]   execute_process(/usr/bin/python3
[3.415s]   /opt/ros/foxy/share/ament_cmake_core/cmake/core/package_xml_2_cmake.py
[3.415s]   /home/khuluq/hayago_ws/src/drone_control/package.xml
[3.415s]   /home/khuluq/hayago_ws/build/drone_control/ament_cmake_core/package.cmake)
[3.416s]   returned error code 1
[3.416s] Call Stack (most recent call first):
[3.416s]   /opt/ros/foxy/share/ament_cmake_core/cmake/core/ament_package_xml.cmake:49 (_ament_package_xml)
[3.416s]   /opt/ros/foxy/share/ament_cmake_core/cmake/core/ament_package.cmake:63 (ament_package_xml)
[3.417s]   CMakeLists.txt:36 (ament_package)
[3.417s] 
[3.417s] 
[3.420s] -- Configuring incomplete, errors occurred!
[3.421s] See also "/home/khuluq/hayago_ws/build/drone_control/CMakeFiles/CMakeOutput.log".
[3.421s] See also "/home/khuluq/hayago_ws/build/drone_control/CMakeFiles/CMakeError.log".
[3.445s] Invoked command in '/home/khuluq/hayago_ws/build/drone_control' returned '1': /usr/bin/cmake /home/khuluq/hayago_ws/src/drone_control -DCMAKE_INSTALL_PREFIX=/home/khuluq/hayago_ws/install/drone_control
