[0.088s] Invoking command in '/home/khuluq/hayago_ws/build/drone_control': CMAKE_PREFIX_PATH=${CMAKE_PREFIX_PATH}:/home/khuluq/drone_delivery_ws/install/delivery:/opt/ros/foxy /usr/bin/cmake --build /home/khuluq/hayago_ws/build/drone_control -- -j4 -l4
[0.362s] [100%] Built target drone_node
[0.443s] Invoked command in '/home/khuluq/hayago_ws/build/drone_control' returned '0': CMAKE_PREFIX_PATH=${CMAKE_PREFIX_PATH}:/home/khuluq/drone_delivery_ws/install/delivery:/opt/ros/foxy /usr/bin/cmake --build /home/khuluq/hayago_ws/build/drone_control -- -j4 -l4
[0.630s] Invoking command in '/home/khuluq/hayago_ws/build/drone_control': CMAKE_PREFIX_PATH=${CMAKE_PREFIX_PATH}:/home/khuluq/drone_delivery_ws/install/delivery:/opt/ros/foxy /usr/bin/cmake --install /home/khuluq/hayago_ws/build/drone_control
[0.661s] -- Install configuration: ""
[0.665s] -- Execute custom install script
[0.667s] -- Up-to-date symlink: /home/khuluq/hayago_ws/install/drone_control/lib/drone_control/main.cpp
[0.672s] -- Up-to-date symlink: /home/khuluq/hayago_ws/install/drone_control/share/ament_index/resource_index/package_run_dependencies/drone_control
[0.674s] -- Up-to-date symlink: /home/khuluq/hayago_ws/install/drone_control/share/ament_index/resource_index/parent_prefix_path/drone_control
[0.675s] -- Up-to-date symlink: /home/khuluq/hayago_ws/install/drone_control/share/drone_control/environment/ament_prefix_path.sh
[0.679s] -- Up-to-date symlink: /home/khuluq/hayago_ws/install/drone_control/share/drone_control/environment/ament_prefix_path.dsv
[0.681s] -- Up-to-date symlink: /home/khuluq/hayago_ws/install/drone_control/share/drone_control/environment/path.sh
[0.686s] -- Up-to-date symlink: /home/khuluq/hayago_ws/install/drone_control/share/drone_control/environment/path.dsv
[0.686s] -- Up-to-date symlink: /home/khuluq/hayago_ws/install/drone_control/share/drone_control/local_setup.bash
[0.688s] -- Up-to-date symlink: /home/khuluq/hayago_ws/install/drone_control/share/drone_control/local_setup.sh
[0.689s] -- Up-to-date symlink: /home/khuluq/hayago_ws/install/drone_control/share/drone_control/local_setup.zsh
[0.690s] -- Up-to-date symlink: /home/khuluq/hayago_ws/install/drone_control/share/drone_control/local_setup.dsv
[0.690s] -- Symlinking: /home/khuluq/hayago_ws/install/drone_control/share/drone_control/package.dsv
[0.737s] -- Up-to-date symlink: /home/khuluq/hayago_ws/install/drone_control/share/ament_index/resource_index/packages/drone_control
[0.738s] -- Up-to-date symlink: /home/khuluq/hayago_ws/install/drone_control/share/drone_control/cmake/drone_controlConfig.cmake
[0.738s] -- Up-to-date symlink: /home/khuluq/hayago_ws/install/drone_control/share/drone_control/cmake/drone_controlConfig-version.cmake
[0.739s] -- Up-to-date symlink: /home/khuluq/hayago_ws/install/drone_control/share/drone_control/package.xml
[0.744s] Invoked command in '/home/khuluq/hayago_ws/build/drone_control' returned '0': CMAKE_PREFIX_PATH=${CMAKE_PREFIX_PATH}:/home/khuluq/drone_delivery_ws/install/delivery:/opt/ros/foxy /usr/bin/cmake --install /home/khuluq/hayago_ws/build/drone_control
