[0.047s] Invoking command in '/home/khuluq/hayago_ws/build/drone_control': CMAKE_PREFIX_PATH=${CMAKE_PREFIX_PATH}:/home/khuluq/drone_delivery_ws/install/delivery:/opt/ros/foxy /usr/bin/cmake /home/khuluq/hayago_ws/src/drone_control -DAMENT_CMAKE_SYMLINK_INSTALL=1 -DCMAKE_INSTALL_PREFIX=/home/khuluq/hayago_ws/install/drone_control
[0.200s] -- The C compiler identification is GNU 9.4.0
[0.381s] -- The CXX compiler identification is GNU 9.4.0
[0.404s] -- Check for working C compiler: /usr/lib/ccache/cc
[0.589s] -- Check for working C compiler: /usr/lib/ccache/cc -- works
[0.590s] -- Detecting C compiler ABI info
[0.777s] -- Detecting C compiler ABI info - done
[0.815s] -- Detecting C compile features
[0.815s] -- Detecting C compile features - done
[0.821s] -- Check for working CXX compiler: /usr/lib/ccache/c++
[1.014s] -- Check for working CXX compiler: /usr/lib/ccache/c++ -- works
[1.018s] -- Detecting CXX compiler ABI info
[1.241s] -- Detecting CXX compiler ABI info - done
[1.278s] -- Detecting CXX compile features
[1.279s] -- Detecting CXX compile features - done
[1.286s] -- Found ament_cmake: 0.9.11 (/opt/ros/foxy/share/ament_cmake/cmake)
[1.362s] -- Found PythonInterp: /usr/bin/python3 (found suitable version "3.8.10", minimum required is "3") 
[1.362s] -- Using PYTHON_EXECUTABLE: /usr/bin/python3
[1.973s] -- Override CMake install command with custom implementation using symlinks instead of copying resources
[2.073s] -- Found rclcpp: 2.4.2 (/opt/ros/foxy/share/rclcpp/cmake)
[2.199s] -- Using all available rosidl_typesupport_c: rosidl_typesupport_fastrtps_c;rosidl_typesupport_introspection_c
[2.221s] -- Found rosidl_adapter: 1.3.0 (/opt/ros/foxy/share/rosidl_adapter/cmake)
[2.478s] -- Found OpenSSL: /usr/lib/x86_64-linux-gnu/libcrypto.so (found version "1.1.1f")  
[2.565s] -- Found FastRTPS: /opt/ros/foxy/include  
[2.778s] -- Using all available rosidl_typesupport_cpp: rosidl_typesupport_fastrtps_cpp;rosidl_typesupport_introspection_cpp
[2.925s] -- Found rmw_implementation_cmake: 1.0.4 (/opt/ros/foxy/share/rmw_implementation_cmake/cmake)
[2.931s] -- Using RMW implementation 'rmw_fastrtps_cpp' as default
[2.933s] -- Looking for pthread.h
[3.080s] -- Looking for pthread.h - found
[3.080s] -- Performing Test CMAKE_HAVE_LIBC_PTHREAD
[3.233s] -- Performing Test CMAKE_HAVE_LIBC_PTHREAD - Failed
[3.236s] -- Looking for pthread_create in pthreads
[3.389s] -- Looking for pthread_create in pthreads - not found
[3.389s] -- Looking for pthread_create in pthread
[3.564s] -- Looking for pthread_create in pthread - found
[3.569s] -- Found Threads: TRUE  
[4.002s] -- Found sensor_msgs: 2.0.5 (/opt/ros/foxy/share/sensor_msgs/cmake)
[4.453s] -- Found mavros_msgs: 2.4.0 (/home/khuluq/ros2_ws/install/mavros_msgs/share/mavros_msgs/cmake)
[5.572s] -- Found tf2_geometry_msgs: 0.13.14 (/opt/ros/foxy/share/tf2_geometry_msgs/cmake)
[5.596s] -- Found eigen3_cmake_module: 0.1.1 (/opt/ros/foxy/share/eigen3_cmake_module/cmake)
[5.609s] -- Found Eigen3: TRUE (found version "3.3.7") 
[6.806s] -- Found ament_lint_auto: 0.9.8 (/opt/ros/foxy/share/ament_lint_auto/cmake)
[6.976s] -- Configuring done
[7.009s] -- Generating done
[7.014s] -- Build files have been written to: /home/khuluq/hayago_ws/build/drone_control
[7.038s] Invoked command in '/home/khuluq/hayago_ws/build/drone_control' returned '0': CMAKE_PREFIX_PATH=${CMAKE_PREFIX_PATH}:/home/khuluq/drone_delivery_ws/install/delivery:/opt/ros/foxy /usr/bin/cmake /home/khuluq/hayago_ws/src/drone_control -DAMENT_CMAKE_SYMLINK_INSTALL=1 -DCMAKE_INSTALL_PREFIX=/home/khuluq/hayago_ws/install/drone_control
[7.046s] Invoking command in '/home/khuluq/hayago_ws/build/drone_control': CMAKE_PREFIX_PATH=${CMAKE_PREFIX_PATH}:/home/khuluq/drone_delivery_ws/install/delivery:/opt/ros/foxy /usr/bin/cmake --build /home/khuluq/hayago_ws/build/drone_control -- -j4 -l4
[7.163s] [35m[1mScanning dependencies of target drone_node[0m
[7.318s] [ 50%] [32m[1mLinking CXX executable drone_node[0m
[8.124s] [100%] Built target drone_node
[8.155s] Invoked command in '/home/khuluq/hayago_ws/build/drone_control' returned '0': CMAKE_PREFIX_PATH=${CMAKE_PREFIX_PATH}:/home/khuluq/drone_delivery_ws/install/delivery:/opt/ros/foxy /usr/bin/cmake --build /home/khuluq/hayago_ws/build/drone_control -- -j4 -l4
[8.246s] Invoking command in '/home/khuluq/hayago_ws/build/drone_control': CMAKE_PREFIX_PATH=${CMAKE_PREFIX_PATH}:/home/khuluq/drone_delivery_ws/install/delivery:/opt/ros/foxy /usr/bin/cmake --install /home/khuluq/hayago_ws/build/drone_control
[8.270s] -- Install configuration: ""
[8.272s] -- Execute custom install script
[8.273s] -- Symlinking: /home/khuluq/hayago_ws/install/drone_control/lib/drone_control/drone_node
[8.298s] -- Symlinking: /home/khuluq/hayago_ws/install/drone_control/share/ament_index/resource_index/package_run_dependencies/drone_control
[8.323s] -- Symlinking: /home/khuluq/hayago_ws/install/drone_control/share/ament_index/resource_index/parent_prefix_path/drone_control
[8.348s] -- Symlinking: /home/khuluq/hayago_ws/install/drone_control/share/drone_control/environment/ament_prefix_path.sh
[8.371s] -- Symlinking: /home/khuluq/hayago_ws/install/drone_control/share/drone_control/environment/ament_prefix_path.dsv
[8.395s] -- Symlinking: /home/khuluq/hayago_ws/install/drone_control/share/drone_control/environment/path.sh
[8.426s] -- Symlinking: /home/khuluq/hayago_ws/install/drone_control/share/drone_control/environment/path.dsv
[8.448s] -- Symlinking: /home/khuluq/hayago_ws/install/drone_control/share/drone_control/local_setup.bash
[8.474s] -- Symlinking: /home/khuluq/hayago_ws/install/drone_control/share/drone_control/local_setup.sh
[8.496s] -- Symlinking: /home/khuluq/hayago_ws/install/drone_control/share/drone_control/local_setup.zsh
[8.521s] -- Symlinking: /home/khuluq/hayago_ws/install/drone_control/share/drone_control/local_setup.dsv
[8.546s] -- Symlinking: /home/khuluq/hayago_ws/install/drone_control/share/drone_control/package.dsv
[8.583s] -- Symlinking: /home/khuluq/hayago_ws/install/drone_control/share/ament_index/resource_index/packages/drone_control
[8.606s] -- Symlinking: /home/khuluq/hayago_ws/install/drone_control/share/drone_control/cmake/drone_controlConfig.cmake
[8.635s] -- Symlinking: /home/khuluq/hayago_ws/install/drone_control/share/drone_control/cmake/drone_controlConfig-version.cmake
[8.667s] -- Symlinking: /home/khuluq/hayago_ws/install/drone_control/share/drone_control/package.xml
[8.698s] Invoked command in '/home/khuluq/hayago_ws/build/drone_control' returned '0': CMAKE_PREFIX_PATH=${CMAKE_PREFIX_PATH}:/home/khuluq/drone_delivery_ws/install/delivery:/opt/ros/foxy /usr/bin/cmake --install /home/khuluq/hayago_ws/build/drone_control
