[0.050s] Invoking command in '/home/khuluq/hayago_ws/build/drone_control': CMAKE_PREFIX_PATH=${CMAKE_PREFIX_PATH}:/home/khuluq/drone_delivery_ws/install/delivery:/opt/ros/foxy /usr/bin/cmake --build /home/khuluq/hayago_ws/build/drone_control -- -j4 -l4
[0.122s] -- Found ament_cmake: 0.9.11 (/opt/ros/foxy/share/ament_cmake/cmake)
[0.183s] -- Using PYTHON_EXECUTABLE: /usr/bin/python3
[0.807s] -- Override CMake install command with custom implementation using symlinks instead of copying resources
[0.829s] -- Found rclcpp: 2.4.2 (/opt/ros/foxy/share/rclcpp/cmake)
[0.922s] -- Using all available rosidl_typesupport_c: rosidl_typesupport_fastrtps_c;rosidl_typesupport_introspection_c
[0.932s] -- Found rosidl_adapter: 1.3.0 (/opt/ros/foxy/share/rosidl_adapter/cmake)
[1.262s] -- Using all available rosidl_typesupport_cpp: rosidl_typesupport_fastrtps_cpp;rosidl_typesupport_introspection_cpp
[1.386s] -- Found rmw_implementation_cmake: 1.0.4 (/opt/ros/foxy/share/rmw_implementation_cmake/cmake)
[1.392s] -- Using RMW implementation 'rmw_fastrtps_cpp' as default
[1.725s] -- Found sensor_msgs: 2.0.5 (/opt/ros/foxy/share/sensor_msgs/cmake)
[1.990s] -- Found mavros_msgs: 2.4.0 (/home/khuluq/ros2_ws/install/mavros_msgs/share/mavros_msgs/cmake)
[2.921s] -- Found tf2_geometry_msgs: 0.13.14 (/opt/ros/foxy/share/tf2_geometry_msgs/cmake)
[2.937s] -- Found eigen3_cmake_module: 0.1.1 (/opt/ros/foxy/share/eigen3_cmake_module/cmake)
[3.792s] -- Found ament_lint_auto: 0.9.8 (/opt/ros/foxy/share/ament_lint_auto/cmake)
[3.965s] -- Configuring done
[3.995s] -- Generating done
[4.001s] -- Build files have been written to: /home/khuluq/hayago_ws/build/drone_control
[4.124s] [100%] Built target drone_node
[4.157s] Invoked command in '/home/khuluq/hayago_ws/build/drone_control' returned '0': CMAKE_PREFIX_PATH=${CMAKE_PREFIX_PATH}:/home/khuluq/drone_delivery_ws/install/delivery:/opt/ros/foxy /usr/bin/cmake --build /home/khuluq/hayago_ws/build/drone_control -- -j4 -l4
[4.255s] Invoking command in '/home/khuluq/hayago_ws/build/drone_control': CMAKE_PREFIX_PATH=${CMAKE_PREFIX_PATH}:/home/khuluq/drone_delivery_ws/install/delivery:/opt/ros/foxy /usr/bin/cmake --install /home/khuluq/hayago_ws/build/drone_control
[4.276s] -- Install configuration: ""
[4.277s] -- Execute custom install script
[4.278s] -- Up-to-date symlink: /home/khuluq/hayago_ws/install/drone_control/share/ament_index/resource_index/package_run_dependencies/drone_control
[4.279s] -- Up-to-date symlink: /home/khuluq/hayago_ws/install/drone_control/share/ament_index/resource_index/parent_prefix_path/drone_control
[4.279s] -- Up-to-date symlink: /home/khuluq/hayago_ws/install/drone_control/share/drone_control/environment/ament_prefix_path.sh
[4.281s] -- Up-to-date symlink: /home/khuluq/hayago_ws/install/drone_control/share/drone_control/environment/ament_prefix_path.dsv
[4.283s] -- Up-to-date symlink: /home/khuluq/hayago_ws/install/drone_control/share/drone_control/environment/path.sh
[4.284s] -- Up-to-date symlink: /home/khuluq/hayago_ws/install/drone_control/share/drone_control/environment/path.dsv
[4.286s] -- Up-to-date symlink: /home/khuluq/hayago_ws/install/drone_control/share/drone_control/local_setup.bash
[4.286s] -- Up-to-date symlink: /home/khuluq/hayago_ws/install/drone_control/share/drone_control/local_setup.sh
[4.287s] -- Up-to-date symlink: /home/khuluq/hayago_ws/install/drone_control/share/drone_control/local_setup.zsh
[4.287s] -- Up-to-date symlink: /home/khuluq/hayago_ws/install/drone_control/share/drone_control/local_setup.dsv
[4.287s] -- Symlinking: /home/khuluq/hayago_ws/install/drone_control/share/drone_control/package.dsv
[4.318s] -- Up-to-date symlink: /home/khuluq/hayago_ws/install/drone_control/share/ament_index/resource_index/packages/drone_control
[4.319s] -- Up-to-date symlink: /home/khuluq/hayago_ws/install/drone_control/share/drone_control/cmake/drone_controlConfig.cmake
[4.319s] -- Up-to-date symlink: /home/khuluq/hayago_ws/install/drone_control/share/drone_control/cmake/drone_controlConfig-version.cmake
[4.320s] -- Up-to-date symlink: /home/khuluq/hayago_ws/install/drone_control/share/drone_control/package.xml
[4.335s] Invoked command in '/home/khuluq/hayago_ws/build/drone_control' returned '0': CMAKE_PREFIX_PATH=${CMAKE_PREFIX_PATH}:/home/khuluq/drone_delivery_ws/install/delivery:/opt/ros/foxy /usr/bin/cmake --install /home/khuluq/hayago_ws/build/drone_control
