[0.069s] Invoking command in '/home/khuluq/hayago_ws/build/px4_ros_com': AMENT_PREFIX_PATH=/home/khuluq/hayago_ws/install/px4_msgs:${AMENT_PREFIX_PATH} CMAKE_PREFIX_PATH=/home/khuluq/hayago_ws/install/px4_msgs:/home/khuluq/ros2_ws/install/orbbit_drone:/home/khuluq/ros2_ws/install/mavros_extras:/home/khuluq/ros2_ws/install/mavros:/home/khuluq/ros2_ws/install/mavros_msgs:/home/khuluq/ros2_ws/install/libmavconn:/home/khuluq/tello_ros_ws/install/tello_gazebo:/home/khuluq/tello_ros_ws/install/tello_driver:/home/khuluq/tello_ros_ws/install/tello_msgs:/home/khuluq/tello_ros_ws/install/tello_description:/home/khuluq/tello_ros_ws/install/ros2_shared:/home/khuluq/drone_delivery_ws/install/delivery:/opt/ros/foxy LD_LIBRARY_PATH=/home/khuluq/hayago_ws/install/px4_msgs/lib:/home/khuluq/ros2_ws/install/mavros_extras/lib:/home/khuluq/ros2_ws/install/mavros/lib:/home/khuluq/ros2_ws/install/mavros_msgs/lib:/home/khuluq/ros2_ws/install/libmavconn/lib:/home/khuluq/tello_ros_ws/install/tello_gazebo/lib:/home/khuluq/tello_ros_ws/install/tello_driver/lib:/home/khuluq/tello_ros_ws/install/tello_msgs/lib:/usr/lib/x86_64-linux-gnu/gazebo-11/plugins:/opt/ros/foxy/opt/yaml_cpp_vendor/lib:/opt/ros/foxy/opt/rviz_ogre_vendor/lib:/opt/ros/foxy/lib/x86_64-linux-gnu:/opt/ros/foxy/lib:/usr/lib/x86_64-linux-gnu/gazebo-11/plugins PYTHONPATH=/home/khuluq/hayago_ws/install/px4_msgs/lib/python3.8/site-packages:${PYTHONPATH} /usr/bin/cmake /home/khuluq/hayago_ws/src/px4_ros_com -DCMAKE_INSTALL_PREFIX=/home/khuluq/hayago_ws/install/px4_ros_com
[0.261s] -- The C compiler identification is GNU 9.4.0
[0.449s] -- The CXX compiler identification is GNU 9.4.0
[0.467s] -- Check for working C compiler: /usr/lib/ccache/cc
[0.782s] -- Check for working C compiler: /usr/lib/ccache/cc -- works
[0.786s] -- Detecting C compiler ABI info
[1.099s] -- Detecting C compiler ABI info - done
[1.146s] -- Detecting C compile features
[1.147s] -- Detecting C compile features - done
[1.156s] -- Check for working CXX compiler: /usr/lib/ccache/c++
[1.457s] -- Check for working CXX compiler: /usr/lib/ccache/c++ -- works
[1.463s] -- Detecting CXX compiler ABI info
[1.697s] -- Detecting CXX compiler ABI info - done
[1.752s] -- Detecting CXX compile features
[1.755s] -- Detecting CXX compile features - done
[1.767s] -- Found ament_cmake: 0.9.11 (/opt/ros/foxy/share/ament_cmake/cmake)
[1.856s] -- Found PythonInterp: /usr/bin/python3 (found suitable version "3.8.10", minimum required is "3") 
[1.857s] -- Using PYTHON_EXECUTABLE: /usr/bin/python3
[2.895s] -- Found builtin_interfaces: 1.0.0 (/opt/ros/foxy/share/builtin_interfaces/cmake)
[3.032s] -- Using all available rosidl_typesupport_c: rosidl_typesupport_fastrtps_c;rosidl_typesupport_introspection_c
[3.065s] -- Found rosidl_adapter: 1.3.0 (/opt/ros/foxy/share/rosidl_adapter/cmake)
[3.414s] -- Found OpenSSL: /usr/lib/x86_64-linux-gnu/libcrypto.so (found version "1.1.1f")  
[3.533s] -- Found FastRTPS: /opt/ros/foxy/include  
[3.800s] -- Using all available rosidl_typesupport_cpp: rosidl_typesupport_fastrtps_cpp;rosidl_typesupport_introspection_cpp
[3.924s] -- Found eigen3_cmake_module: 0.1.1 (/opt/ros/foxy/share/eigen3_cmake_module/cmake)
[3.943s] -- Found Eigen3: TRUE (found version "3.3.7") 
[3.966s] -- Found geometry_msgs: 2.0.5 (/opt/ros/foxy/share/geometry_msgs/cmake)
[4.198s] -- Found px4_msgs: 2.0.1 (/home/khuluq/hayago_ws/install/px4_msgs/share/px4_msgs/cmake)
[4.252s] -- Found rclcpp: 2.4.2 (/opt/ros/foxy/share/rclcpp/cmake)
[4.516s] -- Found rmw_implementation_cmake: 1.0.4 (/opt/ros/foxy/share/rmw_implementation_cmake/cmake)
[4.525s] -- Using RMW implementation 'rmw_fastrtps_cpp' as default
[4.528s] -- Looking for pthread.h
[4.890s] -- Looking for pthread.h - found
[4.891s] -- Performing Test CMAKE_HAVE_LIBC_PTHREAD
[5.294s] -- Performing Test CMAKE_HAVE_LIBC_PTHREAD - Failed
[5.295s] -- Looking for pthread_create in pthreads
[5.518s] -- Looking for pthread_create in pthreads - not found
[5.518s] -- Looking for pthread_create in pthread
[5.751s] -- Looking for pthread_create in pthread - found
[5.762s] -- Found Threads: TRUE  
[6.366s] -- Found sensor_msgs: 2.0.5 (/opt/ros/foxy/share/sensor_msgs/cmake)
[6.706s] -- Found ament_lint_auto: 0.9.8 (/opt/ros/foxy/share/ament_lint_auto/cmake)
[7.063s] -- Added test 'copyright' to check source files copyright and LICENSE
[7.081s] -- Added test 'cppcheck' to perform static code analysis on C / C++ code
[7.083s] -- Configured cppcheck include dirs: /home/khuluq/hayago_ws/src/px4_ros_com/include;$<BUILD_INTERFACE:/home/khuluq/hayago_ws/src/px4_ros_com/include/px4_ros_com>
[7.084s] -- Configured cppcheck exclude dirs and/or files: 
[7.101s] -- Added test 'cpplint' to check C / C++ code against the Google style
[7.101s] -- Configured cpplint exclude dirs and/or files: 
[7.113s] -- Added test 'flake8' to check Python code syntax and style conventions
[7.121s] -- Added test 'lint_cmake' to check CMake code style
[7.124s] -- Added test 'pep257' to check Python code against some of the style conventions in PEP 257
[7.144s] -- Added test 'uncrustify' to check C / C++ code style
[7.144s] -- Configured uncrustify additional arguments: 
[7.146s] -- Added test 'xmllint' to check XML markup files
[7.165s] -- Configuring done
[7.250s] -- Generating done
[7.256s] -- Build files have been written to: /home/khuluq/hayago_ws/build/px4_ros_com
[7.297s] Invoked command in '/home/khuluq/hayago_ws/build/px4_ros_com' returned '0': AMENT_PREFIX_PATH=/home/khuluq/hayago_ws/install/px4_msgs:${AMENT_PREFIX_PATH} CMAKE_PREFIX_PATH=/home/khuluq/hayago_ws/install/px4_msgs:/home/khuluq/ros2_ws/install/orbbit_drone:/home/khuluq/ros2_ws/install/mavros_extras:/home/khuluq/ros2_ws/install/mavros:/home/khuluq/ros2_ws/install/mavros_msgs:/home/khuluq/ros2_ws/install/libmavconn:/home/khuluq/tello_ros_ws/install/tello_gazebo:/home/khuluq/tello_ros_ws/install/tello_driver:/home/khuluq/tello_ros_ws/install/tello_msgs:/home/khuluq/tello_ros_ws/install/tello_description:/home/khuluq/tello_ros_ws/install/ros2_shared:/home/khuluq/drone_delivery_ws/install/delivery:/opt/ros/foxy LD_LIBRARY_PATH=/home/khuluq/hayago_ws/install/px4_msgs/lib:/home/khuluq/ros2_ws/install/mavros_extras/lib:/home/khuluq/ros2_ws/install/mavros/lib:/home/khuluq/ros2_ws/install/mavros_msgs/lib:/home/khuluq/ros2_ws/install/libmavconn/lib:/home/khuluq/tello_ros_ws/install/tello_gazebo/lib:/home/khuluq/tello_ros_ws/install/tello_driver/lib:/home/khuluq/tello_ros_ws/install/tello_msgs/lib:/usr/lib/x86_64-linux-gnu/gazebo-11/plugins:/opt/ros/foxy/opt/yaml_cpp_vendor/lib:/opt/ros/foxy/opt/rviz_ogre_vendor/lib:/opt/ros/foxy/lib/x86_64-linux-gnu:/opt/ros/foxy/lib:/usr/lib/x86_64-linux-gnu/gazebo-11/plugins PYTHONPATH=/home/khuluq/hayago_ws/install/px4_msgs/lib/python3.8/site-packages:${PYTHONPATH} /usr/bin/cmake /home/khuluq/hayago_ws/src/px4_ros_com -DCMAKE_INSTALL_PREFIX=/home/khuluq/hayago_ws/install/px4_ros_com
[7.302s] Invoking command in '/home/khuluq/hayago_ws/build/px4_ros_com': AMENT_PREFIX_PATH=/home/khuluq/hayago_ws/install/px4_msgs:${AMENT_PREFIX_PATH} CMAKE_PREFIX_PATH=/home/khuluq/hayago_ws/install/px4_msgs:/home/khuluq/ros2_ws/install/orbbit_drone:/home/khuluq/ros2_ws/install/mavros_extras:/home/khuluq/ros2_ws/install/mavros:/home/khuluq/ros2_ws/install/mavros_msgs:/home/khuluq/ros2_ws/install/libmavconn:/home/khuluq/tello_ros_ws/install/tello_gazebo:/home/khuluq/tello_ros_ws/install/tello_driver:/home/khuluq/tello_ros_ws/install/tello_msgs:/home/khuluq/tello_ros_ws/install/tello_description:/home/khuluq/tello_ros_ws/install/ros2_shared:/home/khuluq/drone_delivery_ws/install/delivery:/opt/ros/foxy LD_LIBRARY_PATH=/home/khuluq/hayago_ws/install/px4_msgs/lib:/home/khuluq/ros2_ws/install/mavros_extras/lib:/home/khuluq/ros2_ws/install/mavros/lib:/home/khuluq/ros2_ws/install/mavros_msgs/lib:/home/khuluq/ros2_ws/install/libmavconn/lib:/home/khuluq/tello_ros_ws/install/tello_gazebo/lib:/home/khuluq/tello_ros_ws/install/tello_driver/lib:/home/khuluq/tello_ros_ws/install/tello_msgs/lib:/usr/lib/x86_64-linux-gnu/gazebo-11/plugins:/opt/ros/foxy/opt/yaml_cpp_vendor/lib:/opt/ros/foxy/opt/rviz_ogre_vendor/lib:/opt/ros/foxy/lib/x86_64-linux-gnu:/opt/ros/foxy/lib:/usr/lib/x86_64-linux-gnu/gazebo-11/plugins PYTHONPATH=/home/khuluq/hayago_ws/install/px4_msgs/lib/python3.8/site-packages:${PYTHONPATH} /usr/bin/cmake --build /home/khuluq/hayago_ws/build/px4_ros_com -- -j4 -l4
[7.523s] [35m[1mScanning dependencies of target frame_transforms[0m
[7.766s] [ 10%] [32mBuilding CXX object CMakeFiles/frame_transforms.dir/src/lib/frame_transforms.cpp.o[0m
[28.139s] [ 20%] [32m[1mLinking CXX shared library libframe_transforms.so[0m
[28.924s] [ 20%] Built target frame_transforms
[28.953s] [35m[1mScanning dependencies of target debug_vect_advertiser[0m
[29.097s] [ 30%] [32mBuilding CXX object CMakeFiles/debug_vect_advertiser.dir/src/examples/advertisers/debug_vect_advertiser.cpp.o[0m
[39.975s] [ 40%] [32m[1mLinking CXX executable debug_vect_advertiser[0m
[40.530s] [ 40%] Built target debug_vect_advertiser
[40.571s] [35m[1mScanning dependencies of target sensor_combined_listener[0m
[40.726s] [ 50%] [32mBuilding CXX object CMakeFiles/sensor_combined_listener.dir/src/examples/listeners/sensor_combined_listener.cpp.o[0m
[58.250s] [ 60%] [32m[1mLinking CXX executable sensor_combined_listener[0m
[59.097s] [ 60%] Built target sensor_combined_listener
[59.129s] [35m[1mScanning dependencies of target vehicle_gps_position_listener[0m
[59.287s] [ 70%] [32mBuilding CXX object CMakeFiles/vehicle_gps_position_listener.dir/src/examples/listeners/vehicle_gps_position_listener.cpp.o[0m
[74.916s] [ 80%] [32m[1mLinking CXX executable vehicle_gps_position_listener[0m
[75.728s] [ 80%] Built target vehicle_gps_position_listener
[75.763s] [35m[1mScanning dependencies of target offboard_control[0m
[75.917s] [ 90%] [32mBuilding CXX object CMakeFiles/offboard_control.dir/src/examples/offboard/offboard_control.cpp.o[0m
[88.851s] [100%] [32m[1mLinking CXX executable offboard_control[0m
[89.515s] [100%] Built target offboard_control
[89.556s] Invoked command in '/home/khuluq/hayago_ws/build/px4_ros_com' returned '0': AMENT_PREFIX_PATH=/home/khuluq/hayago_ws/install/px4_msgs:${AMENT_PREFIX_PATH} CMAKE_PREFIX_PATH=/home/khuluq/hayago_ws/install/px4_msgs:/home/khuluq/ros2_ws/install/orbbit_drone:/home/khuluq/ros2_ws/install/mavros_extras:/home/khuluq/ros2_ws/install/mavros:/home/khuluq/ros2_ws/install/mavros_msgs:/home/khuluq/ros2_ws/install/libmavconn:/home/khuluq/tello_ros_ws/install/tello_gazebo:/home/khuluq/tello_ros_ws/install/tello_driver:/home/khuluq/tello_ros_ws/install/tello_msgs:/home/khuluq/tello_ros_ws/install/tello_description:/home/khuluq/tello_ros_ws/install/ros2_shared:/home/khuluq/drone_delivery_ws/install/delivery:/opt/ros/foxy LD_LIBRARY_PATH=/home/khuluq/hayago_ws/install/px4_msgs/lib:/home/khuluq/ros2_ws/install/mavros_extras/lib:/home/khuluq/ros2_ws/install/mavros/lib:/home/khuluq/ros2_ws/install/mavros_msgs/lib:/home/khuluq/ros2_ws/install/libmavconn/lib:/home/khuluq/tello_ros_ws/install/tello_gazebo/lib:/home/khuluq/tello_ros_ws/install/tello_driver/lib:/home/khuluq/tello_ros_ws/install/tello_msgs/lib:/usr/lib/x86_64-linux-gnu/gazebo-11/plugins:/opt/ros/foxy/opt/yaml_cpp_vendor/lib:/opt/ros/foxy/opt/rviz_ogre_vendor/lib:/opt/ros/foxy/lib/x86_64-linux-gnu:/opt/ros/foxy/lib:/usr/lib/x86_64-linux-gnu/gazebo-11/plugins PYTHONPATH=/home/khuluq/hayago_ws/install/px4_msgs/lib/python3.8/site-packages:${PYTHONPATH} /usr/bin/cmake --build /home/khuluq/hayago_ws/build/px4_ros_com -- -j4 -l4
[89.673s] Invoking command in '/home/khuluq/hayago_ws/build/px4_ros_com': AMENT_PREFIX_PATH=/home/khuluq/hayago_ws/install/px4_msgs:${AMENT_PREFIX_PATH} CMAKE_PREFIX_PATH=/home/khuluq/hayago_ws/install/px4_msgs:/home/khuluq/ros2_ws/install/orbbit_drone:/home/khuluq/ros2_ws/install/mavros_extras:/home/khuluq/ros2_ws/install/mavros:/home/khuluq/ros2_ws/install/mavros_msgs:/home/khuluq/ros2_ws/install/libmavconn:/home/khuluq/tello_ros_ws/install/tello_gazebo:/home/khuluq/tello_ros_ws/install/tello_driver:/home/khuluq/tello_ros_ws/install/tello_msgs:/home/khuluq/tello_ros_ws/install/tello_description:/home/khuluq/tello_ros_ws/install/ros2_shared:/home/khuluq/drone_delivery_ws/install/delivery:/opt/ros/foxy LD_LIBRARY_PATH=/home/khuluq/hayago_ws/install/px4_msgs/lib:/home/khuluq/ros2_ws/install/mavros_extras/lib:/home/khuluq/ros2_ws/install/mavros/lib:/home/khuluq/ros2_ws/install/mavros_msgs/lib:/home/khuluq/ros2_ws/install/libmavconn/lib:/home/khuluq/tello_ros_ws/install/tello_gazebo/lib:/home/khuluq/tello_ros_ws/install/tello_driver/lib:/home/khuluq/tello_ros_ws/install/tello_msgs/lib:/usr/lib/x86_64-linux-gnu/gazebo-11/plugins:/opt/ros/foxy/opt/yaml_cpp_vendor/lib:/opt/ros/foxy/opt/rviz_ogre_vendor/lib:/opt/ros/foxy/lib/x86_64-linux-gnu:/opt/ros/foxy/lib:/usr/lib/x86_64-linux-gnu/gazebo-11/plugins PYTHONPATH=/home/khuluq/hayago_ws/install/px4_msgs/lib/python3.8/site-packages:${PYTHONPATH} /usr/bin/cmake --install /home/khuluq/hayago_ws/build/px4_ros_com
[89.706s] -- Install configuration: ""
[89.707s] -- Installing: /home/khuluq/hayago_ws/install/px4_ros_com/lib/px4_ros_com/sensor_combined_listener
[89.715s] -- Set runtime path of "/home/khuluq/hayago_ws/install/px4_ros_com/lib/px4_ros_com/sensor_combined_listener" to ""
[89.716s] -- Installing: /home/khuluq/hayago_ws/install/px4_ros_com/lib/px4_ros_com/vehicle_gps_position_listener
[89.724s] -- Set runtime path of "/home/khuluq/hayago_ws/install/px4_ros_com/lib/px4_ros_com/vehicle_gps_position_listener" to ""
[89.725s] -- Installing: /home/khuluq/hayago_ws/install/px4_ros_com/lib/px4_ros_com/debug_vect_advertiser
[89.729s] -- Set runtime path of "/home/khuluq/hayago_ws/install/px4_ros_com/lib/px4_ros_com/debug_vect_advertiser" to ""
[89.730s] -- Installing: /home/khuluq/hayago_ws/install/px4_ros_com/lib/px4_ros_com/offboard_control
[89.735s] -- Set runtime path of "/home/khuluq/hayago_ws/install/px4_ros_com/lib/px4_ros_com/offboard_control" to ""
[89.736s] -- Installing: /home/khuluq/hayago_ws/install/px4_ros_com/share/px4_ros_com/environment/library_path.sh
[89.739s] -- Installing: /home/khuluq/hayago_ws/install/px4_ros_com/share/px4_ros_com/environment/library_path.dsv
[89.741s] -- Installing: /home/khuluq/hayago_ws/install/px4_ros_com/include/px4_ros_com
[89.742s] -- Installing: /home/khuluq/hayago_ws/install/px4_ros_com/include/px4_ros_com/frame_transforms.h
[89.744s] -- Installing: /home/khuluq/hayago_ws/install/px4_ros_com/lib/libframe_transforms.so
[89.755s] -- Set runtime path of "/home/khuluq/hayago_ws/install/px4_ros_com/lib/libframe_transforms.so" to ""
[89.757s] -- Installing: /home/khuluq/hayago_ws/install/px4_ros_com/share/px4_ros_com//launch
[89.759s] -- Installing: /home/khuluq/hayago_ws/install/px4_ros_com/share/px4_ros_com//launch/sensor_combined_listener.launch.py
[89.761s] -- Installing: /home/khuluq/hayago_ws/install/px4_ros_com/share/px4_ros_com//launch/offboard_control_launch.yaml
[89.762s] -- Installing: /home/khuluq/hayago_ws/install/px4_ros_com/share/px4_ros_com//test
[89.763s] -- Installing: /home/khuluq/hayago_ws/install/px4_ros_com/share/px4_ros_com//test/test_output.py
[89.764s] -- Installing: /home/khuluq/hayago_ws/install/px4_ros_com/share/px4_ros_com//test/pipeline_io_test.py
[89.765s] -- Installing: /home/khuluq/hayago_ws/install/px4_ros_com/share/px4_ros_com//test/__init__.py
[89.766s] -- Installing: /home/khuluq/hayago_ws/install/px4_ros_com/share/px4_ros_com//test/test_input.py
[89.768s] -- Installing: /home/khuluq/hayago_ws/install/px4_ros_com/share/ament_index/resource_index/package_run_dependencies/px4_ros_com
[89.770s] -- Installing: /home/khuluq/hayago_ws/install/px4_ros_com/share/ament_index/resource_index/parent_prefix_path/px4_ros_com
[89.771s] -- Installing: /home/khuluq/hayago_ws/install/px4_ros_com/share/px4_ros_com/environment/ament_prefix_path.sh
[89.773s] -- Installing: /home/khuluq/hayago_ws/install/px4_ros_com/share/px4_ros_com/environment/ament_prefix_path.dsv
[89.774s] -- Installing: /home/khuluq/hayago_ws/install/px4_ros_com/share/px4_ros_com/environment/path.sh
[89.775s] -- Installing: /home/khuluq/hayago_ws/install/px4_ros_com/share/px4_ros_com/environment/path.dsv
[89.777s] -- Installing: /home/khuluq/hayago_ws/install/px4_ros_com/share/px4_ros_com/local_setup.bash
[89.778s] -- Installing: /home/khuluq/hayago_ws/install/px4_ros_com/share/px4_ros_com/local_setup.sh
[89.780s] -- Installing: /home/khuluq/hayago_ws/install/px4_ros_com/share/px4_ros_com/local_setup.zsh
[89.781s] -- Installing: /home/khuluq/hayago_ws/install/px4_ros_com/share/px4_ros_com/local_setup.dsv
[89.783s] -- Installing: /home/khuluq/hayago_ws/install/px4_ros_com/share/px4_ros_com/package.dsv
[89.786s] -- Installing: /home/khuluq/hayago_ws/install/px4_ros_com/share/ament_index/resource_index/packages/px4_ros_com
[89.787s] -- Installing: /home/khuluq/hayago_ws/install/px4_ros_com/share/px4_ros_com/cmake/export_frame_transformsExport.cmake
[89.789s] -- Installing: /home/khuluq/hayago_ws/install/px4_ros_com/share/px4_ros_com/cmake/export_frame_transformsExport-noconfig.cmake
[89.791s] -- Installing: /home/khuluq/hayago_ws/install/px4_ros_com/share/px4_ros_com/cmake/ament_cmake_export_dependencies-extras.cmake
[89.793s] -- Installing: /home/khuluq/hayago_ws/install/px4_ros_com/share/px4_ros_com/cmake/ament_cmake_export_targets-extras.cmake
[89.802s] -- Installing: /home/khuluq/hayago_ws/install/px4_ros_com/share/px4_ros_com/cmake/ament_cmake_export_include_directories-extras.cmake
[89.807s] -- Installing: /home/khuluq/hayago_ws/install/px4_ros_com/share/px4_ros_com/cmake/ament_cmake_export_libraries-extras.cmake
[89.813s] -- Installing: /home/khuluq/hayago_ws/install/px4_ros_com/share/px4_ros_com/cmake/px4_ros_comConfig.cmake
[89.814s] -- Installing: /home/khuluq/hayago_ws/install/px4_ros_com/share/px4_ros_com/cmake/px4_ros_comConfig-version.cmake
[89.814s] -- Installing: /home/khuluq/hayago_ws/install/px4_ros_com/share/px4_ros_com/package.xml
[89.820s] Invoked command in '/home/khuluq/hayago_ws/build/px4_ros_com' returned '0': AMENT_PREFIX_PATH=/home/khuluq/hayago_ws/install/px4_msgs:${AMENT_PREFIX_PATH} CMAKE_PREFIX_PATH=/home/khuluq/hayago_ws/install/px4_msgs:/home/khuluq/ros2_ws/install/orbbit_drone:/home/khuluq/ros2_ws/install/mavros_extras:/home/khuluq/ros2_ws/install/mavros:/home/khuluq/ros2_ws/install/mavros_msgs:/home/khuluq/ros2_ws/install/libmavconn:/home/khuluq/tello_ros_ws/install/tello_gazebo:/home/khuluq/tello_ros_ws/install/tello_driver:/home/khuluq/tello_ros_ws/install/tello_msgs:/home/khuluq/tello_ros_ws/install/tello_description:/home/khuluq/tello_ros_ws/install/ros2_shared:/home/khuluq/drone_delivery_ws/install/delivery:/opt/ros/foxy LD_LIBRARY_PATH=/home/khuluq/hayago_ws/install/px4_msgs/lib:/home/khuluq/ros2_ws/install/mavros_extras/lib:/home/khuluq/ros2_ws/install/mavros/lib:/home/khuluq/ros2_ws/install/mavros_msgs/lib:/home/khuluq/ros2_ws/install/libmavconn/lib:/home/khuluq/tello_ros_ws/install/tello_gazebo/lib:/home/khuluq/tello_ros_ws/install/tello_driver/lib:/home/khuluq/tello_ros_ws/install/tello_msgs/lib:/usr/lib/x86_64-linux-gnu/gazebo-11/plugins:/opt/ros/foxy/opt/yaml_cpp_vendor/lib:/opt/ros/foxy/opt/rviz_ogre_vendor/lib:/opt/ros/foxy/lib/x86_64-linux-gnu:/opt/ros/foxy/lib:/usr/lib/x86_64-linux-gnu/gazebo-11/plugins PYTHONPATH=/home/khuluq/hayago_ws/install/px4_msgs/lib/python3.8/site-packages:${PYTHONPATH} /usr/bin/cmake --install /home/khuluq/hayago_ws/build/px4_ros_com
