Performing C SOURCE FILE Test CMAKE_HAVE_LIBC_PTHREAD failed with the following output:
Change Dir: /home/khuluq/hayago_ws/build/drone_control/CMakeFiles/CMakeTmp

Run Build Command(s):/usr/bin/make cmTC_d84f7/fast && /usr/bin/make -f CMakeFiles/cmTC_d84f7.dir/build.make CMakeFiles/cmTC_d84f7.dir/build
make[1]: Entering directory '/home/khuluq/hayago_ws/build/drone_control/CMakeFiles/CMakeTmp'
Building C object CMakeFiles/cmTC_d84f7.dir/src.c.o
/usr/lib/ccache/cc   -DCMAKE_HAVE_LIBC_PTHREAD   -o CMakeFiles/cmTC_d84f7.dir/src.c.o   -c /home/khuluq/hayago_ws/build/drone_control/CMakeFiles/CMakeTmp/src.c
Linking C executable cmTC_d84f7
/usr/bin/cmake -E cmake_link_script CMakeFiles/cmTC_d84f7.dir/link.txt --verbose=1
/usr/lib/ccache/cc  -DCMAKE_HAVE_LIBC_PTHREAD    CMakeFiles/cmTC_d84f7.dir/src.c.o  -o cmTC_d84f7 
/usr/bin/ld: CMakeFiles/cmTC_d84f7.dir/src.c.o: in function `main':
src.c:(.text+0x46): undefined reference to `pthread_create'
/usr/bin/ld: src.c:(.text+0x52): undefined reference to `pthread_detach'
/usr/bin/ld: src.c:(.text+0x63): undefined reference to `pthread_join'
collect2: error: ld returned 1 exit status
make[1]: *** [CMakeFiles/cmTC_d84f7.dir/build.make:87: cmTC_d84f7] Error 1
make[1]: Leaving directory '/home/khuluq/hayago_ws/build/drone_control/CMakeFiles/CMakeTmp'
make: *** [Makefile:121: cmTC_d84f7/fast] Error 2


Source file was:
#include <pthread.h>

void* test_func(void* data)
{
  return data;
}

int main(void)
{
  pthread_t thread;
  pthread_create(&thread, NULL, test_func, NULL);
  pthread_detach(thread);
  pthread_join(thread, NULL);
  pthread_atfork(NULL, NULL, NULL);
  pthread_exit(NULL);

  return 0;
}

Determining if the function pthread_create exists in the pthreads failed with the following output:
Change Dir: /home/khuluq/hayago_ws/build/drone_control/CMakeFiles/CMakeTmp

Run Build Command(s):/usr/bin/make cmTC_52643/fast && /usr/bin/make -f CMakeFiles/cmTC_52643.dir/build.make CMakeFiles/cmTC_52643.dir/build
make[1]: Entering directory '/home/khuluq/hayago_ws/build/drone_control/CMakeFiles/CMakeTmp'
Building C object CMakeFiles/cmTC_52643.dir/CheckFunctionExists.c.o
/usr/lib/ccache/cc   -DCHECK_FUNCTION_EXISTS=pthread_create   -o CMakeFiles/cmTC_52643.dir/CheckFunctionExists.c.o   -c /usr/share/cmake-3.16/Modules/CheckFunctionExists.c
Linking C executable cmTC_52643
/usr/bin/cmake -E cmake_link_script CMakeFiles/cmTC_52643.dir/link.txt --verbose=1
/usr/lib/ccache/cc  -DCHECK_FUNCTION_EXISTS=pthread_create    CMakeFiles/cmTC_52643.dir/CheckFunctionExists.c.o  -o cmTC_52643  -lpthreads 
/usr/bin/ld: cannot find -lpthreads
collect2: error: ld returned 1 exit status
make[1]: *** [CMakeFiles/cmTC_52643.dir/build.make:87: cmTC_52643] Error 1
make[1]: Leaving directory '/home/khuluq/hayago_ws/build/drone_control/CMakeFiles/CMakeTmp'
make: *** [Makefile:121: cmTC_52643/fast] Error 2



Performing C SOURCE FILE Test CMAKE_HAVE_LIBC_PTHREAD failed with the following output:
Change Dir: /home/khuluq/hayago_ws/build/drone_control/CMakeFiles/CMakeTmp

Run Build Command(s):/usr/bin/make cmTC_c4a6b/fast && /usr/bin/make -f CMakeFiles/cmTC_c4a6b.dir/build.make CMakeFiles/cmTC_c4a6b.dir/build
make[1]: Entering directory '/home/khuluq/hayago_ws/build/drone_control/CMakeFiles/CMakeTmp'
Building C object CMakeFiles/cmTC_c4a6b.dir/src.c.o
/usr/lib/ccache/cc   -DCMAKE_HAVE_LIBC_PTHREAD   -o CMakeFiles/cmTC_c4a6b.dir/src.c.o   -c /home/khuluq/hayago_ws/build/drone_control/CMakeFiles/CMakeTmp/src.c
Linking C executable cmTC_c4a6b
/usr/bin/cmake -E cmake_link_script CMakeFiles/cmTC_c4a6b.dir/link.txt --verbose=1
/usr/lib/ccache/cc  -DCMAKE_HAVE_LIBC_PTHREAD    CMakeFiles/cmTC_c4a6b.dir/src.c.o  -o cmTC_c4a6b 
/usr/bin/ld: CMakeFiles/cmTC_c4a6b.dir/src.c.o: in function `main':
src.c:(.text+0x46): undefined reference to `pthread_create'
/usr/bin/ld: src.c:(.text+0x52): undefined reference to `pthread_detach'
/usr/bin/ld: src.c:(.text+0x63): undefined reference to `pthread_join'
collect2: error: ld returned 1 exit status
make[1]: *** [CMakeFiles/cmTC_c4a6b.dir/build.make:87: cmTC_c4a6b] Error 1
make[1]: Leaving directory '/home/khuluq/hayago_ws/build/drone_control/CMakeFiles/CMakeTmp'
make: *** [Makefile:121: cmTC_c4a6b/fast] Error 2


Source file was:
#include <pthread.h>

void* test_func(void* data)
{
  return data;
}

int main(void)
{
  pthread_t thread;
  pthread_create(&thread, NULL, test_func, NULL);
  pthread_detach(thread);
  pthread_join(thread, NULL);
  pthread_atfork(NULL, NULL, NULL);
  pthread_exit(NULL);

  return 0;
}

Determining if the function pthread_create exists in the pthreads failed with the following output:
Change Dir: /home/khuluq/hayago_ws/build/drone_control/CMakeFiles/CMakeTmp

Run Build Command(s):/usr/bin/make cmTC_6201e/fast && /usr/bin/make -f CMakeFiles/cmTC_6201e.dir/build.make CMakeFiles/cmTC_6201e.dir/build
make[1]: Entering directory '/home/khuluq/hayago_ws/build/drone_control/CMakeFiles/CMakeTmp'
Building C object CMakeFiles/cmTC_6201e.dir/CheckFunctionExists.c.o
/usr/lib/ccache/cc   -DCHECK_FUNCTION_EXISTS=pthread_create   -o CMakeFiles/cmTC_6201e.dir/CheckFunctionExists.c.o   -c /usr/share/cmake-3.16/Modules/CheckFunctionExists.c
Linking C executable cmTC_6201e
/usr/bin/cmake -E cmake_link_script CMakeFiles/cmTC_6201e.dir/link.txt --verbose=1
/usr/lib/ccache/cc  -DCHECK_FUNCTION_EXISTS=pthread_create    CMakeFiles/cmTC_6201e.dir/CheckFunctionExists.c.o  -o cmTC_6201e  -lpthreads 
/usr/bin/ld: cannot find -lpthreads
collect2: error: ld returned 1 exit status
make[1]: *** [CMakeFiles/cmTC_6201e.dir/build.make:87: cmTC_6201e] Error 1
make[1]: Leaving directory '/home/khuluq/hayago_ws/build/drone_control/CMakeFiles/CMakeTmp'
make: *** [Makefile:121: cmTC_6201e/fast] Error 2



Performing C SOURCE FILE Test CMAKE_HAVE_LIBC_PTHREAD failed with the following output:
Change Dir: /home/khuluq/hayago_ws/build/drone_control/CMakeFiles/CMakeTmp

Run Build Command(s):/usr/bin/make cmTC_335de/fast && /usr/bin/make -f CMakeFiles/cmTC_335de.dir/build.make CMakeFiles/cmTC_335de.dir/build
make[1]: Entering directory '/home/khuluq/hayago_ws/build/drone_control/CMakeFiles/CMakeTmp'
Building C object CMakeFiles/cmTC_335de.dir/src.c.o
/usr/lib/ccache/cc   -DCMAKE_HAVE_LIBC_PTHREAD   -o CMakeFiles/cmTC_335de.dir/src.c.o   -c /home/khuluq/hayago_ws/build/drone_control/CMakeFiles/CMakeTmp/src.c
Linking C executable cmTC_335de
/usr/bin/cmake -E cmake_link_script CMakeFiles/cmTC_335de.dir/link.txt --verbose=1
/usr/lib/ccache/cc  -DCMAKE_HAVE_LIBC_PTHREAD    CMakeFiles/cmTC_335de.dir/src.c.o  -o cmTC_335de 
/usr/bin/ld: CMakeFiles/cmTC_335de.dir/src.c.o: in function `main':
src.c:(.text+0x46): undefined reference to `pthread_create'
/usr/bin/ld: src.c:(.text+0x52): undefined reference to `pthread_detach'
/usr/bin/ld: src.c:(.text+0x63): undefined reference to `pthread_join'
collect2: error: ld returned 1 exit status
make[1]: *** [CMakeFiles/cmTC_335de.dir/build.make:87: cmTC_335de] Error 1
make[1]: Leaving directory '/home/khuluq/hayago_ws/build/drone_control/CMakeFiles/CMakeTmp'
make: *** [Makefile:121: cmTC_335de/fast] Error 2


Source file was:
#include <pthread.h>

void* test_func(void* data)
{
  return data;
}

int main(void)
{
  pthread_t thread;
  pthread_create(&thread, NULL, test_func, NULL);
  pthread_detach(thread);
  pthread_join(thread, NULL);
  pthread_atfork(NULL, NULL, NULL);
  pthread_exit(NULL);

  return 0;
}

Determining if the function pthread_create exists in the pthreads failed with the following output:
Change Dir: /home/khuluq/hayago_ws/build/drone_control/CMakeFiles/CMakeTmp

Run Build Command(s):/usr/bin/make cmTC_43f69/fast && /usr/bin/make -f CMakeFiles/cmTC_43f69.dir/build.make CMakeFiles/cmTC_43f69.dir/build
make[1]: Entering directory '/home/khuluq/hayago_ws/build/drone_control/CMakeFiles/CMakeTmp'
Building C object CMakeFiles/cmTC_43f69.dir/CheckFunctionExists.c.o
/usr/lib/ccache/cc   -DCHECK_FUNCTION_EXISTS=pthread_create   -o CMakeFiles/cmTC_43f69.dir/CheckFunctionExists.c.o   -c /usr/share/cmake-3.16/Modules/CheckFunctionExists.c
Linking C executable cmTC_43f69
/usr/bin/cmake -E cmake_link_script CMakeFiles/cmTC_43f69.dir/link.txt --verbose=1
/usr/lib/ccache/cc  -DCHECK_FUNCTION_EXISTS=pthread_create    CMakeFiles/cmTC_43f69.dir/CheckFunctionExists.c.o  -o cmTC_43f69  -lpthreads 
/usr/bin/ld: cannot find -lpthreads
collect2: error: ld returned 1 exit status
make[1]: *** [CMakeFiles/cmTC_43f69.dir/build.make:87: cmTC_43f69] Error 1
make[1]: Leaving directory '/home/khuluq/hayago_ws/build/drone_control/CMakeFiles/CMakeTmp'
make: *** [Makefile:121: cmTC_43f69/fast] Error 2



Performing C SOURCE FILE Test CMAKE_HAVE_LIBC_PTHREAD failed with the following output:
Change Dir: /home/khuluq/hayago_ws/build/drone_control/CMakeFiles/CMakeTmp

Run Build Command(s):/usr/bin/make cmTC_9ed2a/fast && /usr/bin/make -f CMakeFiles/cmTC_9ed2a.dir/build.make CMakeFiles/cmTC_9ed2a.dir/build
make[1]: Entering directory '/home/khuluq/hayago_ws/build/drone_control/CMakeFiles/CMakeTmp'
Building C object CMakeFiles/cmTC_9ed2a.dir/src.c.o
/usr/lib/ccache/cc   -DCMAKE_HAVE_LIBC_PTHREAD   -o CMakeFiles/cmTC_9ed2a.dir/src.c.o   -c /home/khuluq/hayago_ws/build/drone_control/CMakeFiles/CMakeTmp/src.c
Linking C executable cmTC_9ed2a
/usr/bin/cmake -E cmake_link_script CMakeFiles/cmTC_9ed2a.dir/link.txt --verbose=1
/usr/lib/ccache/cc  -DCMAKE_HAVE_LIBC_PTHREAD    CMakeFiles/cmTC_9ed2a.dir/src.c.o  -o cmTC_9ed2a 
/usr/bin/ld: CMakeFiles/cmTC_9ed2a.dir/src.c.o: in function `main':
src.c:(.text+0x46): undefined reference to `pthread_create'
/usr/bin/ld: src.c:(.text+0x52): undefined reference to `pthread_detach'
/usr/bin/ld: src.c:(.text+0x63): undefined reference to `pthread_join'
collect2: error: ld returned 1 exit status
make[1]: *** [CMakeFiles/cmTC_9ed2a.dir/build.make:87: cmTC_9ed2a] Error 1
make[1]: Leaving directory '/home/khuluq/hayago_ws/build/drone_control/CMakeFiles/CMakeTmp'
make: *** [Makefile:121: cmTC_9ed2a/fast] Error 2


Source file was:
#include <pthread.h>

void* test_func(void* data)
{
  return data;
}

int main(void)
{
  pthread_t thread;
  pthread_create(&thread, NULL, test_func, NULL);
  pthread_detach(thread);
  pthread_join(thread, NULL);
  pthread_atfork(NULL, NULL, NULL);
  pthread_exit(NULL);

  return 0;
}

Determining if the function pthread_create exists in the pthreads failed with the following output:
Change Dir: /home/khuluq/hayago_ws/build/drone_control/CMakeFiles/CMakeTmp

Run Build Command(s):/usr/bin/make cmTC_3666e/fast && /usr/bin/make -f CMakeFiles/cmTC_3666e.dir/build.make CMakeFiles/cmTC_3666e.dir/build
make[1]: Entering directory '/home/khuluq/hayago_ws/build/drone_control/CMakeFiles/CMakeTmp'
Building C object CMakeFiles/cmTC_3666e.dir/CheckFunctionExists.c.o
/usr/lib/ccache/cc   -DCHECK_FUNCTION_EXISTS=pthread_create   -o CMakeFiles/cmTC_3666e.dir/CheckFunctionExists.c.o   -c /usr/share/cmake-3.16/Modules/CheckFunctionExists.c
Linking C executable cmTC_3666e
/usr/bin/cmake -E cmake_link_script CMakeFiles/cmTC_3666e.dir/link.txt --verbose=1
/usr/lib/ccache/cc  -DCHECK_FUNCTION_EXISTS=pthread_create    CMakeFiles/cmTC_3666e.dir/CheckFunctionExists.c.o  -o cmTC_3666e  -lpthreads 
/usr/bin/ld: cannot find -lpthreads
collect2: error: ld returned 1 exit status
make[1]: *** [CMakeFiles/cmTC_3666e.dir/build.make:87: cmTC_3666e] Error 1
make[1]: Leaving directory '/home/khuluq/hayago_ws/build/drone_control/CMakeFiles/CMakeTmp'
make: *** [Makefile:121: cmTC_3666e/fast] Error 2



