[0.070s] Invoking command in '/home/khuluq/hayago_ws/build/drone_control': /usr/bin/cmake /home/khuluq/hayago_ws/src/drone_control -DCMAKE_INSTALL_PREFIX=/home/khuluq/hayago_ws/install/drone_control
[0.330s] -- The C compiler identification is GNU 9.4.0
[0.484s] -- The CXX compiler identification is GNU 9.4.0
[0.501s] -- Check for working C compiler: /usr/lib/ccache/cc
[0.727s] -- Check for working C compiler: /usr/lib/ccache/cc -- works
[0.730s] -- Detecting C compiler ABI info
[1.108s] -- Detecting C compiler ABI info - done
[1.131s] -- Detecting C compile features
[1.132s] -- Detecting C compile features - done
[1.193s] -- Check for working CXX compiler: /usr/lib/ccache/c++
[1.428s] -- Check for working CXX compiler: /usr/lib/ccache/c++ -- works
[1.433s] -- Detecting CXX compiler ABI info
[1.690s] -- Detecting CXX compiler ABI info - done
[1.720s] -- Detecting CXX compile features
[1.722s] -- Detecting CXX compile features - done
[1.729s] -- Found ament_cmake: 0.9.11 (/opt/ros/foxy/share/ament_cmake/cmake)
[1.798s] -- Found PythonInterp: /usr/bin/python3 (found suitable version "3.8.10", minimum required is "3") 
[1.798s] -- Using PYTHON_EXECUTABLE: /usr/bin/python3
[2.625s] -- Found rclcpp: 2.4.2 (/opt/ros/foxy/share/rclcpp/cmake)
[2.806s] -- Using all available rosidl_typesupport_c: rosidl_typesupport_fastrtps_c;rosidl_typesupport_introspection_c
[2.837s] -- Found rosidl_adapter: 1.3.0 (/opt/ros/foxy/share/rosidl_adapter/cmake)
[3.219s] -- Found OpenSSL: /usr/lib/x86_64-linux-gnu/libcrypto.so (found version "1.1.1f")  
[3.342s] -- Found FastRTPS: /opt/ros/foxy/include  
[3.593s] -- Using all available rosidl_typesupport_cpp: rosidl_typesupport_fastrtps_cpp;rosidl_typesupport_introspection_cpp
[3.749s] -- Found rmw_implementation_cmake: 1.0.4 (/opt/ros/foxy/share/rmw_implementation_cmake/cmake)
[3.753s] -- Using RMW implementation 'rmw_fastrtps_cpp' as default
[3.756s] -- Looking for pthread.h
[4.043s] -- Looking for pthread.h - found
[4.044s] -- Performing Test CMAKE_HAVE_LIBC_PTHREAD
[4.328s] -- Performing Test CMAKE_HAVE_LIBC_PTHREAD - Failed
[4.328s] -- Looking for pthread_create in pthreads
[4.502s] -- Looking for pthread_create in pthreads - not found
[4.502s] -- Looking for pthread_create in pthread
[4.653s] -- Looking for pthread_create in pthread - found
[4.660s] -- Found Threads: TRUE  
[5.047s] -- Found sensor_msgs: 2.0.5 (/opt/ros/foxy/share/sensor_msgs/cmake)
[5.396s] -- Found mavros_msgs: 2.4.0 (/home/khuluq/ros2_ws/install/mavros_msgs/share/mavros_msgs/cmake)
[6.402s] -- Found ament_lint_auto: 0.9.8 (/opt/ros/foxy/share/ament_lint_auto/cmake)
[6.534s] Error parsing '/home/khuluq/hayago_ws/src/drone_control/package.xml':
[6.835s] /home/khuluq/.local/lib/python3.8/site-packages/requests/__init__.py:78: RequestsDependencyWarning: urllib3 (2.0.3) or chardet (3.0.4) doesn't match a supported version!
[6.836s]   warnings.warn("urllib3 ({0}) or chardet ({1}) doesn't match a supported "
[6.837s] Traceback (most recent call last):
[6.837s]   File "/opt/ros/foxy/share/ament_cmake_core/cmake/core/package_xml_2_cmake.py", line 143, in <module>
[6.838s]     main()
[6.838s]   File "/opt/ros/foxy/share/ament_cmake_core/cmake/core/package_xml_2_cmake.py", line 52, in main
[6.838s]     raise e
[6.838s]   File "/opt/ros/foxy/share/ament_cmake_core/cmake/core/package_xml_2_cmake.py", line 48, in main
[6.839s]     package = parse_package_string(
[6.839s]   File "/usr/lib/python3/dist-packages/catkin_pkg/package.py", line 788, in parse_package_string
[6.839s]     pkg.validate(warnings=warnings)
[6.839s]   File "/usr/lib/python3/dist-packages/catkin_pkg/package.py", line 330, in validate
[6.840s]     raise InvalidPackage('\n'.join(errors), self.filename)
[6.840s] catkin_pkg.package.InvalidPackage: Error(s) in package '/home/khuluq/hayago_ws/src/drone_control/package.xml':
[6.840s] Invalid email "=" for person "khuluq"
[6.911s] CMake Error at /opt/ros/foxy/share/ament_cmake_core/cmake/core/ament_package_xml.cmake:94 (message):
[6.912s]   execute_process(/usr/bin/python3
[6.912s]   /opt/ros/foxy/share/ament_cmake_core/cmake/core/package_xml_2_cmake.py
[6.912s]   /home/khuluq/hayago_ws/src/drone_control/package.xml
[6.913s]   /home/khuluq/hayago_ws/build/drone_control/ament_cmake_core/package.cmake)
[6.913s]   returned error code 1
[6.913s] Call Stack (most recent call first):
[6.913s]   /opt/ros/foxy/share/ament_cmake_core/cmake/core/ament_package_xml.cmake:49 (_ament_package_xml)
[6.914s]   /opt/ros/foxy/share/ament_lint_auto/cmake/ament_lint_auto_find_test_dependencies.cmake:31 (ament_package_xml)
[6.914s]   CMakeLists.txt:33 (ament_lint_auto_find_test_dependencies)
[6.914s] 
[6.914s] 
[6.917s] -- Configuring incomplete, errors occurred!
[6.918s] See also "/home/khuluq/hayago_ws/build/drone_control/CMakeFiles/CMakeOutput.log".
[6.919s] See also "/home/khuluq/hayago_ws/build/drone_control/CMakeFiles/CMakeError.log".
[6.940s] Invoked command in '/home/khuluq/hayago_ws/build/drone_control' returned '1': /usr/bin/cmake /home/khuluq/hayago_ws/src/drone_control -DCMAKE_INSTALL_PREFIX=/home/khuluq/hayago_ws/install/drone_control
