[2.043s] DEBUG:colcon:Command line arguments: ['/usr/bin/colcon', 'build']
[2.043s] DEBUG:colcon:Parsed command line arguments: Namespace(allow_overriding=[], ament_cmake_args=None, base_paths=['.'], build_base='build', catkin_cmake_args=None, catkin_skip_building_tests=False, cmake_args=None, cmake_clean_cache=False, cmake_clean_first=False, cmake_force_configure=False, cmake_target=None, cmake_target_skip_unavailable=False, continue_on_error=False, event_handlers=None, executor='parallel', ignore_user_meta=False, install_base='install', log_base=None, log_level=None, main=<bound method BuildVerb.main of <colcon_core.verb.build.BuildVerb object at 0x7f0623e83340>>, merge_install=False, metas=['./colcon.meta'], packages_above=None, packages_above_and_dependencies=None, packages_above_depth=None, packages_end=None, packages_ignore=None, packages_ignore_regex=None, packages_select=None, packages_select_build_failed=False, packages_select_by_dep=None, packages_select_regex=None, packages_select_test_failures=False, packages_skip=None, packages_skip_build_finished=False, packages_skip_by_dep=None, packages_skip_regex=None, packages_skip_test_passed=False, packages_skip_up_to=None, packages_start=None, packages_up_to=None, packages_up_to_regex=None, parallel_workers=4, paths=None, symlink_install=False, test_result_base=None, verb_extension=<colcon_core.verb.build.BuildVerb object at 0x7f0623e83340>, verb_name='build', verb_parser=<colcon_defaults.argument_parser.defaults.DefaultArgumentsDecorator object at 0x7f0623e83c40>)
[2.113s] Level 1:colcon.colcon_core.package_discovery:discover_packages(colcon_meta) check parameters
[2.114s] Level 1:colcon.colcon_core.package_discovery:discover_packages(recursive) check parameters
[2.114s] Level 1:colcon.colcon_core.package_discovery:discover_packages(ignore) check parameters
[2.114s] Level 1:colcon.colcon_core.package_discovery:discover_packages(path) check parameters
[2.114s] Level 1:colcon.colcon_core.package_discovery:discover_packages(colcon_meta) discover
[2.114s] Level 1:colcon.colcon_core.package_discovery:discover_packages(recursive) discover
[2.115s] INFO:colcon.colcon_core.package_discovery:Crawling recursively for packages in '/home/khuluq/hayago_ws'
[2.115s] Level 1:colcon.colcon_core.package_identification:_identify(.) by extensions ['ignore', 'ignore_ament_install']
[2.115s] Level 1:colcon.colcon_core.package_identification:_identify(.) by extension 'ignore'
[2.115s] Level 1:colcon.colcon_core.package_identification:_identify(.) by extension 'ignore_ament_install'
[2.116s] Level 1:colcon.colcon_core.package_identification:_identify(.) by extensions ['colcon_pkg']
[2.116s] Level 1:colcon.colcon_core.package_identification:_identify(.) by extension 'colcon_pkg'
[2.116s] Level 1:colcon.colcon_core.package_identification:_identify(.) by extensions ['colcon_meta']
[2.116s] Level 1:colcon.colcon_core.package_identification:_identify(.) by extension 'colcon_meta'
[2.116s] Level 1:colcon.colcon_core.package_identification:_identify(.) by extensions ['ros']
[2.116s] Level 1:colcon.colcon_core.package_identification:_identify(.) by extension 'ros'
[2.166s] Level 1:colcon.colcon_core.package_identification:_identify(.) by extensions ['cmake', 'python']
[2.166s] Level 1:colcon.colcon_core.package_identification:_identify(.) by extension 'cmake'
[2.167s] Level 1:colcon.colcon_core.package_identification:_identify(.) by extension 'python'
[2.168s] Level 1:colcon.colcon_core.package_identification:_identify(.) by extensions ['python_setup_py']
[2.168s] Level 1:colcon.colcon_core.package_identification:_identify(.) by extension 'python_setup_py'
[2.169s] Level 1:colcon.colcon_core.package_identification:_identify(build) by extensions ['ignore', 'ignore_ament_install']
[2.169s] Level 1:colcon.colcon_core.package_identification:_identify(build) by extension 'ignore'
[2.170s] Level 1:colcon.colcon_core.package_identification:_identify(build) ignored
[2.170s] Level 1:colcon.colcon_core.package_identification:_identify(install) by extensions ['ignore', 'ignore_ament_install']
[2.170s] Level 1:colcon.colcon_core.package_identification:_identify(install) by extension 'ignore'
[2.170s] Level 1:colcon.colcon_core.package_identification:_identify(install) ignored
[2.171s] Level 1:colcon.colcon_core.package_identification:_identify(log) by extensions ['ignore', 'ignore_ament_install']
[2.171s] Level 1:colcon.colcon_core.package_identification:_identify(log) by extension 'ignore'
[2.171s] Level 1:colcon.colcon_core.package_identification:_identify(log) ignored
[2.172s] Level 1:colcon.colcon_core.package_identification:_identify(src) by extensions ['ignore', 'ignore_ament_install']
[2.173s] Level 1:colcon.colcon_core.package_identification:_identify(src) by extension 'ignore'
[2.173s] Level 1:colcon.colcon_core.package_identification:_identify(src) by extension 'ignore_ament_install'
[2.173s] Level 1:colcon.colcon_core.package_identification:_identify(src) by extensions ['colcon_pkg']
[2.173s] Level 1:colcon.colcon_core.package_identification:_identify(src) by extension 'colcon_pkg'
[2.173s] Level 1:colcon.colcon_core.package_identification:_identify(src) by extensions ['colcon_meta']
[2.173s] Level 1:colcon.colcon_core.package_identification:_identify(src) by extension 'colcon_meta'
[2.174s] Level 1:colcon.colcon_core.package_identification:_identify(src) by extensions ['ros']
[2.174s] Level 1:colcon.colcon_core.package_identification:_identify(src) by extension 'ros'
[2.174s] Level 1:colcon.colcon_core.package_identification:_identify(src) by extensions ['cmake', 'python']
[2.174s] Level 1:colcon.colcon_core.package_identification:_identify(src) by extension 'cmake'
[2.174s] Level 1:colcon.colcon_core.package_identification:_identify(src) by extension 'python'
[2.174s] Level 1:colcon.colcon_core.package_identification:_identify(src) by extensions ['python_setup_py']
[2.174s] Level 1:colcon.colcon_core.package_identification:_identify(src) by extension 'python_setup_py'
[2.175s] Level 1:colcon.colcon_core.package_identification:_identify(src/drone_control) by extensions ['ignore', 'ignore_ament_install']
[2.175s] Level 1:colcon.colcon_core.package_identification:_identify(src/drone_control) by extension 'ignore'
[2.175s] Level 1:colcon.colcon_core.package_identification:_identify(src/drone_control) by extension 'ignore_ament_install'
[2.175s] Level 1:colcon.colcon_core.package_identification:_identify(src/drone_control) by extensions ['colcon_pkg']
[2.175s] Level 1:colcon.colcon_core.package_identification:_identify(src/drone_control) by extension 'colcon_pkg'
[2.176s] Level 1:colcon.colcon_core.package_identification:_identify(src/drone_control) by extensions ['colcon_meta']
[2.176s] Level 1:colcon.colcon_core.package_identification:_identify(src/drone_control) by extension 'colcon_meta'
[2.176s] Level 1:colcon.colcon_core.package_identification:_identify(src/drone_control) by extensions ['ros']
[2.176s] Level 1:colcon.colcon_core.package_identification:_identify(src/drone_control) by extension 'ros'
[2.184s] DEBUG:colcon.colcon_core.package_identification:Package 'src/drone_control' with type 'ros.ament_cmake' and name 'drone_control'
[2.184s] Level 1:colcon.colcon_core.package_discovery:discover_packages(recursive) using defaults
[2.185s] Level 1:colcon.colcon_core.package_discovery:discover_packages(ignore) discover
[2.185s] Level 1:colcon.colcon_core.package_discovery:discover_packages(ignore) using defaults
[2.185s] Level 1:colcon.colcon_core.package_discovery:discover_packages(path) discover
[2.185s] Level 1:colcon.colcon_core.package_discovery:discover_packages(path) using defaults
[2.264s] Level 1:colcon.colcon_core.package_discovery:discover_packages(prefix_path) check parameters
[2.264s] Level 1:colcon.colcon_core.package_discovery:discover_packages(prefix_path) discover
[2.272s] DEBUG:colcon.colcon_installed_package_information.package_discovery:Found 1 installed packages in /home/khuluq/drone_delivery_ws/install
[2.276s] DEBUG:colcon.colcon_installed_package_information.package_discovery:Found 5 installed packages in /home/khuluq/ros2_ws/install
[2.280s] DEBUG:colcon.colcon_installed_package_information.package_discovery:Found 6 installed packages in /home/khuluq/tello_ros_ws/install
[2.292s] DEBUG:colcon.colcon_installed_package_information.package_discovery:Found 296 installed packages in /opt/ros/foxy
[2.298s] Level 1:colcon.colcon_core.package_discovery:discover_packages(prefix_path) using defaults
[2.498s] Level 5:colcon.colcon_core.verb:set package 'drone_control' build argument 'cmake_args' from command line to 'None'
[2.498s] Level 5:colcon.colcon_core.verb:set package 'drone_control' build argument 'cmake_target' from command line to 'None'
[2.498s] Level 5:colcon.colcon_core.verb:set package 'drone_control' build argument 'cmake_target_skip_unavailable' from command line to 'False'
[2.498s] Level 5:colcon.colcon_core.verb:set package 'drone_control' build argument 'cmake_clean_cache' from command line to 'False'
[2.499s] Level 5:colcon.colcon_core.verb:set package 'drone_control' build argument 'cmake_clean_first' from command line to 'False'
[2.499s] Level 5:colcon.colcon_core.verb:set package 'drone_control' build argument 'cmake_force_configure' from command line to 'False'
[2.499s] Level 5:colcon.colcon_core.verb:set package 'drone_control' build argument 'ament_cmake_args' from command line to 'None'
[2.499s] Level 5:colcon.colcon_core.verb:set package 'drone_control' build argument 'catkin_cmake_args' from command line to 'None'
[2.499s] Level 5:colcon.colcon_core.verb:set package 'drone_control' build argument 'catkin_skip_building_tests' from command line to 'False'
[2.499s] DEBUG:colcon.colcon_core.verb:Building package 'drone_control' with the following arguments: {'ament_cmake_args': None, 'build_base': '/home/khuluq/hayago_ws/build/drone_control', 'catkin_cmake_args': None, 'catkin_skip_building_tests': False, 'cmake_args': None, 'cmake_clean_cache': False, 'cmake_clean_first': False, 'cmake_force_configure': False, 'cmake_target': None, 'cmake_target_skip_unavailable': False, 'install_base': '/home/khuluq/hayago_ws/install/drone_control', 'merge_install': False, 'path': '/home/khuluq/hayago_ws/src/drone_control', 'symlink_install': False, 'test_result_base': None}
[2.501s] INFO:colcon.colcon_core.executor:Executing jobs using 'parallel' executor
[2.511s] DEBUG:colcon.colcon_parallel_executor.executor.parallel:run_until_complete
[2.512s] INFO:colcon.colcon_ros.task.ament_cmake.build:Building ROS package in '/home/khuluq/hayago_ws/src/drone_control' with build type 'ament_cmake'
[2.512s] INFO:colcon.colcon_cmake.task.cmake.build:Building CMake package in '/home/khuluq/hayago_ws/src/drone_control'
[2.521s] INFO:colcon.colcon_core.plugin_system:Skipping extension 'colcon_core.shell.bat': Not used on non-Windows systems
[2.521s] INFO:colcon.colcon_core.shell:Skip shell extension 'powershell' for command environment: Not usable outside of PowerShell
[2.521s] DEBUG:colcon.colcon_core.shell:Skip shell extension 'dsv' for command environment
[2.561s] DEBUG:colcon.colcon_core.event_handler.log_command:Invoking command in '/home/khuluq/hayago_ws/build/drone_control': CMAKE_PREFIX_PATH=${CMAKE_PREFIX_PATH}:/home/khuluq/drone_delivery_ws/install/delivery:/opt/ros/foxy /usr/bin/cmake /home/khuluq/hayago_ws/src/drone_control -DCMAKE_INSTALL_PREFIX=/home/khuluq/hayago_ws/install/drone_control
[5.926s] DEBUG:colcon.colcon_core.event_handler.log_command:Invoked command in '/home/khuluq/hayago_ws/build/drone_control' returned '0': CMAKE_PREFIX_PATH=${CMAKE_PREFIX_PATH}:/home/khuluq/drone_delivery_ws/install/delivery:/opt/ros/foxy /usr/bin/cmake /home/khuluq/hayago_ws/src/drone_control -DCMAKE_INSTALL_PREFIX=/home/khuluq/hayago_ws/install/drone_control
[5.936s] DEBUG:colcon.colcon_core.event_handler.log_command:Invoking command in '/home/khuluq/hayago_ws/build/drone_control': CMAKE_PREFIX_PATH=${CMAKE_PREFIX_PATH}:/home/khuluq/drone_delivery_ws/install/delivery:/opt/ros/foxy /usr/bin/cmake --build /home/khuluq/hayago_ws/build/drone_control -- -j4 -l4
[6.053s] DEBUG:colcon.colcon_core.event_handler.log_command:Invoked command in '/home/khuluq/hayago_ws/build/drone_control' returned '0': CMAKE_PREFIX_PATH=${CMAKE_PREFIX_PATH}:/home/khuluq/drone_delivery_ws/install/delivery:/opt/ros/foxy /usr/bin/cmake --build /home/khuluq/hayago_ws/build/drone_control -- -j4 -l4
[6.170s] DEBUG:colcon.colcon_core.event_handler.log_command:Invoking command in '/home/khuluq/hayago_ws/build/drone_control': CMAKE_PREFIX_PATH=${CMAKE_PREFIX_PATH}:/home/khuluq/drone_delivery_ws/install/delivery:/opt/ros/foxy /usr/bin/cmake --install /home/khuluq/hayago_ws/build/drone_control
[6.205s] Level 1:colcon.colcon_core.environment:create_environment_scripts_only(drone_control)
[6.214s] DEBUG:colcon.colcon_core.event_handler.log_command:Invoked command in '/home/khuluq/hayago_ws/build/drone_control' returned '0': CMAKE_PREFIX_PATH=${CMAKE_PREFIX_PATH}:/home/khuluq/drone_delivery_ws/install/delivery:/opt/ros/foxy /usr/bin/cmake --install /home/khuluq/hayago_ws/build/drone_control
[6.243s] Level 1:colcon.colcon_core.environment:checking '/home/khuluq/hayago_ws/install/drone_control' for CMake module files
[6.245s] Level 1:colcon.colcon_core.environment:checking '/home/khuluq/hayago_ws/install/drone_control' for CMake config files
[6.245s] Level 1:colcon.colcon_core.shell:create_environment_hook('drone_control', 'cmake_prefix_path')
[6.251s] INFO:colcon.colcon_core.shell:Creating environment hook '/home/khuluq/hayago_ws/install/drone_control/share/drone_control/hook/cmake_prefix_path.ps1'
[6.254s] INFO:colcon.colcon_core.shell:Creating environment descriptor '/home/khuluq/hayago_ws/install/drone_control/share/drone_control/hook/cmake_prefix_path.dsv'
[6.255s] INFO:colcon.colcon_core.shell:Creating environment hook '/home/khuluq/hayago_ws/install/drone_control/share/drone_control/hook/cmake_prefix_path.sh'
[6.258s] Level 1:colcon.colcon_core.environment:checking '/home/khuluq/hayago_ws/install/drone_control/bin'
[6.258s] Level 1:colcon.colcon_core.environment:checking '/home/khuluq/hayago_ws/install/drone_control/lib/pkgconfig/drone_control.pc'
[6.259s] Level 1:colcon.colcon_core.environment:checking '/home/khuluq/hayago_ws/install/drone_control/lib/python3.8/site-packages'
[6.259s] Level 1:colcon.colcon_core.environment:checking '/home/khuluq/hayago_ws/install/drone_control/bin'
[6.264s] INFO:colcon.colcon_core.shell:Creating package script '/home/khuluq/hayago_ws/install/drone_control/share/drone_control/package.ps1'
[6.266s] INFO:colcon.colcon_core.shell:Creating package descriptor '/home/khuluq/hayago_ws/install/drone_control/share/drone_control/package.dsv'
[6.268s] INFO:colcon.colcon_core.shell:Creating package script '/home/khuluq/hayago_ws/install/drone_control/share/drone_control/package.sh'
[6.272s] INFO:colcon.colcon_core.shell:Creating package script '/home/khuluq/hayago_ws/install/drone_control/share/drone_control/package.bash'
[6.276s] INFO:colcon.colcon_core.shell:Creating package script '/home/khuluq/hayago_ws/install/drone_control/share/drone_control/package.zsh'
[6.280s] Level 1:colcon.colcon_core.environment:create_file_with_runtime_dependencies(/home/khuluq/hayago_ws/install/drone_control/share/colcon-core/packages/drone_control)
[6.342s] Level 1:colcon.colcon_core.environment:create_environment_scripts_only(drone_control)
[6.346s] Level 1:colcon.colcon_core.environment:checking '/home/khuluq/hayago_ws/install/drone_control' for CMake module files
[6.348s] Level 1:colcon.colcon_core.environment:checking '/home/khuluq/hayago_ws/install/drone_control' for CMake config files
[6.349s] Level 1:colcon.colcon_core.shell:create_environment_hook('drone_control', 'cmake_prefix_path')
[6.352s] INFO:colcon.colcon_core.shell:Creating environment hook '/home/khuluq/hayago_ws/install/drone_control/share/drone_control/hook/cmake_prefix_path.ps1'
[6.353s] INFO:colcon.colcon_core.shell:Creating environment descriptor '/home/khuluq/hayago_ws/install/drone_control/share/drone_control/hook/cmake_prefix_path.dsv'
[6.354s] INFO:colcon.colcon_core.shell:Creating environment hook '/home/khuluq/hayago_ws/install/drone_control/share/drone_control/hook/cmake_prefix_path.sh'
[6.356s] Level 1:colcon.colcon_core.environment:checking '/home/khuluq/hayago_ws/install/drone_control/bin'
[6.356s] Level 1:colcon.colcon_core.environment:checking '/home/khuluq/hayago_ws/install/drone_control/lib/pkgconfig/drone_control.pc'
[6.357s] Level 1:colcon.colcon_core.environment:checking '/home/khuluq/hayago_ws/install/drone_control/lib/python3.8/site-packages'
[6.357s] Level 1:colcon.colcon_core.environment:checking '/home/khuluq/hayago_ws/install/drone_control/bin'
[6.364s] INFO:colcon.colcon_core.shell:Creating package script '/home/khuluq/hayago_ws/install/drone_control/share/drone_control/package.ps1'
[6.366s] INFO:colcon.colcon_core.shell:Creating package descriptor '/home/khuluq/hayago_ws/install/drone_control/share/drone_control/package.dsv'
[6.367s] INFO:colcon.colcon_core.shell:Creating package script '/home/khuluq/hayago_ws/install/drone_control/share/drone_control/package.sh'
[6.368s] INFO:colcon.colcon_core.shell:Creating package script '/home/khuluq/hayago_ws/install/drone_control/share/drone_control/package.bash'
[6.369s] INFO:colcon.colcon_core.shell:Creating package script '/home/khuluq/hayago_ws/install/drone_control/share/drone_control/package.zsh'
[6.370s] Level 1:colcon.colcon_core.environment:create_file_with_runtime_dependencies(/home/khuluq/hayago_ws/install/drone_control/share/colcon-core/packages/drone_control)
[6.370s] DEBUG:colcon.colcon_parallel_executor.executor.parallel:closing loop
[6.371s] DEBUG:colcon.colcon_parallel_executor.executor.parallel:loop closed
[6.371s] DEBUG:colcon.colcon_parallel_executor.executor.parallel:run_until_complete finished with '0'
[6.372s] DEBUG:colcon.colcon_core.event_reactor:joining thread
[6.386s] INFO:colcon.colcon_core.plugin_system:Skipping extension 'colcon_notification.desktop_notification.terminal_notifier': Not used on non-Darwin systems
[6.387s] INFO:colcon.colcon_core.plugin_system:Skipping extension 'colcon_notification.desktop_notification.win32': Not used on non-Windows systems
[6.387s] INFO:colcon.colcon_notification.desktop_notification:Sending desktop notification using 'notify2'
[6.424s] DEBUG:colcon.colcon_core.event_reactor:joined thread
[6.427s] INFO:colcon.colcon_core.shell:Creating prefix script '/home/khuluq/hayago_ws/install/local_setup.ps1'
[6.429s] INFO:colcon.colcon_core.shell:Creating prefix util module '/home/khuluq/hayago_ws/install/_local_setup_util_ps1.py'
[6.432s] INFO:colcon.colcon_core.shell:Creating prefix chain script '/home/khuluq/hayago_ws/install/setup.ps1'
[6.440s] INFO:colcon.colcon_core.shell:Creating prefix script '/home/khuluq/hayago_ws/install/local_setup.sh'
[6.442s] INFO:colcon.colcon_core.shell:Creating prefix util module '/home/khuluq/hayago_ws/install/_local_setup_util_sh.py'
[6.443s] INFO:colcon.colcon_core.shell:Creating prefix chain script '/home/khuluq/hayago_ws/install/setup.sh'
[6.446s] INFO:colcon.colcon_core.shell:Creating prefix script '/home/khuluq/hayago_ws/install/local_setup.bash'
[6.447s] INFO:colcon.colcon_core.shell:Creating prefix chain script '/home/khuluq/hayago_ws/install/setup.bash'
[6.453s] INFO:colcon.colcon_core.shell:Creating prefix script '/home/khuluq/hayago_ws/install/local_setup.zsh'
[6.454s] INFO:colcon.colcon_core.shell:Creating prefix chain script '/home/khuluq/hayago_ws/install/setup.zsh'
